{"meta": {"format": 3, "version": "7.14.3", "timestamp": "2026-06-30T23:23:48.827367", "branch_coverage": false, "show_contexts": false}, "files": {"app\\__init__.py": {"executed_lines": [5, 6, 9, 11, 12, 13, 22, 23, 24, 27, 28, 29, 30, 31, 32, 33, 34, 36], "summary": {"covered_lines": 18, "num_statements": 22, "percent_covered": 81.81818181818181, "percent_covered_display": "81.8", "missing_lines": 4, "excluded_lines": 0, "percent_statements_covered": 81.81818181818181, "percent_statements_covered_display": "81.8"}, "missing_lines": [14, 15, 16, 18], "excluded_lines": [], "functions": {"_safe_import": {"executed_lines": [11, 12, 13], "summary": {"covered_lines": 3, "num_statements": 7, "percent_covered": 42.857142857142854, "percent_covered_display": "42.9", "missing_lines": 4, "excluded_lines": 0, "percent_statements_covered": 42.857142857142854, "percent_statements_covered_display": "42.9"}, "missing_lines": [14, 15, 16, 18], "excluded_lines": [], "start_line": 9}, "": {"executed_lines": [5, 6, 9, 22, 23, 24, 27, 28, 29, 30, 31, 32, 33, 34, 36], "summary": {"covered_lines": 15, "num_statements": 15, "percent_covered": 100.0, "percent_covered_display": "100.0", "missing_lines": 0, "excluded_lines": 0, "percent_statements_covered": 100.0, "percent_statements_covered_display": "100.0"}, "missing_lines": [], "excluded_lines": [], "start_line": 1}}, "classes": {"": {"executed_lines": [5, 6, 9, 11, 12, 13, 22, 23, 24, 27, 28, 29, 30, 31, 32, 33, 34, 36], "summary": {"covered_lines": 18, "num_statements": 22, "percent_covered": 81.81818181818181, "percent_covered_display": "81.8", "missing_lines": 4, "excluded_lines": 0, "percent_statements_covered": 81.81818181818181, "percent_statements_covered_display": "81.8"}, "missing_lines": [14, 15, 16, 18], "excluded_lines": [], "start_line": 1}}}, "app\\agent_orchestrator.py": {"executed_lines": [5, 6, 7, 8, 9, 11, 14, 17, 18, 19, 20, 21, 23, 25, 26, 28, 30, 31, 35, 37, 38, 40, 41, 44, 46, 47, 48, 49, 50, 51, 52, 53, 55, 57, 59, 60, 61, 67, 69, 72, 75, 76, 85, 86, 88, 89, 90, 92, 93, 94, 95, 97, 98, 99, 100, 102, 104, 105, 106, 107, 109, 111, 112, 113, 114, 117, 120, 121, 125, 127, 128, 130], "summary": {"covered_lines": 72, "num_statements": 74, "percent_covered": 97.29729729729729, "percent_covered_display": "97.3", "missing_lines": 2, "excluded_lines": 0, "percent_statements_covered": 97.29729729729729, "percent_statements_covered_display": "97.3"}, "missing_lines": [32, 33], "excluded_lines": [], "functions": {"AgentOrchestrator.__init__": {"executed_lines": [18, 19, 20, 21], "summary": {"covered_lines": 4, "num_statements": 4, "percent_covered": 100.0, "percent_covered_display": "100.0", "missing_lines": 0, "excluded_lines": 0, "percent_statements_covered": 100.0, "percent_statements_covered_display": "100.0"}, "missing_lines": [], "excluded_lines": [], "start_line": 17}, "AgentOrchestrator.shutdown": {"executed_lines": [25, 26], "summary": {"covered_lines": 2, "num_statements": 2, "percent_covered": 100.0, "percent_covered_display": "100.0", "missing_lines": 0, "excluded_lines": 0, "percent_statements_covered": 100.0, "percent_statements_covered_display": "100.0"}, "missing_lines": [], "excluded_lines": [], "start_line": 23}, "AgentOrchestrator.__del__": {"executed_lines": [30, 31], "summary": {"covered_lines": 2, "num_statements": 4, "percent_covered": 50.0, "percent_covered_display": "50.0", "missing_lines": 2, "excluded_lines": 0, "percent_statements_covered": 50.0, "percent_statements_covered_display": "50.0"}, "missing_lines": [32, 33], "excluded_lines": [], "start_line": 28}, "AgentOrchestrator.run_parallel": {"executed_lines": [37, 38, 40, 41, 44, 46, 47, 48, 49, 50, 51, 52, 53, 55], "summary": {"covered_lines": 14, "num_statements": 14, "percent_covered": 100.0, "percent_covered_display": "100.0", "missing_lines": 0, "excluded_lines": 0, "percent_statements_covered": 100.0, "percent_statements_covered_display": "100.0"}, "missing_lines": [], "excluded_lines": [], "start_line": 35}, "AgentOrchestrator._execute_task": {"executed_lines": [59, 60, 61], "summary": {"covered_lines": 3, "num_statements": 3, "percent_covered": 100.0, "percent_covered_display": "100.0", "missing_lines": 0, "excluded_lines": 0, "percent_statements_covered": 100.0, "percent_statements_covered_display": "100.0"}, "missing_lines": [], "excluded_lines": [], "start_line": 57}, "AgentOrchestrator.get_metrics": {"executed_lines": [69], "summary": {"covered_lines": 1, "num_statements": 1, "percent_covered": 100.0, "percent_covered_display": "100.0", "missing_lines": 0, "excluded_lines": 0, "percent_statements_covered": 100.0, "percent_statements_covered_display": "100.0"}, "missing_lines": [], "excluded_lines": [], "start_line": 67}, "ContextOptimizer.optimize": {"executed_lines": [88, 89, 90, 92, 93, 94, 95, 97, 98, 99, 100, 102], "summary": {"covered_lines": 12, "num_statements": 12, "percent_covered": 100.0, "percent_covered_display": "100.0", "missing_lines": 0, "excluded_lines": 0, "percent_statements_covered": 100.0, "percent_statements_covered_display": "100.0"}, "missing_lines": [], "excluded_lines": [], "start_line": 86}, "ContextOptimizer._truncate": {"executed_lines": [106, 107, 109, 111, 112, 113, 114], "summary": {"covered_lines": 7, "num_statements": 7, "percent_covered": 100.0, "percent_covered_display": "100.0", "missing_lines": 0, "excluded_lines": 0, "percent_statements_covered": 100.0, "percent_statements_covered_display": "100.0"}, "missing_lines": [], "excluded_lines": [], "start_line": 105}, "PromptOptimizer.optimize_prompt": {"executed_lines": [125, 127, 128, 130], "summary": {"covered_lines": 4, "num_statements": 4, "percent_covered": 100.0, "percent_covered_display": "100.0", "missing_lines": 0, "excluded_lines": 0, "percent_statements_covered": 100.0, "percent_statements_covered_display": "100.0"}, "missing_lines": [], "excluded_lines": [], "start_line": 121}, "": {"executed_lines": [5, 6, 7, 8, 9, 11, 14, 17, 23, 28, 35, 57, 67, 72, 75, 76, 85, 86, 104, 105, 117, 120, 121], "summary": {"covered_lines": 23, "num_statements": 23, "percent_covered": 100.0, "percent_covered_display": "100.0", "missing_lines": 0, "excluded_lines": 0, "percent_statements_covered": 100.0, "percent_statements_covered_display": "100.0"}, "missing_lines": [], "excluded_lines": [], "start_line": 1}}, "classes": {"AgentOrchestrator": {"executed_lines": [18, 19, 20, 21, 25, 26, 30, 31, 37, 38, 40, 41, 44, 46, 47, 48, 49, 50, 51, 52, 53, 55, 59, 60, 61, 69], "summary": {"covered_lines": 26, "num_statements": 28, "percent_covered": 92.85714285714286, "percent_covered_display": "92.9", "missing_lines": 2, "excluded_lines": 0, "percent_statements_covered": 92.85714285714286, "percent_statements_covered_display": "92.9"}, "missing_lines": [32, 33], "excluded_lines": [], "start_line": 14}, "ContextOptimizer": {"executed_lines": [88, 89, 90, 92, 93, 94, 95, 97, 98, 99, 100, 102, 106, 107, 109, 111, 112, 113, 114], "summary": {"covered_lines": 19, "num_statements": 19, "percent_covered": 100.0, "percent_covered_display": "100.0", "missing_lines": 0, "excluded_lines": 0, "percent_statements_covered": 100.0, "percent_statements_covered_display": "100.0"}, "missing_lines": [], "excluded_lines": [], "start_line": 72}, "PromptOptimizer": {"executed_lines": [125, 127, 128, 130], "summary": {"covered_lines": 4, "num_statements": 4, "percent_covered": 100.0, "percent_covered_display": "100.0", "missing_lines": 0, "excluded_lines": 0, "percent_statements_covered": 100.0, "percent_statements_covered_display": "100.0"}, "missing_lines": [], "excluded_lines": [], "start_line": 117}, "": {"executed_lines": [5, 6, 7, 8, 9, 11, 14, 17, 23, 28, 35, 57, 67, 72, 75, 76, 85, 86, 104, 105, 117, 120, 121], "summary": {"covered_lines": 23, "num_statements": 23, "percent_covered": 100.0, "percent_covered_display": "100.0", "missing_lines": 0, "excluded_lines": 0, "percent_statements_covered": 100.0, "percent_statements_covered_display": "100.0"}, "missing_lines": [], "excluded_lines": [], "start_line": 1}}}, "app\\ai_client.py": {"executed_lines": [15, 16, 17, 18, 19, 20, 22, 24, 27, 28, 29, 34, 35, 37, 38, 39, 40, 41, 43, 44, 45, 46, 47, 48, 50, 51, 52, 59, 61, 62, 63, 64, 65, 67, 71, 74, 76, 77, 78, 79, 80, 81, 82, 83, 84, 85, 86, 87, 88, 89, 90, 91, 94, 97, 98, 99, 100, 101, 102, 103, 104, 106, 107, 108, 109, 110, 111, 112, 113, 114, 115, 116, 118, 119, 120, 130, 133, 395, 396, 398, 399, 400, 403, 406, 416, 427, 428, 429, 430, 431, 433, 435, 436, 437, 441, 442, 443, 444, 446, 448, 450, 459, 460, 461, 462, 468, 470, 471, 473, 474, 475, 476, 477, 478, 479, 481, 483, 484, 486, 487, 488, 489, 492, 493, 496, 498, 499, 502, 503, 515, 516, 517, 518, 519, 520, 521, 523, 526, 527, 529, 533, 535, 537, 538, 541, 542, 551, 555, 557, 558, 559, 560, 563, 564, 570, 571, 572, 574, 576, 578, 579, 581, 582, 583, 587, 592, 594, 595, 596, 598, 600, 603, 604, 606, 607, 609, 610, 612, 614, 615, 616, 620, 621, 622, 623, 624, 625, 626, 627, 628, 629, 632, 634, 635, 636, 641, 642, 643, 644, 645, 646, 647, 648, 649, 650, 651, 654, 656, 657, 658, 659, 662, 663, 664, 665, 666, 668, 669, 670, 671, 674, 675, 676, 677, 678, 679, 680, 683, 684, 687, 690, 691, 692, 695, 697, 698, 699, 700, 704, 705, 706, 707, 708, 709, 710, 712, 715, 716, 717, 719, 727, 728, 729, 730, 731, 732, 733, 735, 738, 739, 742, 745, 753, 754, 755, 757, 759, 760, 762, 765, 766, 769, 770, 771, 772, 775, 776, 779, 781, 782, 783, 786, 788, 790, 791, 798, 800, 803, 804, 807, 808, 811, 812, 815, 816, 819, 820, 823, 827, 867, 876, 877, 880, 883, 891, 892, 894, 896, 903, 936, 943, 944, 945, 947, 948, 949, 950, 953, 954, 955, 956, 957, 958, 959, 962, 963, 966, 969, 970, 971, 974], "summary": {"covered_lines": 331, "num_statements": 381, "percent_covered": 86.8766404199475, "percent_covered_display": "86.9", "missing_lines": 50, "excluded_lines": 0, "percent_statements_covered": 86.8766404199475, "percent_statements_covered_display": "86.9"}, "missing_lines": [30, 31, 438, 439, 524, 530, 552, 553, 580, 584, 588, 589, 590, 591, 630, 631, 652, 653, 693, 743, 767, 784, 836, 837, 840, 841, 843, 851, 852, 854, 855, 856, 858, 860, 861, 863, 881, 897, 899, 912, 913, 916, 917, 919, 926, 927, 929, 930, 932, 972], "excluded_lines": [], "functions": {"TokenStats.record": {"executed_lines": [44, 45, 46, 47, 48], "summary": {"covered_lines": 5, "num_statements": 5, "percent_covered": 100.0, "percent_covered_display": "100.0", "missing_lines": 0, "excluded_lines": 0, "percent_statements_covered": 100.0, "percent_statements_covered_display": "100.0"}, "missing_lines": [], "excluded_lines": [], "start_line": 43}, "TokenStats.get_summary": {"executed_lines": [51, 52], "summary": {"covered_lines": 2, "num_statements": 2, "percent_covered": 100.0, "percent_covered_display": "100.0", "missing_lines": 0, "excluded_lines": 0, "percent_statements_covered": 100.0, "percent_statements_covered_display": "100.0"}, "missing_lines": [], "excluded_lines": [], "start_line": 50}, "TokenStats.get_display": {"executed_lines": [61, 62, 63, 64, 65, 67], "summary": {"covered_lines": 6, "num_statements": 6, "percent_covered": 100.0, "percent_covered_display": "100.0", "missing_lines": 0, "excluded_lines": 0, "percent_statements_covered": 100.0, "percent_statements_covered_display": "100.0"}, "missing_lines": [], "excluded_lines": [], "start_line": 59}, "retry_with_backoff": {"executed_lines": [76, 77, 91], "summary": {"covered_lines": 3, "num_statements": 3, "percent_covered": 100.0, "percent_covered_display": "100.0", "missing_lines": 0, "excluded_lines": 0, "percent_statements_covered": 100.0, "percent_statements_covered_display": "100.0"}, "missing_lines": [], "excluded_lines": [], "start_line": 74}, "retry_with_backoff.decorator": {"executed_lines": [78, 90], "summary": {"covered_lines": 2, "num_statements": 2, "percent_covered": 100.0, "percent_covered_display": "100.0", "missing_lines": 0, "excluded_lines": 0, "percent_statements_covered": 100.0, "percent_statements_covered_display": "100.0"}, "missing_lines": [], "excluded_lines": [], "start_line": 76}, "retry_with_backoff.decorator.wrapper": {"executed_lines": [79, 80, 81, 82, 83, 84, 85, 86, 87, 88, 89], "summary": {"covered_lines": 11, "num_statements": 11, "percent_covered": 100.0, "percent_covered_display": "100.0", "missing_lines": 0, "excluded_lines": 0, "percent_statements_covered": 100.0, "percent_statements_covered_display": "100.0"}, "missing_lines": [], "excluded_lines": [], "start_line": 78}, "AIMetrics.__init__": {"executed_lines": [98, 99, 100, 101, 102, 103, 104], "summary": {"covered_lines": 7, "num_statements": 7, "percent_covered": 100.0, "percent_covered_display": "100.0", "missing_lines": 0, "excluded_lines": 0, "percent_statements_covered": 100.0, "percent_statements_covered_display": "100.0"}, "missing_lines": [], "excluded_lines": [], "start_line": 97}, "AIMetrics.record": {"executed_lines": [107, 108, 109, 110, 111, 112, 113, 114, 115, 116], "summary": {"covered_lines": 10, "num_statements": 10, "percent_covered": 100.0, "percent_covered_display": "100.0", "missing_lines": 0, "excluded_lines": 0, "percent_statements_covered": 100.0, "percent_statements_covered_display": "100.0"}, "missing_lines": [], "excluded_lines": [], "start_line": 106}, "AIMetrics.get_summary": {"executed_lines": [119, 120], "summary": {"covered_lines": 2, "num_statements": 2, "percent_covered": 100.0, "percent_covered_display": "100.0", "missing_lines": 0, "excluded_lines": 0, "percent_statements_covered": 100.0, "percent_statements_covered_display": "100.0"}, "missing_lines": [], "excluded_lines": [], "start_line": 118}, "PromptManager.get_prompt": {"executed_lines": [398, 399, 400], "summary": {"covered_lines": 3, "num_statements": 3, "percent_covered": 100.0, "percent_covered_display": "100.0", "missing_lines": 0, "excluded_lines": 0, "percent_statements_covered": 100.0, "percent_statements_covered_display": "100.0"}, "missing_lines": [], "excluded_lines": [], "start_line": 396}, "AIClient.__init__": {"executed_lines": [428, 429, 430, 431], "summary": {"covered_lines": 4, "num_statements": 4, "percent_covered": 100.0, "percent_covered_display": "100.0", "missing_lines": 0, "excluded_lines": 0, "percent_statements_covered": 100.0, "percent_statements_covered_display": "100.0"}, "missing_lines": [], "excluded_lines": [], "start_line": 427}, "AIClient._log": {"executed_lines": [435, 436, 437], "summary": {"covered_lines": 3, "num_statements": 5, "percent_covered": 60.0, "percent_covered_display": "60.0", "missing_lines": 2, "excluded_lines": 0, "percent_statements_covered": 60.0, "percent_statements_covered_display": "60.0"}, "missing_lines": [438, 439], "excluded_lines": [], "start_line": 433}, "AIClient._init_client": {"executed_lines": [442, 443, 444, 446, 448, 450, 459, 460, 461, 462, 468], "summary": {"covered_lines": 11, "num_statements": 11, "percent_covered": 100.0, "percent_covered_display": "100.0", "missing_lines": 0, "excluded_lines": 0, "percent_statements_covered": 100.0, "percent_statements_covered_display": "100.0"}, "missing_lines": [], "excluded_lines": [], "start_line": 441}, "AIClient.is_configured": {"executed_lines": [471], "summary": {"covered_lines": 1, "num_statements": 1, "percent_covered": 100.0, "percent_covered_display": "100.0", "missing_lines": 0, "excluded_lines": 0, "percent_statements_covered": 100.0, "percent_statements_covered_display": "100.0"}, "missing_lines": [], "excluded_lines": [], "start_line": 470}, "AIClient.get_ollama_models": {"executed_lines": [474, 475, 476, 477, 478, 479], "summary": {"covered_lines": 6, "num_statements": 6, "percent_covered": 100.0, "percent_covered_display": "100.0", "missing_lines": 0, "excluded_lines": 0, "percent_statements_covered": 100.0, "percent_statements_covered_display": "100.0"}, "missing_lines": [], "excluded_lines": [], "start_line": 473}, "AIClient.chat": {"executed_lines": [483, 484, 486, 487, 488, 489, 492, 493, 496, 498, 499, 502, 503, 515, 516, 517, 518, 519, 520, 521, 523, 526, 527, 529, 533, 535, 537, 538, 541, 542, 551, 555, 557, 558, 559, 560, 563, 564, 570, 571, 572, 574, 576, 578, 579, 581, 582, 583, 587, 592, 594, 595, 596, 598], "summary": {"covered_lines": 54, "num_statements": 64, "percent_covered": 84.375, "percent_covered_display": "84.4", "missing_lines": 10, "excluded_lines": 0, "percent_statements_covered": 84.375, "percent_statements_covered_display": "84.4"}, "missing_lines": [524, 530, 552, 553, 580, 584, 588, 589, 590, 591], "excluded_lines": [], "start_line": 481}, "AIClient.chat_stream": {"executed_lines": [603, 604, 606, 607, 609, 610, 612], "summary": {"covered_lines": 7, "num_statements": 7, "percent_covered": 100.0, "percent_covered_display": "100.0", "missing_lines": 0, "excluded_lines": 0, "percent_statements_covered": 100.0, "percent_statements_covered_display": "100.0"}, "missing_lines": [], "excluded_lines": [], "start_line": 600}, "AIClient._stream_ollama": {"executed_lines": [615, 616, 620, 621, 622, 623, 624, 625, 626, 627, 628, 629, 632], "summary": {"covered_lines": 13, "num_statements": 15, "percent_covered": 86.66666666666667, "percent_covered_display": "86.7", "missing_lines": 2, "excluded_lines": 0, "percent_statements_covered": 86.66666666666667, "percent_statements_covered_display": "86.7"}, "missing_lines": [630, 631], "excluded_lines": [], "start_line": 614}, "AIClient._stream_openai": {"executed_lines": [635, 636, 641, 642, 643, 644, 645, 646, 647, 648, 649, 650, 651, 654], "summary": {"covered_lines": 14, "num_statements": 16, "percent_covered": 87.5, "percent_covered_display": "87.5", "missing_lines": 2, "excluded_lines": 0, "percent_statements_covered": 87.5, "percent_statements_covered_display": "87.5"}, "missing_lines": [652, 653], "excluded_lines": [], "start_line": 634}, "AIClient._chat_openai": {"executed_lines": [657, 658, 659, 662, 663, 664, 665, 666, 668, 669, 670, 671, 674, 675, 676, 677, 678, 679, 680, 683, 684, 687, 690, 691, 692, 695], "summary": {"covered_lines": 26, "num_statements": 27, "percent_covered": 96.29629629629629, "percent_covered_display": "96.3", "missing_lines": 1, "excluded_lines": 0, "percent_statements_covered": 96.29629629629629, "percent_statements_covered_display": "96.3"}, "missing_lines": [693], "excluded_lines": [], "start_line": 656}, "AIClient._chat_ollama": {"executed_lines": [698, 699, 700, 704, 705, 706, 707, 708, 709, 710], "summary": {"covered_lines": 10, "num_statements": 10, "percent_covered": 100.0, "percent_covered_display": "100.0", "missing_lines": 0, "excluded_lines": 0, "percent_statements_covered": 100.0, "percent_statements_covered_display": "100.0"}, "missing_lines": [], "excluded_lines": [], "start_line": 697}, "AIClient._chat_claude": {"executed_lines": [715, 716, 717, 719, 727, 728, 729, 730, 731, 732, 733], "summary": {"covered_lines": 11, "num_statements": 11, "percent_covered": 100.0, "percent_covered_display": "100.0", "missing_lines": 0, "excluded_lines": 0, "percent_statements_covered": 100.0, "percent_statements_covered_display": "100.0"}, "missing_lines": [], "excluded_lines": [], "start_line": 712}, "AIClient._chat_deepseek": {"executed_lines": [738, 739, 742, 745, 753, 754, 755, 757, 759, 760, 762, 765, 766, 769, 770, 771, 772, 775, 776, 779, 781, 782, 783, 786], "summary": {"covered_lines": 24, "num_statements": 27, "percent_covered": 88.88888888888889, "percent_covered_display": "88.9", "missing_lines": 3, "excluded_lines": 0, "percent_statements_covered": 88.88888888888889, "percent_statements_covered_display": "88.9"}, "missing_lines": [743, 767, 784], "excluded_lines": [], "start_line": 735}, "AIClient._log_thinking": {"executed_lines": [790, 791], "summary": {"covered_lines": 2, "num_statements": 2, "percent_covered": 100.0, "percent_covered_display": "100.0", "missing_lines": 0, "excluded_lines": 0, "percent_statements_covered": 100.0, "percent_statements_covered_display": "100.0"}, "missing_lines": [], "excluded_lines": [], "start_line": 788}, "AIClient._detect_provider": {"executed_lines": [800, 803, 804, 807, 808, 811, 812, 815, 816, 819, 820, 823], "summary": {"covered_lines": 12, "num_statements": 12, "percent_covered": 100.0, "percent_covered_display": "100.0", "missing_lines": 0, "excluded_lines": 0, "percent_statements_covered": 100.0, "percent_statements_covered_display": "100.0"}, "missing_lines": [], "excluded_lines": [], "start_line": 798}, "AIClient._chat_glm": {"executed_lines": [], "summary": {"covered_lines": 0, "num_statements": 14, "percent_covered": 0.0, "percent_covered_display": "0.0", "missing_lines": 14, "excluded_lines": 0, "percent_statements_covered": 0.0, "percent_statements_covered_display": "0.0"}, "missing_lines": [836, 837, 840, 841, 843, 851, 852, 854, 855, 856, 858, 860, 861, 863], "excluded_lines": [], "start_line": 827}, "AIClient._chat_qwen": {"executed_lines": [876, 877, 880, 883, 891, 892, 894, 896], "summary": {"covered_lines": 8, "num_statements": 11, "percent_covered": 72.72727272727273, "percent_covered_display": "72.7", "missing_lines": 3, "excluded_lines": 0, "percent_statements_covered": 72.72727272727273, "percent_statements_covered_display": "72.7"}, "missing_lines": [881, 897, 899], "excluded_lines": [], "start_line": 867}, "AIClient._chat_kimi": {"executed_lines": [], "summary": {"covered_lines": 0, "num_statements": 10, "percent_covered": 0.0, "percent_covered_display": "0.0", "missing_lines": 10, "excluded_lines": 0, "percent_statements_covered": 0.0, "percent_statements_covered_display": "0.0"}, "missing_lines": [912, 913, 916, 917, 919, 926, 927, 929, 930, 932], "excluded_lines": [], "start_line": 903}, "AIClient._parse_thinking_response": {"executed_lines": [943, 944, 945, 947, 948, 949, 950, 953, 954, 955, 956, 957, 958, 959, 962, 963, 966, 969, 970, 971, 974], "summary": {"covered_lines": 21, "num_statements": 22, "percent_covered": 95.45454545454545, "percent_covered_display": "95.5", "missing_lines": 1, "excluded_lines": 0, "percent_statements_covered": 95.45454545454545, "percent_statements_covered_display": "95.5"}, "missing_lines": [972], "excluded_lines": [], "start_line": 936}, "": {"executed_lines": [15, 16, 17, 18, 19, 20, 22, 24, 27, 28, 29, 34, 35, 37, 38, 39, 40, 41, 43, 50, 59, 71, 74, 94, 97, 106, 118, 130, 133, 395, 396, 403, 406, 416, 427, 433, 441, 470, 473, 481, 600, 614, 634, 656, 697, 712, 735, 788, 798, 827, 867, 903, 936], "summary": {"covered_lines": 53, "num_statements": 55, "percent_covered": 96.36363636363636, "percent_covered_display": "96.4", "missing_lines": 2, "excluded_lines": 0, "percent_statements_covered": 96.36363636363636, "percent_statements_covered_display": "96.4"}, "missing_lines": [30, 31], "excluded_lines": [], "start_line": 1}}, "classes": {"TokenStats": {"executed_lines": [44, 45, 46, 47, 48, 51, 52, 61, 62, 63, 64, 65, 67], "summary": {"covered_lines": 13, "num_statements": 13, "percent_covered": 100.0, "percent_covered_display": "100.0", "missing_lines": 0, "excluded_lines": 0, "percent_statements_covered": 100.0, "percent_statements_covered_display": "100.0"}, "missing_lines": [], "excluded_lines": [], "start_line": 35}, "AIMetrics": {"executed_lines": [98, 99, 100, 101, 102, 103, 104, 107, 108, 109, 110, 111, 112, 113, 114, 115, 116, 119, 120], "summary": {"covered_lines": 19, "num_statements": 19, "percent_covered": 100.0, "percent_covered_display": "100.0", "missing_lines": 0, "excluded_lines": 0, "percent_statements_covered": 100.0, "percent_statements_covered_display": "100.0"}, "missing_lines": [], "excluded_lines": [], "start_line": 94}, "PromptManager": {"executed_lines": [398, 399, 400], "summary": {"covered_lines": 3, "num_statements": 3, "percent_covered": 100.0, "percent_covered_display": "100.0", "missing_lines": 0, "excluded_lines": 0, "percent_statements_covered": 100.0, "percent_statements_covered_display": "100.0"}, "missing_lines": [], "excluded_lines": [], "start_line": 130}, "AIClient": {"executed_lines": [428, 429, 430, 431, 435, 436, 437, 442, 443, 444, 446, 448, 450, 459, 460, 461, 462, 468, 471, 474, 475, 476, 477, 478, 479, 483, 484, 486, 487, 488, 489, 492, 493, 496, 498, 499, 502, 503, 515, 516, 517, 518, 519, 520, 521, 523, 526, 527, 529, 533, 535, 537, 538, 541, 542, 551, 555, 557, 558, 559, 560, 563, 564, 570, 571, 572, 574, 576, 578, 579, 581, 582, 583, 587, 592, 594, 595, 596, 598, 603, 604, 606, 607, 609, 610, 612, 615, 616, 620, 621, 622, 623, 624, 625, 626, 627, 628, 629, 632, 635, 636, 641, 642, 643, 644, 645, 646, 647, 648, 649, 650, 651, 654, 657, 658, 659, 662, 663, 664, 665, 666, 668, 669, 670, 671, 674, 675, 676, 677, 678, 679, 680, 683, 684, 687, 690, 691, 692, 695, 698, 699, 700, 704, 705, 706, 707, 708, 709, 710, 715, 716, 717, 719, 727, 728, 729, 730, 731, 732, 733, 738, 739, 742, 745, 753, 754, 755, 757, 759, 760, 762, 765, 766, 769, 770, 771, 772, 775, 776, 779, 781, 782, 783, 786, 790, 791, 800, 803, 804, 807, 808, 811, 812, 815, 816, 819, 820, 823, 876, 877, 880, 883, 891, 892, 894, 896, 943, 944, 945, 947, 948, 949, 950, 953, 954, 955, 956, 957, 958, 959, 962, 963, 966, 969, 970, 971, 974], "summary": {"covered_lines": 227, "num_statements": 275, "percent_covered": 82.54545454545455, "percent_covered_display": "82.5", "missing_lines": 48, "excluded_lines": 0, "percent_statements_covered": 82.54545454545455, "percent_statements_covered_display": "82.5"}, "missing_lines": [438, 439, 524, 530, 552, 553, 580, 584, 588, 589, 590, 591, 630, 631, 652, 653, 693, 743, 767, 784, 836, 837, 840, 841, 843, 851, 852, 854, 855, 856, 858, 860, 861, 863, 881, 897, 899, 912, 913, 916, 917, 919, 926, 927, 929, 930, 932, 972], "excluded_lines": [], "start_line": 403}, "": {"executed_lines": [15, 16, 17, 18, 19, 20, 22, 24, 27, 28, 29, 34, 35, 37, 38, 39, 40, 41, 43, 50, 59, 71, 74, 76, 77, 78, 79, 80, 81, 82, 83, 84, 85, 86, 87, 88, 89, 90, 91, 94, 97, 106, 118, 130, 133, 395, 396, 403, 406, 416, 427, 433, 441, 470, 473, 481, 600, 614, 634, 656, 697, 712, 735, 788, 798, 827, 867, 903, 936], "summary": {"covered_lines": 69, "num_statements": 71, "percent_covered": 97.1830985915493, "percent_covered_display": "97.2", "missing_lines": 2, "excluded_lines": 0, "percent_statements_covered": 97.1830985915493, "percent_statements_covered_display": "97.2"}, "missing_lines": [30, 31], "excluded_lines": [], "start_line": 1}}}, "app\\config.py": {"executed_lines": [5, 6, 9, 13, 15, 16, 17, 18, 19, 20, 21, 24, 25, 26, 27, 31, 32, 33, 34, 35, 57, 58, 59, 61, 63, 64, 65, 66, 67, 69, 71, 72, 74, 75], "summary": {"covered_lines": 34, "num_statements": 36, "percent_covered": 94.44444444444444, "percent_covered_display": "94.4", "missing_lines": 2, "excluded_lines": 0, "percent_statements_covered": 94.44444444444444, "percent_statements_covered_display": "94.4"}, "missing_lines": [28, 29], "excluded_lines": [], "functions": {"AppConfig.__init__": {"executed_lines": [16, 17, 18, 19, 20, 21, 24, 25, 26, 27], "summary": {"covered_lines": 10, "num_statements": 12, "percent_covered": 83.33333333333333, "percent_covered_display": "83.3", "missing_lines": 2, "excluded_lines": 0, "percent_statements_covered": 83.33333333333333, "percent_statements_covered_display": "83.3"}, "missing_lines": [28, 29], "excluded_lines": [], "start_line": 15}, "AppConfig._load": {"executed_lines": [32, 33, 34, 35], "summary": {"covered_lines": 4, "num_statements": 4, "percent_covered": 100.0, "percent_covered_display": "100.0", "missing_lines": 0, "excluded_lines": 0, "percent_statements_covered": 100.0, "percent_statements_covered_display": "100.0"}, "missing_lines": [], "excluded_lines": [], "start_line": 31}, "AppConfig.save": {"executed_lines": [58, 59], "summary": {"covered_lines": 2, "num_statements": 2, "percent_covered": 100.0, "percent_covered_display": "100.0", "missing_lines": 0, "excluded_lines": 0, "percent_statements_covered": 100.0, "percent_statements_covered_display": "100.0"}, "missing_lines": [], "excluded_lines": [], "start_line": 57}, "AppConfig.get": {"executed_lines": [63, 64, 65, 66, 67], "summary": {"covered_lines": 5, "num_statements": 5, "percent_covered": 100.0, "percent_covered_display": "100.0", "missing_lines": 0, "excluded_lines": 0, "percent_statements_covered": 100.0, "percent_statements_covered_display": "100.0"}, "missing_lines": [], "excluded_lines": [], "start_line": 61}, "AppConfig.set": {"executed_lines": [71, 72, 74, 75], "summary": {"covered_lines": 4, "num_statements": 4, "percent_covered": 100.0, "percent_covered_display": "100.0", "missing_lines": 0, "excluded_lines": 0, "percent_statements_covered": 100.0, "percent_statements_covered_display": "100.0"}, "missing_lines": [], "excluded_lines": [], "start_line": 69}, "": {"executed_lines": [5, 6, 9, 13, 15, 31, 57, 61, 69], "summary": {"covered_lines": 9, "num_statements": 9, "percent_covered": 100.0, "percent_covered_display": "100.0", "missing_lines": 0, "excluded_lines": 0, "percent_statements_covered": 100.0, "percent_statements_covered_display": "100.0"}, "missing_lines": [], "excluded_lines": [], "start_line": 1}}, "classes": {"AppConfig": {"executed_lines": [16, 17, 18, 19, 20, 21, 24, 25, 26, 27, 32, 33, 34, 35, 58, 59, 63, 64, 65, 66, 67, 71, 72, 74, 75], "summary": {"covered_lines": 25, "num_statements": 27, "percent_covered": 92.5925925925926, "percent_covered_display": "92.6", "missing_lines": 2, "excluded_lines": 0, "percent_statements_covered": 92.5925925925926, "percent_statements_covered_display": "92.6"}, "missing_lines": [28, 29], "excluded_lines": [], "start_line": 9}, "": {"executed_lines": [5, 6, 9, 13, 15, 31, 57, 61, 69], "summary": {"covered_lines": 9, "num_statements": 9, "percent_covered": 100.0, "percent_covered_display": "100.0", "missing_lines": 0, "excluded_lines": 0, "percent_statements_covered": 100.0, "percent_statements_covered_display": "100.0"}, "missing_lines": [], "excluded_lines": [], "start_line": 1}}}, "app\\diagnostic_logger.py": {"executed_lines": [6, 7, 8, 9, 10, 11, 12, 13, 14, 17, 18, 21, 29, 30, 32, 33, 34, 35, 36, 37, 38, 41, 48, 49, 51, 53, 54, 57, 68, 70, 81, 82, 84, 93, 95, 97, 98, 104, 105, 107, 109, 112, 113, 114, 118, 120, 121, 122, 123, 124, 125, 126, 127, 128, 129, 130, 131, 132, 133, 135, 139, 144, 145, 146, 148, 157, 163, 174, 176, 177, 178, 179, 180, 181, 182, 185, 187, 189, 193, 195, 198, 200, 203, 205, 207, 210, 216, 218, 220, 221, 222, 223, 224, 228, 229, 230, 231, 232, 233, 234, 236, 237, 239, 240, 241, 245, 246, 247, 249, 250, 251, 252, 253, 254, 255, 256, 257, 258, 259, 260, 261, 262, 263, 264, 265, 266, 267, 270, 273, 274, 275, 277, 279, 280, 283, 286, 287, 288, 289, 294, 296, 297, 298, 299, 300, 303, 304, 305, 307, 308, 309, 310, 312, 319, 320, 321, 322, 329, 330], "summary": {"covered_lines": 159, "num_statements": 179, "percent_covered": 88.8268156424581, "percent_covered_display": "88.8", "missing_lines": 20, "excluded_lines": 0, "percent_statements_covered": 88.8268156424581, "percent_statements_covered_display": "88.8"}, "missing_lines": [58, 59, 60, 61, 62, 63, 64, 65, 66, 110, 115, 116, 184, 225, 226, 242, 243, 268, 269, 271], "excluded_lines": [], "functions": {"DiagnosticLogger.__init__": {"executed_lines": [33, 34, 35, 36, 37, 38, 41], "summary": {"covered_lines": 7, "num_statements": 7, "percent_covered": 100.0, "percent_covered_display": "100.0", "missing_lines": 0, "excluded_lines": 0, "percent_statements_covered": 100.0, "percent_statements_covered_display": "100.0"}, "missing_lines": [], "excluded_lines": [], "start_line": 32}, "DiagnosticLogger._generate_session_id": {"executed_lines": [49], "summary": {"covered_lines": 1, "num_statements": 1, "percent_covered": 100.0, "percent_covered_display": "100.0", "missing_lines": 0, "excluded_lines": 0, "percent_statements_covered": 100.0, "percent_statements_covered_display": "100.0"}, "missing_lines": [], "excluded_lines": [], "start_line": 48}, "DiagnosticLogger._get_log_file": {"executed_lines": [53, 54, 57, 68], "summary": {"covered_lines": 4, "num_statements": 13, "percent_covered": 30.76923076923077, "percent_covered_display": "30.8", "missing_lines": 9, "excluded_lines": 0, "percent_statements_covered": 30.76923076923077, "percent_statements_covered_display": "30.8"}, "missing_lines": [58, 59, 60, 61, 62, 63, 64, 65, 66], "excluded_lines": [], "start_line": 51}, "DiagnosticLogger.log": {"executed_lines": [81, 82, 84, 93, 95, 97, 98, 104, 105, 107, 109, 112, 113, 114], "summary": {"covered_lines": 14, "num_statements": 17, "percent_covered": 82.3529411764706, "percent_covered_display": "82.4", "missing_lines": 3, "excluded_lines": 0, "percent_statements_covered": 82.3529411764706, "percent_statements_covered_display": "82.4"}, "missing_lines": [110, 115, 116], "excluded_lines": [], "start_line": 70}, "DiagnosticLogger._truncate_data": {"executed_lines": [120, 121, 122, 123, 124, 125, 126, 127, 128, 129, 130, 131, 132, 133, 135], "summary": {"covered_lines": 15, "num_statements": 15, "percent_covered": 100.0, "percent_covered_display": "100.0", "missing_lines": 0, "excluded_lines": 0, "percent_statements_covered": 100.0, "percent_statements_covered_display": "100.0"}, "missing_lines": [], "excluded_lines": [], "start_line": 118}, "DiagnosticLogger.api_call": {"executed_lines": [144, 145, 146, 148, 157, 163], "summary": {"covered_lines": 6, "num_statements": 6, "percent_covered": 100.0, "percent_covered_display": "100.0", "missing_lines": 0, "excluded_lines": 0, "percent_statements_covered": 100.0, "percent_statements_covered_display": "100.0"}, "missing_lines": [], "excluded_lines": [], "start_line": 139}, "DiagnosticLogger.func_entry": {"executed_lines": [176, 177, 178, 179, 180, 181, 182, 185], "summary": {"covered_lines": 8, "num_statements": 9, "percent_covered": 88.88888888888889, "percent_covered_display": "88.9", "missing_lines": 1, "excluded_lines": 0, "percent_statements_covered": 88.88888888888889, "percent_statements_covered_display": "88.9"}, "missing_lines": [184], "excluded_lines": [], "start_line": 174}, "DiagnosticLogger.func_exit": {"executed_lines": [189], "summary": {"covered_lines": 1, "num_statements": 1, "percent_covered": 100.0, "percent_covered_display": "100.0", "missing_lines": 0, "excluded_lines": 0, "percent_statements_covered": 100.0, "percent_statements_covered_display": "100.0"}, "missing_lines": [], "excluded_lines": [], "start_line": 187}, "DiagnosticLogger.chapter_event": {"executed_lines": [195], "summary": {"covered_lines": 1, "num_statements": 1, "percent_covered": 100.0, "percent_covered_display": "100.0", "missing_lines": 0, "excluded_lines": 0, "percent_statements_covered": 100.0, "percent_statements_covered_display": "100.0"}, "missing_lines": [], "excluded_lines": [], "start_line": 193}, "DiagnosticLogger.character_event": {"executed_lines": [200], "summary": {"covered_lines": 1, "num_statements": 1, "percent_covered": 100.0, "percent_covered_display": "100.0", "missing_lines": 0, "excluded_lines": 0, "percent_statements_covered": 100.0, "percent_statements_covered_display": "100.0"}, "missing_lines": [], "excluded_lines": [], "start_line": 198}, "DiagnosticLogger.memory_event": {"executed_lines": [205], "summary": {"covered_lines": 1, "num_statements": 1, "percent_covered": 100.0, "percent_covered_display": "100.0", "missing_lines": 0, "excluded_lines": 0, "percent_statements_covered": 100.0, "percent_statements_covered_display": "100.0"}, "missing_lines": [], "excluded_lines": [], "start_line": 203}, "DiagnosticLogger.generation_event": {"executed_lines": [210], "summary": {"covered_lines": 1, "num_statements": 1, "percent_covered": 100.0, "percent_covered_display": "100.0", "missing_lines": 0, "excluded_lines": 0, "percent_statements_covered": 100.0, "percent_statements_covered_display": "100.0"}, "missing_lines": [], "excluded_lines": [], "start_line": 207}, "DiagnosticLogger.export_recent": {"executed_lines": [218, 220, 221, 222, 223, 224, 228, 229, 230, 231, 232, 233, 234, 236, 237, 239, 240, 241, 245, 246, 247, 249, 250, 251, 252, 253, 254, 255, 256, 257, 258, 259, 260, 261, 262, 263, 264, 265, 266, 267, 270, 273, 274, 275, 277], "summary": {"covered_lines": 45, "num_statements": 52, "percent_covered": 86.53846153846153, "percent_covered_display": "86.5", "missing_lines": 7, "excluded_lines": 0, "percent_statements_covered": 86.53846153846153, "percent_statements_covered_display": "86.5"}, "missing_lines": [225, 226, 242, 243, 268, 269, 271], "excluded_lines": [], "start_line": 216}, "DiagnosticLogger.get_log_dir": {"executed_lines": [280], "summary": {"covered_lines": 1, "num_statements": 1, "percent_covered": 100.0, "percent_covered_display": "100.0", "missing_lines": 0, "excluded_lines": 0, "percent_statements_covered": 100.0, "percent_statements_covered_display": "100.0"}, "missing_lines": [], "excluded_lines": [], "start_line": 279}, "get_logger": {"executed_lines": [286, 287, 288, 289], "summary": {"covered_lines": 4, "num_statements": 4, "percent_covered": 100.0, "percent_covered_display": "100.0", "missing_lines": 0, "excluded_lines": 0, "percent_statements_covered": 100.0, "percent_statements_covered_display": "100.0"}, "missing_lines": [], "excluded_lines": [], "start_line": 283}, "trace_api": {"executed_lines": [296, 297, 298, 330], "summary": {"covered_lines": 4, "num_statements": 4, "percent_covered": 100.0, "percent_covered_display": "100.0", "missing_lines": 0, "excluded_lines": 0, "percent_statements_covered": 100.0, "percent_statements_covered_display": "100.0"}, "missing_lines": [], "excluded_lines": [], "start_line": 294}, "trace_api.wrapper": {"executed_lines": [299, 300, 303, 304, 305, 307, 308, 309, 310, 312, 319, 320, 321, 322, 329], "summary": {"covered_lines": 15, "num_statements": 15, "percent_covered": 100.0, "percent_covered_display": "100.0", "missing_lines": 0, "excluded_lines": 0, "percent_statements_covered": 100.0, "percent_statements_covered_display": "100.0"}, "missing_lines": [], "excluded_lines": [], "start_line": 298}, "": {"executed_lines": [6, 7, 8, 9, 10, 11, 12, 13, 14, 17, 18, 21, 29, 30, 32, 48, 51, 70, 118, 139, 174, 187, 193, 198, 203, 207, 216, 279, 283, 294], "summary": {"covered_lines": 30, "num_statements": 30, "percent_covered": 100.0, "percent_covered_display": "100.0", "missing_lines": 0, "excluded_lines": 0, "percent_statements_covered": 100.0, "percent_statements_covered_display": "100.0"}, "missing_lines": [], "excluded_lines": [], "start_line": 1}}, "classes": {"DiagnosticLogger": {"executed_lines": [33, 34, 35, 36, 37, 38, 41, 49, 53, 54, 57, 68, 81, 82, 84, 93, 95, 97, 98, 104, 105, 107, 109, 112, 113, 114, 120, 121, 122, 123, 124, 125, 126, 127, 128, 129, 130, 131, 132, 133, 135, 144, 145, 146, 148, 157, 163, 176, 177, 178, 179, 180, 181, 182, 185, 189, 195, 200, 205, 210, 218, 220, 221, 222, 223, 224, 228, 229, 230, 231, 232, 233, 234, 236, 237, 239, 240, 241, 245, 246, 247, 249, 250, 251, 252, 253, 254, 255, 256, 257, 258, 259, 260, 261, 262, 263, 264, 265, 266, 267, 270, 273, 274, 275, 277, 280], "summary": {"covered_lines": 106, "num_statements": 126, "percent_covered": 84.12698412698413, "percent_covered_display": "84.1", "missing_lines": 20, "excluded_lines": 0, "percent_statements_covered": 84.12698412698413, "percent_statements_covered_display": "84.1"}, "missing_lines": [58, 59, 60, 61, 62, 63, 64, 65, 66, 110, 115, 116, 184, 225, 226, 242, 243, 268, 269, 271], "excluded_lines": [], "start_line": 21}, "": {"executed_lines": [6, 7, 8, 9, 10, 11, 12, 13, 14, 17, 18, 21, 29, 30, 32, 48, 51, 70, 118, 139, 174, 187, 193, 198, 203, 207, 216, 279, 283, 286, 287, 288, 289, 294, 296, 297, 298, 299, 300, 303, 304, 305, 307, 308, 309, 310, 312, 319, 320, 321, 322, 329, 330], "summary": {"covered_lines": 53, "num_statements": 53, "percent_covered": 100.0, "percent_covered_display": "100.0", "missing_lines": 0, "excluded_lines": 0, "percent_statements_covered": 100.0, "percent_statements_covered_display": "100.0"}, "missing_lines": [], "excluded_lines": [], "start_line": 1}}}, "app\\image_generator.py": {"executed_lines": [5, 6, 7, 9, 10, 15, 17, 20, 23, 24, 26, 27, 28, 30, 32, 34, 35, 36, 37, 38, 40, 42, 43, 44, 47, 90, 91, 92, 95, 96, 97, 98, 99, 100, 111, 116, 118, 119, 120, 122, 131, 133, 134, 135, 137, 138, 139, 141], "summary": {"covered_lines": 48, "num_statements": 66, "percent_covered": 72.72727272727273, "percent_covered_display": "72.7", "missing_lines": 18, "excluded_lines": 0, "percent_statements_covered": 72.72727272727273, "percent_statements_covered_display": "72.7"}, "missing_lines": [11, 12, 13, 101, 102, 103, 104, 109, 112, 113, 114, 136, 143, 144, 145, 146, 147, 148], "excluded_lines": [], "functions": {"ImageGenerator.__init__": {"executed_lines": [24], "summary": {"covered_lines": 1, "num_statements": 1, "percent_covered": 100.0, "percent_covered_display": "100.0", "missing_lines": 0, "excluded_lines": 0, "percent_statements_covered": 100.0, "percent_statements_covered_display": "100.0"}, "missing_lines": [], "excluded_lines": [], "start_line": 23}, "ImageGenerator.is_configured": {"executed_lines": [27, 28], "summary": {"covered_lines": 2, "num_statements": 2, "percent_covered": 100.0, "percent_covered_display": "100.0", "missing_lines": 0, "excluded_lines": 0, "percent_statements_covered": 100.0, "percent_statements_covered_display": "100.0"}, "missing_lines": [], "excluded_lines": [], "start_line": 26}, "ImageGenerator.generate": {"executed_lines": [32, 34, 35, 36, 37, 38], "summary": {"covered_lines": 6, "num_statements": 6, "percent_covered": 100.0, "percent_covered_display": "100.0", "missing_lines": 0, "excluded_lines": 0, "percent_statements_covered": 100.0, "percent_statements_covered_display": "100.0"}, "missing_lines": [], "excluded_lines": [], "start_line": 30}, "ImageGenerator._generate_comfyui": {"executed_lines": [42, 43, 44, 47, 90, 91, 92, 95, 96, 97, 98, 99, 100, 111], "summary": {"covered_lines": 14, "num_statements": 22, "percent_covered": 63.63636363636363, "percent_covered_display": "63.6", "missing_lines": 8, "excluded_lines": 0, "percent_statements_covered": 63.63636363636363, "percent_statements_covered_display": "63.6"}, "missing_lines": [101, 102, 103, 104, 109, 112, 113, 114], "excluded_lines": [], "start_line": 40}, "ImageGenerator._generate_sdapi": {"executed_lines": [118, 119, 120, 122, 131, 133, 134, 135, 137, 138, 139], "summary": {"covered_lines": 11, "num_statements": 12, "percent_covered": 91.66666666666667, "percent_covered_display": "91.7", "missing_lines": 1, "excluded_lines": 0, "percent_statements_covered": 91.66666666666667, "percent_statements_covered_display": "91.7"}, "missing_lines": [136], "excluded_lines": [], "start_line": 116}, "ImageGenerator.save_image": {"executed_lines": [], "summary": {"covered_lines": 0, "num_statements": 6, "percent_covered": 0.0, "percent_covered_display": "0.0", "missing_lines": 6, "excluded_lines": 0, "percent_statements_covered": 0.0, "percent_statements_covered_display": "0.0"}, "missing_lines": [143, 144, 145, 146, 147, 148], "excluded_lines": [], "start_line": 141}, "": {"executed_lines": [5, 6, 7, 9, 10, 15, 17, 20, 23, 26, 30, 40, 116, 141], "summary": {"covered_lines": 14, "num_statements": 17, "percent_covered": 82.3529411764706, "percent_covered_display": "82.4", "missing_lines": 3, "excluded_lines": 0, "percent_statements_covered": 82.3529411764706, "percent_statements_covered_display": "82.4"}, "missing_lines": [11, 12, 13], "excluded_lines": [], "start_line": 1}}, "classes": {"ImageGenerator": {"executed_lines": [24, 27, 28, 32, 34, 35, 36, 37, 38, 42, 43, 44, 47, 90, 91, 92, 95, 96, 97, 98, 99, 100, 111, 118, 119, 120, 122, 131, 133, 134, 135, 137, 138, 139], "summary": {"covered_lines": 34, "num_statements": 49, "percent_covered": 69.38775510204081, "percent_covered_display": "69.4", "missing_lines": 15, "excluded_lines": 0, "percent_statements_covered": 69.38775510204081, "percent_statements_covered_display": "69.4"}, "missing_lines": [101, 102, 103, 104, 109, 112, 113, 114, 136, 143, 144, 145, 146, 147, 148], "excluded_lines": [], "start_line": 20}, "": {"executed_lines": [5, 6, 7, 9, 10, 15, 17, 20, 23, 26, 30, 40, 116, 141], "summary": {"covered_lines": 14, "num_statements": 17, "percent_covered": 82.3529411764706, "percent_covered_display": "82.4", "missing_lines": 3, "excluded_lines": 0, "percent_statements_covered": 82.3529411764706, "percent_statements_covered_display": "82.4"}, "missing_lines": [11, 12, 13], "excluded_lines": [], "start_line": 1}}}, "app\\memory_manager.py": {"executed_lines": [5, 6, 7, 8, 9, 10, 11, 13, 14, 20, 38, 40, 41, 42, 43, 46, 48, 49, 51, 52, 54, 55, 57, 59, 61, 62, 64, 65, 67, 69, 71, 73, 76, 77, 78, 79, 80, 83, 87, 88, 92, 94, 95, 97, 98, 102, 104, 105, 109, 111, 113, 115, 116, 118, 120, 121, 122, 123, 125, 127, 128, 130, 132, 133, 135, 136, 137, 138, 139, 141, 145, 146, 147, 151, 153, 154, 155, 161, 163, 165, 166, 167, 168, 169, 172, 174, 175, 176, 177, 179, 183, 184, 185, 187, 188, 189, 192, 193, 194, 195, 198, 199, 200, 201, 202, 205, 207, 209, 210, 211, 213, 214, 215, 216, 217, 219, 221, 222, 223, 224, 225, 226, 227, 228, 230, 232, 233, 234, 235, 236, 237, 241, 243, 244, 245, 250, 251, 252, 254, 256, 257, 259, 261, 262, 263, 264, 265, 266, 269, 270, 274, 276, 277, 278, 279, 280, 281, 282, 284, 285, 287, 292, 293, 294, 297, 298, 299, 300, 303, 307, 308, 309, 310, 311, 312, 313, 314, 316, 317, 319, 320, 322, 324, 342, 345, 347, 348, 355, 356, 370, 372, 373, 376, 377, 380, 381, 384, 387, 388, 391, 392, 399, 401, 403, 404, 405, 406, 407, 409, 410, 411, 415, 417, 418, 419, 420, 422, 424, 426, 427, 429, 431, 432, 433, 434, 435, 436, 437, 441, 445, 446, 447, 448, 450, 462, 463, 464, 465, 466, 469, 470, 472, 474, 476, 477, 481, 482, 483, 484, 485, 486, 488, 489, 490, 491, 492, 494, 497, 498, 499, 500, 501, 502, 503, 504, 505, 506, 507, 508, 509, 514, 516, 518, 521, 522, 524, 525, 526, 527, 530, 538, 540, 542, 543, 545, 546, 547, 549, 550, 551, 552, 553, 554, 555, 556, 557, 560, 564, 565, 566, 568, 569, 570, 571, 572, 574, 576, 578, 581, 582, 583, 587, 590, 591, 592, 601, 603, 604, 605, 611, 614, 616, 618, 619, 620, 622, 623, 624, 626, 627, 628, 630, 631, 634, 638, 647, 648, 649, 651, 663, 664, 665, 666, 679, 681, 683, 686, 690, 691, 694, 700, 701, 702, 703, 705, 706, 709, 710, 711, 712, 713, 714, 715, 716, 717, 718, 721, 723, 724, 725, 726, 727, 729, 732, 733, 736, 737, 738, 739, 740, 744, 746, 747, 748, 749, 750, 751, 753, 755, 757, 758, 759, 760, 761, 762, 763, 764, 766, 768, 769, 770, 771, 772, 773, 774, 775, 776, 777, 778, 780, 781, 783, 784, 786, 787, 788, 789, 790, 792, 793, 794, 795, 796, 797, 798, 800, 801, 802, 803, 804, 808, 818, 821, 822, 823, 824, 825, 826, 827, 830, 831, 838, 839, 840, 841, 842, 843, 844, 845, 846, 849, 856, 857, 860, 861, 865], "summary": {"covered_lines": 456, "num_statements": 534, "percent_covered": 85.3932584269663, "percent_covered_display": "85.4", "missing_lines": 78, "excluded_lines": 0, "percent_statements_covered": 85.3932584269663, "percent_statements_covered_display": "85.4"}, "missing_lines": [15, 16, 17, 89, 90, 91, 99, 100, 101, 142, 170, 178, 190, 255, 304, 326, 327, 328, 329, 330, 331, 332, 333, 334, 335, 336, 337, 339, 340, 350, 351, 352, 353, 354, 358, 359, 360, 361, 363, 364, 365, 366, 367, 368, 421, 438, 439, 478, 487, 510, 528, 558, 585, 632, 633, 667, 668, 669, 670, 671, 672, 680, 682, 684, 741, 742, 752, 832, 833, 834, 835, 848, 851, 852, 853, 855, 862, 863], "excluded_lines": [], "functions": {"MemoryManager.__init__": {"executed_lines": [41, 42, 43, 46, 48, 49, 51, 52, 54, 55, 57, 59, 61, 62, 64, 65, 67, 69, 71, 73, 76, 77, 78, 79, 80, 83], "summary": {"covered_lines": 26, "num_statements": 26, "percent_covered": 100.0, "percent_covered_display": "100.0", "missing_lines": 0, "excluded_lines": 0, "percent_statements_covered": 100.0, "percent_statements_covered_display": "100.0"}, "missing_lines": [], "excluded_lines": [], "start_line": 40}, "MemoryManager._load_inverted_index": {"executed_lines": [88, 92], "summary": {"covered_lines": 2, "num_statements": 5, "percent_covered": 40.0, "percent_covered_display": "40.0", "missing_lines": 3, "excluded_lines": 0, "percent_statements_covered": 40.0, "percent_statements_covered_display": "40.0"}, "missing_lines": [89, 90, 91], "excluded_lines": [], "start_line": 87}, "MemoryManager._save_inverted_index": {"executed_lines": [95], "summary": {"covered_lines": 1, "num_statements": 1, "percent_covered": 100.0, "percent_covered_display": "100.0", "missing_lines": 0, "excluded_lines": 0, "percent_statements_covered": 100.0, "percent_statements_covered_display": "100.0"}, "missing_lines": [], "excluded_lines": [], "start_line": 94}, "MemoryManager._load_character_activity": {"executed_lines": [98, 102], "summary": {"covered_lines": 2, "num_statements": 5, "percent_covered": 40.0, "percent_covered_display": "40.0", "missing_lines": 3, "excluded_lines": 0, "percent_statements_covered": 40.0, "percent_statements_covered_display": "40.0"}, "missing_lines": [99, 100, 101], "excluded_lines": [], "start_line": 97}, "MemoryManager._save_character_activity": {"executed_lines": [105], "summary": {"covered_lines": 1, "num_statements": 1, "percent_covered": 100.0, "percent_covered_display": "100.0", "missing_lines": 0, "excluded_lines": 0, "percent_statements_covered": 100.0, "percent_statements_covered_display": "100.0"}, "missing_lines": [], "excluded_lines": [], "start_line": 104}, "MemoryManager._chapter_to_volume": {"executed_lines": [111], "summary": {"covered_lines": 1, "num_statements": 1, "percent_covered": 100.0, "percent_covered_display": "100.0", "missing_lines": 0, "excluded_lines": 0, "percent_statements_covered": 100.0, "percent_statements_covered_display": "100.0"}, "missing_lines": [], "excluded_lines": [], "start_line": 109}, "MemoryManager.save_volume_summary": {"executed_lines": [115, 116], "summary": {"covered_lines": 2, "num_statements": 2, "percent_covered": 100.0, "percent_covered_display": "100.0", "missing_lines": 0, "excluded_lines": 0, "percent_statements_covered": 100.0, "percent_statements_covered_display": "100.0"}, "missing_lines": [], "excluded_lines": [], "start_line": 113}, "MemoryManager.get_volume_summary": {"executed_lines": [120, 121, 122, 123], "summary": {"covered_lines": 4, "num_statements": 4, "percent_covered": 100.0, "percent_covered_display": "100.0", "missing_lines": 0, "excluded_lines": 0, "percent_statements_covered": 100.0, "percent_statements_covered_display": "100.0"}, "missing_lines": [], "excluded_lines": [], "start_line": 118}, "MemoryManager.get_current_volume_summary": {"executed_lines": [127, 128], "summary": {"covered_lines": 2, "num_statements": 2, "percent_covered": 100.0, "percent_covered_display": "100.0", "missing_lines": 0, "excluded_lines": 0, "percent_statements_covered": 100.0, "percent_statements_covered_display": "100.0"}, "missing_lines": [], "excluded_lines": [], "start_line": 125}, "MemoryManager.auto_generate_volume_summary": {"executed_lines": [132, 133, 135, 136, 137, 138, 139, 141, 145, 146, 147], "summary": {"covered_lines": 11, "num_statements": 12, "percent_covered": 91.66666666666667, "percent_covered_display": "91.7", "missing_lines": 1, "excluded_lines": 0, "percent_statements_covered": 91.66666666666667, "percent_statements_covered_display": "91.7"}, "missing_lines": [142], "excluded_lines": [], "start_line": 130}, "MemoryManager.save_arc_summary": {"executed_lines": [153, 154, 155, 161], "summary": {"covered_lines": 4, "num_statements": 4, "percent_covered": 100.0, "percent_covered_display": "100.0", "missing_lines": 0, "excluded_lines": 0, "percent_statements_covered": 100.0, "percent_statements_covered_display": "100.0"}, "missing_lines": [], "excluded_lines": [], "start_line": 151}, "MemoryManager.get_arc_summary": {"executed_lines": [165, 166, 167, 168, 169], "summary": {"covered_lines": 5, "num_statements": 6, "percent_covered": 83.33333333333333, "percent_covered_display": "83.3", "missing_lines": 1, "excluded_lines": 0, "percent_statements_covered": 83.33333333333333, "percent_statements_covered_display": "83.3"}, "missing_lines": [170], "excluded_lines": [], "start_line": 163}, "MemoryManager.get_all_arcs": {"executed_lines": [174, 175, 176, 177, 179], "summary": {"covered_lines": 5, "num_statements": 6, "percent_covered": 83.33333333333333, "percent_covered_display": "83.3", "missing_lines": 1, "excluded_lines": 0, "percent_statements_covered": 83.33333333333333, "percent_statements_covered_display": "83.3"}, "missing_lines": [178], "excluded_lines": [], "start_line": 172}, "MemoryManager.save_global_summary": {"executed_lines": [184, 185], "summary": {"covered_lines": 2, "num_statements": 2, "percent_covered": 100.0, "percent_covered_display": "100.0", "missing_lines": 0, "excluded_lines": 0, "percent_statements_covered": 100.0, "percent_statements_covered_display": "100.0"}, "missing_lines": [], "excluded_lines": [], "start_line": 183}, "MemoryManager.get_global_summary": {"executed_lines": [188, 189], "summary": {"covered_lines": 2, "num_statements": 3, "percent_covered": 66.66666666666667, "percent_covered_display": "66.7", "missing_lines": 1, "excluded_lines": 0, "percent_statements_covered": 66.66666666666667, "percent_statements_covered_display": "66.7"}, "missing_lines": [190], "excluded_lines": [], "start_line": 187}, "MemoryManager.save_chapter_summary": {"executed_lines": [193, 194, 195, 198, 199, 200, 201, 202, 205, 207, 209, 210, 211], "summary": {"covered_lines": 13, "num_statements": 13, "percent_covered": 100.0, "percent_covered_display": "100.0", "missing_lines": 0, "excluded_lines": 0, "percent_statements_covered": 100.0, "percent_statements_covered_display": "100.0"}, "missing_lines": [], "excluded_lines": [], "start_line": 192}, "MemoryManager.get_chapter_summary": {"executed_lines": [214, 215, 216, 217], "summary": {"covered_lines": 4, "num_statements": 4, "percent_covered": 100.0, "percent_covered_display": "100.0", "missing_lines": 0, "excluded_lines": 0, "percent_statements_covered": 100.0, "percent_statements_covered_display": "100.0"}, "missing_lines": [], "excluded_lines": [], "start_line": 213}, "MemoryManager.get_recent_summaries": {"executed_lines": [221, 222, 223, 224, 225, 226, 227, 228], "summary": {"covered_lines": 8, "num_statements": 8, "percent_covered": 100.0, "percent_covered_display": "100.0", "missing_lines": 0, "excluded_lines": 0, "percent_statements_covered": 100.0, "percent_statements_covered_display": "100.0"}, "missing_lines": [], "excluded_lines": [], "start_line": 219}, "MemoryManager.get_chapter_range_summary": {"executed_lines": [232, 233, 234, 235, 236, 237], "summary": {"covered_lines": 6, "num_statements": 6, "percent_covered": 100.0, "percent_covered_display": "100.0", "missing_lines": 0, "excluded_lines": 0, "percent_statements_covered": 100.0, "percent_statements_covered_display": "100.0"}, "missing_lines": [], "excluded_lines": [], "start_line": 230}, "MemoryManager.update_character_activity": {"executed_lines": [243, 244, 245, 250, 251, 252, 254, 256, 257], "summary": {"covered_lines": 9, "num_statements": 10, "percent_covered": 90.0, "percent_covered_display": "90.0", "missing_lines": 1, "excluded_lines": 0, "percent_statements_covered": 90.0, "percent_statements_covered_display": "90.0"}, "missing_lines": [255], "excluded_lines": [], "start_line": 241}, "MemoryManager.get_active_characters": {"executed_lines": [261, 262, 263, 264, 265, 266, 269, 270], "summary": {"covered_lines": 8, "num_statements": 8, "percent_covered": 100.0, "percent_covered_display": "100.0", "missing_lines": 0, "excluded_lines": 0, "percent_statements_covered": 100.0, "percent_statements_covered_display": "100.0"}, "missing_lines": [], "excluded_lines": [], "start_line": 259}, "MemoryManager._update_inverted_index": {"executed_lines": [276, 277, 278, 279, 280, 281, 282, 284, 285], "summary": {"covered_lines": 9, "num_statements": 9, "percent_covered": 100.0, "percent_covered_display": "100.0", "missing_lines": 0, "excluded_lines": 0, "percent_statements_covered": 100.0, "percent_statements_covered_display": "100.0"}, "missing_lines": [], "excluded_lines": [], "start_line": 274}, "MemoryManager.retrieve_relevant": {"executed_lines": [292, 293, 294, 297, 298, 299, 300, 303, 307, 308, 309, 310, 311, 312, 313, 314, 316, 317, 319, 320, 322], "summary": {"covered_lines": 21, "num_statements": 22, "percent_covered": 95.45454545454545, "percent_covered_display": "95.5", "missing_lines": 1, "excluded_lines": 0, "percent_statements_covered": 95.45454545454545, "percent_statements_covered_display": "95.5"}, "missing_lines": [304], "excluded_lines": [], "start_line": 287}, "MemoryManager._fallback_search": {"executed_lines": [], "summary": {"covered_lines": 0, "num_statements": 14, "percent_covered": 0.0, "percent_covered_display": "0.0", "missing_lines": 14, "excluded_lines": 0, "percent_statements_covered": 0.0, "percent_statements_covered_display": "0.0"}, "missing_lines": [326, 327, 328, 329, 330, 331, 332, 333, 334, 335, 336, 337, 339, 340], "excluded_lines": [], "start_line": 324}, "MemoryManager._get_document_content": {"executed_lines": [345, 347, 348, 355, 356], "summary": {"covered_lines": 5, "num_statements": 20, "percent_covered": 25.0, "percent_covered_display": "25.0", "missing_lines": 15, "excluded_lines": 0, "percent_statements_covered": 25.0, "percent_statements_covered_display": "25.0"}, "missing_lines": [350, 351, 352, 353, 354, 358, 359, 360, 361, 363, 364, 365, 366, 367, 368], "excluded_lines": [], "start_line": 342}, "MemoryManager._calculate_relevance": {"executed_lines": [372, 373, 376, 377, 380, 381, 384, 387, 388, 391, 392, 399], "summary": {"covered_lines": 12, "num_statements": 12, "percent_covered": 100.0, "percent_covered_display": "100.0", "missing_lines": 0, "excluded_lines": 0, "percent_statements_covered": 100.0, "percent_statements_covered_display": "100.0"}, "missing_lines": [], "excluded_lines": [], "start_line": 370}, "MemoryManager._calc_freshness": {"executed_lines": [403, 404, 405, 406, 407, 409, 410, 411], "summary": {"covered_lines": 8, "num_statements": 8, "percent_covered": 100.0, "percent_covered_display": "100.0", "missing_lines": 0, "excluded_lines": 0, "percent_statements_covered": 100.0, "percent_statements_covered_display": "100.0"}, "missing_lines": [], "excluded_lines": [], "start_line": 401}, "MemoryManager._get_chunks_page": {"executed_lines": [417, 418, 419, 420, 422], "summary": {"covered_lines": 5, "num_statements": 6, "percent_covered": 83.33333333333333, "percent_covered_display": "83.3", "missing_lines": 1, "excluded_lines": 0, "percent_statements_covered": 83.33333333333333, "percent_statements_covered_display": "83.3"}, "missing_lines": [421], "excluded_lines": [], "start_line": 415}, "MemoryManager._save_chunks_page": {"executed_lines": [426, 427], "summary": {"covered_lines": 2, "num_statements": 2, "percent_covered": 100.0, "percent_covered_display": "100.0", "missing_lines": 0, "excluded_lines": 0, "percent_statements_covered": 100.0, "percent_statements_covered_display": "100.0"}, "missing_lines": [], "excluded_lines": [], "start_line": 424}, "MemoryManager._get_total_chunk_count": {"executed_lines": [431, 432, 433, 434, 435, 436, 437], "summary": {"covered_lines": 7, "num_statements": 9, "percent_covered": 77.77777777777777, "percent_covered_display": "77.8", "missing_lines": 2, "excluded_lines": 0, "percent_statements_covered": 77.77777777777777, "percent_statements_covered_display": "77.8"}, "missing_lines": [438, 439], "excluded_lines": [], "start_line": 429}, "MemoryManager.add_chunk": {"executed_lines": [445, 446, 447, 448, 450, 462, 463, 464, 465, 466, 469, 470, 472], "summary": {"covered_lines": 13, "num_statements": 13, "percent_covered": 100.0, "percent_covered_display": "100.0", "missing_lines": 0, "excluded_lines": 0, "percent_statements_covered": 100.0, "percent_statements_covered_display": "100.0"}, "missing_lines": [], "excluded_lines": [], "start_line": 441}, "MemoryManager._find_similar_chunk": {"executed_lines": [476, 477, 481, 482, 483, 484, 485, 486, 488, 489, 490, 491, 492], "summary": {"covered_lines": 13, "num_statements": 15, "percent_covered": 86.66666666666667, "percent_covered_display": "86.7", "missing_lines": 2, "excluded_lines": 0, "percent_statements_covered": 86.66666666666667, "percent_statements_covered_display": "86.7"}, "missing_lines": [478, 487], "excluded_lines": [], "start_line": 474}, "MemoryManager._merge_chunk": {"executed_lines": [497, 498, 499, 500, 501, 502, 503, 504, 505, 506, 507, 508, 509], "summary": {"covered_lines": 13, "num_statements": 14, "percent_covered": 92.85714285714286, "percent_covered_display": "92.9", "missing_lines": 1, "excluded_lines": 0, "percent_statements_covered": 92.85714285714286, "percent_statements_covered_display": "92.9"}, "missing_lines": [510], "excluded_lines": [], "start_line": 494}, "MemoryManager._get_timeline_page": {"executed_lines": [516], "summary": {"covered_lines": 1, "num_statements": 1, "percent_covered": 100.0, "percent_covered_display": "100.0", "missing_lines": 0, "excluded_lines": 0, "percent_statements_covered": 100.0, "percent_statements_covered_display": "100.0"}, "missing_lines": [], "excluded_lines": [], "start_line": 514}, "MemoryManager.add_event": {"executed_lines": [521, 522, 524, 525, 526, 527, 530, 538], "summary": {"covered_lines": 8, "num_statements": 9, "percent_covered": 88.88888888888889, "percent_covered_display": "88.9", "missing_lines": 1, "excluded_lines": 0, "percent_statements_covered": 88.88888888888889, "percent_statements_covered_display": "88.9"}, "missing_lines": [528], "excluded_lines": [], "start_line": 518}, "MemoryManager.get_timeline": {"executed_lines": [542, 543, 545, 546, 547, 549, 550, 551, 552, 553, 554, 555, 556, 557, 560], "summary": {"covered_lines": 15, "num_statements": 16, "percent_covered": 93.75, "percent_covered_display": "93.8", "missing_lines": 1, "excluded_lines": 0, "percent_statements_covered": 93.75, "percent_statements_covered_display": "93.8"}, "missing_lines": [558], "excluded_lines": [], "start_line": 540}, "MemoryManager.save_characters": {"executed_lines": [565, 566], "summary": {"covered_lines": 2, "num_statements": 2, "percent_covered": 100.0, "percent_covered_display": "100.0", "missing_lines": 0, "excluded_lines": 0, "percent_statements_covered": 100.0, "percent_statements_covered_display": "100.0"}, "missing_lines": [], "excluded_lines": [], "start_line": 564}, "MemoryManager.get_characters": {"executed_lines": [569, 570, 571, 572], "summary": {"covered_lines": 4, "num_statements": 4, "percent_covered": 100.0, "percent_covered_display": "100.0", "missing_lines": 0, "excluded_lines": 0, "percent_statements_covered": 100.0, "percent_statements_covered_display": "100.0"}, "missing_lines": [], "excluded_lines": [], "start_line": 568}, "MemoryManager.update_character": {"executed_lines": [576, 578, 581, 582, 583, 587, 590, 591, 592], "summary": {"covered_lines": 9, "num_statements": 10, "percent_covered": 90.0, "percent_covered_display": "90.0", "missing_lines": 1, "excluded_lines": 0, "percent_statements_covered": 90.0, "percent_statements_covered_display": "90.0"}, "missing_lines": [585], "excluded_lines": [], "start_line": 574}, "MemoryManager._update_score": {"executed_lines": [603, 604, 605, 611, 614], "summary": {"covered_lines": 5, "num_statements": 5, "percent_covered": 100.0, "percent_covered_display": "100.0", "missing_lines": 0, "excluded_lines": 0, "percent_statements_covered": 100.0, "percent_statements_covered_display": "100.0"}, "missing_lines": [], "excluded_lines": [], "start_line": 601}, "MemoryManager._increment_reference": {"executed_lines": [618, 619, 620, 622, 623, 624], "summary": {"covered_lines": 6, "num_statements": 6, "percent_covered": 100.0, "percent_covered_display": "100.0", "missing_lines": 0, "excluded_lines": 0, "percent_statements_covered": 100.0, "percent_statements_covered_display": "100.0"}, "missing_lines": [], "excluded_lines": [], "start_line": 616}, "MemoryManager._save_scores": {"executed_lines": [627, 628], "summary": {"covered_lines": 2, "num_statements": 2, "percent_covered": 100.0, "percent_covered_display": "100.0", "missing_lines": 0, "excluded_lines": 0, "percent_statements_covered": 100.0, "percent_statements_covered_display": "100.0"}, "missing_lines": [], "excluded_lines": [], "start_line": 626}, "MemoryManager._load_scores": {"executed_lines": [631, 634], "summary": {"covered_lines": 2, "num_statements": 4, "percent_covered": 50.0, "percent_covered_display": "50.0", "missing_lines": 2, "excluded_lines": 0, "percent_statements_covered": 50.0, "percent_statements_covered_display": "50.0"}, "missing_lines": [632, 633], "excluded_lines": [], "start_line": 630}, "MemoryManager.health_check": {"executed_lines": [647, 648, 649, 651, 663, 664, 665, 666, 679, 681, 683, 686], "summary": {"covered_lines": 12, "num_statements": 21, "percent_covered": 57.142857142857146, "percent_covered_display": "57.1", "missing_lines": 9, "excluded_lines": 0, "percent_statements_covered": 57.142857142857146, "percent_statements_covered_display": "57.1"}, "missing_lines": [667, 668, 669, 670, 671, 672, 680, 682, 684], "excluded_lines": [], "start_line": 638}, "MemoryManager._extract_keywords": {"executed_lines": [694, 700, 701, 702, 703, 705, 706, 709, 710, 711, 712, 713, 714, 715, 716, 717, 718, 721], "summary": {"covered_lines": 18, "num_statements": 18, "percent_covered": 100.0, "percent_covered_display": "100.0", "missing_lines": 0, "excluded_lines": 0, "percent_statements_covered": 100.0, "percent_statements_covered_display": "100.0"}, "missing_lines": [], "excluded_lines": [], "start_line": 691}, "MemoryManager.get_settings": {"executed_lines": [724, 725, 726, 727], "summary": {"covered_lines": 4, "num_statements": 4, "percent_covered": 100.0, "percent_covered_display": "100.0", "missing_lines": 0, "excluded_lines": 0, "percent_statements_covered": 100.0, "percent_statements_covered_display": "100.0"}, "missing_lines": [], "excluded_lines": [], "start_line": 723}, "MemoryManager.save_settings": {"executed_lines": [732, 733, 736, 737, 738, 739, 740], "summary": {"covered_lines": 7, "num_statements": 9, "percent_covered": 77.77777777777777, "percent_covered_display": "77.8", "missing_lines": 2, "excluded_lines": 0, "percent_statements_covered": 77.77777777777777, "percent_statements_covered_display": "77.8"}, "missing_lines": [741, 742], "excluded_lines": [], "start_line": 729}, "MemoryManager.get_meta": {"executed_lines": [746, 747, 748, 749, 750, 751, 753], "summary": {"covered_lines": 7, "num_statements": 8, "percent_covered": 87.5, "percent_covered_display": "87.5", "missing_lines": 1, "excluded_lines": 0, "percent_statements_covered": 87.5, "percent_statements_covered_display": "87.5"}, "missing_lines": [752], "excluded_lines": [], "start_line": 744}, "MemoryManager.set_meta": {"executed_lines": [757, 758, 759, 760, 761, 762, 763, 764], "summary": {"covered_lines": 8, "num_statements": 8, "percent_covered": 100.0, "percent_covered_display": "100.0", "missing_lines": 0, "excluded_lines": 0, "percent_statements_covered": 100.0, "percent_statements_covered_display": "100.0"}, "missing_lines": [], "excluded_lines": [], "start_line": 755}, "MemoryManager._format_settings_md": {"executed_lines": [768, 769, 770, 771, 772, 773, 774, 775, 776, 777, 778, 780, 781, 783, 784], "summary": {"covered_lines": 15, "num_statements": 15, "percent_covered": 100.0, "percent_covered_display": "100.0", "missing_lines": 0, "excluded_lines": 0, "percent_statements_covered": 100.0, "percent_statements_covered_display": "100.0"}, "missing_lines": [], "excluded_lines": [], "start_line": 766}, "MemoryManager.update_index": {"executed_lines": [787, 788, 789, 790], "summary": {"covered_lines": 4, "num_statements": 4, "percent_covered": 100.0, "percent_covered_display": "100.0", "missing_lines": 0, "excluded_lines": 0, "percent_statements_covered": 100.0, "percent_statements_covered_display": "100.0"}, "missing_lines": [], "excluded_lines": [], "start_line": 786}, "MemoryManager.search_by_keyword": {"executed_lines": [793, 794, 795, 796, 797, 798], "summary": {"covered_lines": 6, "num_statements": 6, "percent_covered": 100.0, "percent_covered_display": "100.0", "missing_lines": 0, "excluded_lines": 0, "percent_statements_covered": 100.0, "percent_statements_covered_display": "100.0"}, "missing_lines": [], "excluded_lines": [], "start_line": 792}, "MemoryManager._load_index": {"executed_lines": [801, 802, 803, 804], "summary": {"covered_lines": 4, "num_statements": 4, "percent_covered": 100.0, "percent_covered_display": "100.0", "missing_lines": 0, "excluded_lines": 0, "percent_statements_covered": 100.0, "percent_statements_covered_display": "100.0"}, "missing_lines": [], "excluded_lines": [], "start_line": 800}, "MemoryManager.build_smart_context": {"executed_lines": [818, 821, 822, 823, 824, 825, 826, 827, 830, 831, 838, 839, 840, 841, 842, 843, 844, 845, 846, 849, 856, 857, 860, 861, 865], "summary": {"covered_lines": 25, "num_statements": 36, "percent_covered": 69.44444444444444, "percent_covered_display": "69.4", "missing_lines": 11, "excluded_lines": 0, "percent_statements_covered": 69.44444444444444, "percent_statements_covered_display": "69.4"}, "missing_lines": [832, 833, 834, 835, 848, 851, 852, 853, 855, 862, 863], "excluded_lines": [], "start_line": 808}, "": {"executed_lines": [5, 6, 7, 8, 9, 10, 11, 13, 14, 20, 38, 40, 87, 94, 97, 104, 109, 113, 118, 125, 130, 151, 163, 172, 183, 187, 192, 213, 219, 230, 241, 259, 274, 287, 324, 342, 370, 401, 415, 424, 429, 441, 474, 494, 514, 518, 540, 564, 568, 574, 601, 616, 626, 630, 638, 690, 691, 723, 729, 744, 755, 766, 786, 792, 800, 808], "summary": {"covered_lines": 66, "num_statements": 69, "percent_covered": 95.65217391304348, "percent_covered_display": "95.7", "missing_lines": 3, "excluded_lines": 0, "percent_statements_covered": 95.65217391304348, "percent_statements_covered_display": "95.7"}, "missing_lines": [15, 16, 17], "excluded_lines": [], "start_line": 1}}, "classes": {"MemoryManager": {"executed_lines": [41, 42, 43, 46, 48, 49, 51, 52, 54, 55, 57, 59, 61, 62, 64, 65, 67, 69, 71, 73, 76, 77, 78, 79, 80, 83, 88, 92, 95, 98, 102, 105, 111, 115, 116, 120, 121, 122, 123, 127, 128, 132, 133, 135, 136, 137, 138, 139, 141, 145, 146, 147, 153, 154, 155, 161, 165, 166, 167, 168, 169, 174, 175, 176, 177, 179, 184, 185, 188, 189, 193, 194, 195, 198, 199, 200, 201, 202, 205, 207, 209, 210, 211, 214, 215, 216, 217, 221, 222, 223, 224, 225, 226, 227, 228, 232, 233, 234, 235, 236, 237, 243, 244, 245, 250, 251, 252, 254, 256, 257, 261, 262, 263, 264, 265, 266, 269, 270, 276, 277, 278, 279, 280, 281, 282, 284, 285, 292, 293, 294, 297, 298, 299, 300, 303, 307, 308, 309, 310, 311, 312, 313, 314, 316, 317, 319, 320, 322, 345, 347, 348, 355, 356, 372, 373, 376, 377, 380, 381, 384, 387, 388, 391, 392, 399, 403, 404, 405, 406, 407, 409, 410, 411, 417, 418, 419, 420, 422, 426, 427, 431, 432, 433, 434, 435, 436, 437, 445, 446, 447, 448, 450, 462, 463, 464, 465, 466, 469, 470, 472, 476, 477, 481, 482, 483, 484, 485, 486, 488, 489, 490, 491, 492, 497, 498, 499, 500, 501, 502, 503, 504, 505, 506, 507, 508, 509, 516, 521, 522, 524, 525, 526, 527, 530, 538, 542, 543, 545, 546, 547, 549, 550, 551, 552, 553, 554, 555, 556, 557, 560, 565, 566, 569, 570, 571, 572, 576, 578, 581, 582, 583, 587, 590, 591, 592, 603, 604, 605, 611, 614, 618, 619, 620, 622, 623, 624, 627, 628, 631, 634, 647, 648, 649, 651, 663, 664, 665, 666, 679, 681, 683, 686, 694, 700, 701, 702, 703, 705, 706, 709, 710, 711, 712, 713, 714, 715, 716, 717, 718, 721, 724, 725, 726, 727, 732, 733, 736, 737, 738, 739, 740, 746, 747, 748, 749, 750, 751, 753, 757, 758, 759, 760, 761, 762, 763, 764, 768, 769, 770, 771, 772, 773, 774, 775, 776, 777, 778, 780, 781, 783, 784, 787, 788, 789, 790, 793, 794, 795, 796, 797, 798, 801, 802, 803, 804, 818, 821, 822, 823, 824, 825, 826, 827, 830, 831, 838, 839, 840, 841, 842, 843, 844, 845, 846, 849, 856, 857, 860, 861, 865], "summary": {"covered_lines": 390, "num_statements": 465, "percent_covered": 83.87096774193549, "percent_covered_display": "83.9", "missing_lines": 75, "excluded_lines": 0, "percent_statements_covered": 83.87096774193549, "percent_statements_covered_display": "83.9"}, "missing_lines": [89, 90, 91, 99, 100, 101, 142, 170, 178, 190, 255, 304, 326, 327, 328, 329, 330, 331, 332, 333, 334, 335, 336, 337, 339, 340, 350, 351, 352, 353, 354, 358, 359, 360, 361, 363, 364, 365, 366, 367, 368, 421, 438, 439, 478, 487, 510, 528, 558, 585, 632, 633, 667, 668, 669, 670, 671, 672, 680, 682, 684, 741, 742, 752, 832, 833, 834, 835, 848, 851, 852, 853, 855, 862, 863], "excluded_lines": [], "start_line": 20}, "": {"executed_lines": [5, 6, 7, 8, 9, 10, 11, 13, 14, 20, 38, 40, 87, 94, 97, 104, 109, 113, 118, 125, 130, 151, 163, 172, 183, 187, 192, 213, 219, 230, 241, 259, 274, 287, 324, 342, 370, 401, 415, 424, 429, 441, 474, 494, 514, 518, 540, 564, 568, 574, 601, 616, 626, 630, 638, 690, 691, 723, 729, 744, 755, 766, 786, 792, 800, 808], "summary": {"covered_lines": 66, "num_statements": 69, "percent_covered": 95.65217391304348, "percent_covered_display": "95.7", "missing_lines": 3, "excluded_lines": 0, "percent_statements_covered": 95.65217391304348, "percent_statements_covered_display": "95.7"}, "missing_lines": [15, 16, 17], "excluded_lines": [], "start_line": 1}}}, "app\\note_manager.py": {"executed_lines": [5, 6, 7, 8, 9, 11, 14, 17, 18, 19, 22, 23, 25, 28, 29, 30, 31, 32, 33, 37, 38, 39, 40, 41, 43, 44, 45, 47, 48, 49, 55, 56, 57, 59, 60, 61, 62, 66, 67, 68, 69, 70, 71, 72, 74, 75, 76, 77, 78, 80, 81, 82, 89, 90, 91, 93, 94, 95, 96, 97, 98, 99, 100, 101, 102, 103, 105, 106, 107, 108, 112, 113, 114, 115, 116, 117, 118, 119, 121, 122, 123, 124, 125, 126, 128, 129, 130, 136, 137, 138, 140, 141, 142, 143, 147, 149, 150, 151, 152, 153, 154, 155, 156], "summary": {"covered_lines": 103, "num_statements": 103, "percent_covered": 100.0, "percent_covered_display": "100.0", "missing_lines": 0, "excluded_lines": 0, "percent_statements_covered": 100.0, "percent_statements_covered_display": "100.0"}, "missing_lines": [], "excluded_lines": [], "functions": {"NoteManager.__init__": {"executed_lines": [18, 19, 22, 23, 25, 28, 29, 30, 31, 32, 33], "summary": {"covered_lines": 11, "num_statements": 11, "percent_covered": 100.0, "percent_covered_display": "100.0", "missing_lines": 0, "excluded_lines": 0, "percent_statements_covered": 100.0, "percent_statements_covered_display": "100.0"}, "missing_lines": [], "excluded_lines": [], "start_line": 17}, "NoteManager.get_sticky_notes": {"executed_lines": [38, 39, 40, 41], "summary": {"covered_lines": 4, "num_statements": 4, "percent_covered": 100.0, "percent_covered_display": "100.0", "missing_lines": 0, "excluded_lines": 0, "percent_statements_covered": 100.0, "percent_statements_covered_display": "100.0"}, "missing_lines": [], "excluded_lines": [], "start_line": 37}, "NoteManager.save_sticky_notes": {"executed_lines": [44, 45], "summary": {"covered_lines": 2, "num_statements": 2, "percent_covered": 100.0, "percent_covered_display": "100.0", "missing_lines": 0, "excluded_lines": 0, "percent_statements_covered": 100.0, "percent_statements_covered_display": "100.0"}, "missing_lines": [], "excluded_lines": [], "start_line": 43}, "NoteManager.add_sticky_note": {"executed_lines": [48, 49, 55, 56, 57], "summary": {"covered_lines": 5, "num_statements": 5, "percent_covered": 100.0, "percent_covered_display": "100.0", "missing_lines": 0, "excluded_lines": 0, "percent_statements_covered": 100.0, "percent_statements_covered_display": "100.0"}, "missing_lines": [], "excluded_lines": [], "start_line": 47}, "NoteManager.delete_sticky_note": {"executed_lines": [60, 61, 62], "summary": {"covered_lines": 3, "num_statements": 3, "percent_covered": 100.0, "percent_covered_display": "100.0", "missing_lines": 0, "excluded_lines": 0, "percent_statements_covered": 100.0, "percent_statements_covered_display": "100.0"}, "missing_lines": [], "excluded_lines": [], "start_line": 59}, "NoteManager.get_project_notes": {"executed_lines": [67, 68, 69, 70, 71, 72], "summary": {"covered_lines": 6, "num_statements": 6, "percent_covered": 100.0, "percent_covered_display": "100.0", "missing_lines": 0, "excluded_lines": 0, "percent_statements_covered": 100.0, "percent_statements_covered_display": "100.0"}, "missing_lines": [], "excluded_lines": [], "start_line": 66}, "NoteManager.save_project_notes": {"executed_lines": [75, 76, 77, 78], "summary": {"covered_lines": 4, "num_statements": 4, "percent_covered": 100.0, "percent_covered_display": "100.0", "missing_lines": 0, "excluded_lines": 0, "percent_statements_covered": 100.0, "percent_statements_covered_display": "100.0"}, "missing_lines": [], "excluded_lines": [], "start_line": 74}, "NoteManager.add_project_note": {"executed_lines": [81, 82, 89, 90, 91], "summary": {"covered_lines": 5, "num_statements": 5, "percent_covered": 100.0, "percent_covered_display": "100.0", "missing_lines": 0, "excluded_lines": 0, "percent_statements_covered": 100.0, "percent_statements_covered_display": "100.0"}, "missing_lines": [], "excluded_lines": [], "start_line": 80}, "NoteManager.update_project_note": {"executed_lines": [94, 95, 96, 97, 98, 99, 100, 101, 102, 103], "summary": {"covered_lines": 10, "num_statements": 10, "percent_covered": 100.0, "percent_covered_display": "100.0", "missing_lines": 0, "excluded_lines": 0, "percent_statements_covered": 100.0, "percent_statements_covered_display": "100.0"}, "missing_lines": [], "excluded_lines": [], "start_line": 93}, "NoteManager.delete_project_note": {"executed_lines": [106, 107, 108], "summary": {"covered_lines": 3, "num_statements": 3, "percent_covered": 100.0, "percent_covered_display": "100.0", "missing_lines": 0, "excluded_lines": 0, "percent_statements_covered": 100.0, "percent_statements_covered_display": "100.0"}, "missing_lines": [], "excluded_lines": [], "start_line": 105}, "NoteManager.get_doc_notes": {"executed_lines": [113, 114, 115, 116, 117, 118, 119], "summary": {"covered_lines": 7, "num_statements": 7, "percent_covered": 100.0, "percent_covered_display": "100.0", "missing_lines": 0, "excluded_lines": 0, "percent_statements_covered": 100.0, "percent_statements_covered_display": "100.0"}, "missing_lines": [], "excluded_lines": [], "start_line": 112}, "NoteManager.save_doc_notes": {"executed_lines": [122, 123, 124, 125, 126], "summary": {"covered_lines": 5, "num_statements": 5, "percent_covered": 100.0, "percent_covered_display": "100.0", "missing_lines": 0, "excluded_lines": 0, "percent_statements_covered": 100.0, "percent_statements_covered_display": "100.0"}, "missing_lines": [], "excluded_lines": [], "start_line": 121}, "NoteManager.add_doc_note": {"executed_lines": [129, 130, 136, 137, 138], "summary": {"covered_lines": 5, "num_statements": 5, "percent_covered": 100.0, "percent_covered_display": "100.0", "missing_lines": 0, "excluded_lines": 0, "percent_statements_covered": 100.0, "percent_statements_covered_display": "100.0"}, "missing_lines": [], "excluded_lines": [], "start_line": 128}, "NoteManager.delete_doc_note": {"executed_lines": [141, 142, 143], "summary": {"covered_lines": 3, "num_statements": 3, "percent_covered": 100.0, "percent_covered_display": "100.0", "missing_lines": 0, "excluded_lines": 0, "percent_statements_covered": 100.0, "percent_statements_covered_display": "100.0"}, "missing_lines": [], "excluded_lines": [], "start_line": 140}, "NoteManager.send_sticky_to_project": {"executed_lines": [149, 150, 151, 152, 153, 154, 155, 156], "summary": {"covered_lines": 8, "num_statements": 8, "percent_covered": 100.0, "percent_covered_display": "100.0", "missing_lines": 0, "excluded_lines": 0, "percent_statements_covered": 100.0, "percent_statements_covered_display": "100.0"}, "missing_lines": [], "excluded_lines": [], "start_line": 147}, "": {"executed_lines": [5, 6, 7, 8, 9, 11, 14, 17, 37, 43, 47, 59, 66, 74, 80, 93, 105, 112, 121, 128, 140, 147], "summary": {"covered_lines": 22, "num_stat
[...]
s_covered": 100.0, "percent_statements_covered_display": "100.0"}, "missing_lines": [], "excluded_lines": [], "start_line": 145}, "get_secure_config": {"executed_lines": [], "summary": {"covered_lines": 0, "num_statements": 3, "percent_covered": 0.0, "percent_covered_display": "0.0", "missing_lines": 3, "excluded_lines": 0, "percent_statements_covered": 0.0, "percent_statements_covered_display": "0.0"}, "missing_lines": [157, 158, 159], "excluded_lines": [], "start_line": 154}, "": {"executed_lines": [5, 6, 7, 8, 9, 10, 11, 12, 13, 15, 18, 21, 29, 46, 52, 70, 90, 113, 132, 136, 141, 145, 151, 154], "summary": {"covered_lines": 24, "num_statements": 24, "percent_covered": 100.0, "percent_covered_display": "100.0", "missing_lines": 0, "excluded_lines": 0, "percent_statements_covered": 100.0, "percent_statements_covered_display": "100.0"}, "missing_lines": [], "excluded_lines": [], "start_line": 1}}, "classes": {"SecureConfig": {"executed_lines": [22, 23, 24, 25, 26, 27, 31, 33, 36, 37, 39, 40, 44, 48, 50, 54, 56, 57, 58, 61, 67, 68, 72, 73, 75, 76, 77, 80, 81, 82, 83, 85, 86, 87, 88, 92, 115, 118, 119, 120, 121, 123, 124, 127, 128, 134, 138, 139, 143, 147], "summary": {"covered_lines": 50, "num_statements": 58, "percent_covered": 86.20689655172414, "percent_covered_display": "86.2", "missing_lines": 8, "excluded_lines": 0, "percent_statements_covered": 86.20689655172414, "percent_statements_covered_display": "86.2"}, "missing_lines": [41, 43, 49, 55, 63, 64, 129, 130], "excluded_lines": [], "start_line": 18}, "": {"executed_lines": [5, 6, 7, 8, 9, 10, 11, 12, 13, 15, 18, 21, 29, 46, 52, 70, 90, 113, 132, 136, 141, 145, 151, 154], "summary": {"covered_lines": 24, "num_statements": 27, "percent_covered": 88.88888888888889, "percent_covered_display": "88.9", "missing_lines": 3, "excluded_lines": 0, "percent_statements_covered": 88.88888888888889, "percent_statements_covered_display": "88.9"}, "missing_lines": [157, 158, 159], "excluded_lines": [], "start_line": 1}}}, "app\\writing_skills.py": {"executed_lines": [11, 12, 13, 14, 15, 16, 19, 20, 23, 24, 25, 26, 27, 30, 32, 34, 43, 103, 106, 107, 108, 110, 112, 115, 117, 119, 127, 130, 131, 132, 133, 136, 137, 138, 139, 142, 143, 144, 145, 148, 149, 150, 154, 157, 160, 162, 164, 165, 168, 169, 171, 174, 175, 176, 177, 180, 183, 185, 188, 190, 391, 394, 397, 398, 399, 400, 402, 404, 411, 413, 421, 423, 431, 433, 435, 437, 439, 442, 443, 445, 446, 448, 449, 451, 454, 456, 458, 459, 460, 461, 462, 463, 465, 466, 468, 470, 472, 474, 476, 477, 478, 479, 480, 481, 484, 485, 486, 487, 488, 489, 492, 493, 494, 495, 496, 499, 502, 503, 504, 506, 508, 510, 515, 516, 518, 520, 521, 522, 523, 524, 525, 526, 527, 530, 533, 534, 535, 536, 538, 541, 552, 555, 556, 558, 560, 563, 564, 566, 567, 568, 571, 574, 575, 578, 579, 581, 584, 586, 588, 589, 592, 593, 596, 597, 600, 601, 603, 606, 607, 609, 611, 612, 614, 616, 618, 619, 621, 622, 623, 625, 627, 629, 630, 632, 634, 635, 636, 637, 638, 639, 640, 643, 646, 647, 648, 649, 650, 651, 653, 655, 658, 659, 660, 661, 662, 663, 664, 668, 669, 671, 673, 675, 678, 681, 682, 683, 686, 687, 688, 690, 692, 696, 699, 700, 703, 712, 713, 714, 715, 719, 720, 721, 722, 723, 725, 726, 727, 728, 730, 732, 733, 735, 736, 739, 740, 749, 751, 753, 754, 755, 757, 758, 759, 761, 762, 763, 764, 765, 766, 767, 768, 769, 770, 771, 772, 778], "summary": {"covered_lines": 266, "num_statements": 276, "percent_covered": 96.3768115942029, "percent_covered_display": "96.4", "missing_lines": 10, "excluded_lines": 0, "percent_statements_covered": 96.3768115942029, "percent_statements_covered_display": "96.4"}, "missing_lines": [151, 155, 158, 178, 181, 452, 455, 665, 773, 774], "excluded_lines": [], "functions": {"WritingStyleConfig.to_prompt": {"executed_lines": [34], "summary": {"covered_lines": 1, "num_statements": 1, "percent_covered": 100.0, "percent_covered_display": "100.0", "missing_lines": 0, "excluded_lines": 0, "percent_statements_covered": 100.0, "percent_statements_covered_display": "100.0"}, "missing_lines": [], "excluded_lines": [], "start_line": 32}, "AntiSlopProcessor.__init__": {"executed_lines": [107, 108], "summary": {"covered_lines": 2, "num_statements": 2, "percent_covered": 100.0, "percent_covered_display": "100.0", "missing_lines": 0, "excluded_lines": 0, "percent_statements_covered": 100.0, "percent_statements_covered_display": "100.0"}, "missing_lines": [], "excluded_lines": [], "start_line": 106}, "AntiSlopProcessor._compile_patterns": {"executed_lines": [112, 115], "summary": {"covered_lines": 2, "num_statements": 2, "percent_covered": 100.0, "percent_covered_display": "100.0", "missing_lines": 0, "excluded_lines": 0, "percent_statements_covered": 100.0, "percent_statements_covered_display": "100.0"}, "missing_lines": [], "excluded_lines": [], "start_line": 110}, "AntiSlopProcessor.check_text": {"executed_lines": [119, 127, 130, 131, 132, 133, 136, 137, 138, 139, 142, 143, 144, 145, 148, 149, 150, 154, 157, 160], "summary": {"covered_lines": 20, "num_statements": 23, "percent_covered": 86.95652173913044, "percent_covered_display": "87.0", "missing_lines": 3, "excluded_lines": 0, "percent_statements_covered": 86.95652173913044, "percent_statements_covered_display": "87.0"}, "missing_lines": [151, 155, 158], "excluded_lines": [], "start_line": 117}, "AntiSlopProcessor.fix_text": {"executed_lines": [164, 165, 168, 169, 171, 174, 175, 176, 177, 180, 183], "summary": {"covered_lines": 11, "num_statements": 13, "percent_covered": 84.61538461538461, "percent_covered_display": "84.6", "missing_lines": 2, "excluded_lines": 0, "percent_statements_covered": 84.61538461538461, "percent_statements_covered_display": "84.6"}, "missing_lines": [178, 181], "excluded_lines": [], "start_line": 162}, "AntiSlopProcessor.get_writing_tips": {"executed_lines": [188, 190, 391], "summary": {"covered_lines": 3, "num_statements": 3, "percent_covered": 100.0, "percent_covered_display": "100.0", "missing_lines": 0, "excluded_lines": 0, "percent_statements_covered": 100.0, "percent_statements_covered_display": "100.0"}, "missing_lines": [], "excluded_lines": [], "start_line": 185}, "KnowledgeGraph.__init__": {"executed_lines": [398, 399, 400], "summary": {"covered_lines": 3, "num_statements": 3, "percent_covered": 100.0, "percent_covered_display": "100.0", "missing_lines": 0, "excluded_lines": 0, "percent_statements_covered": 100.0, "percent_statements_covered_display": "100.0"}, "missing_lines": [], "excluded_lines": [], "start_line": 397}, "KnowledgeGraph.add_entity": {"executed_lines": [404], "summary": {"covered_lines": 1, "num_statements": 1, "percent_covered": 100.0, "percent_covered_display": "100.0", "missing_lines": 0, "excluded_lines": 0, "percent_statements_covered": 100.0, "percent_statements_covered_display": "100.0"}, "missing_lines": [], "excluded_lines": [], "start_line": 402}, "KnowledgeGraph.add_relation": {"executed_lines": [413], "summary": {"covered_lines": 1, "num_statements": 1, "percent_covered": 100.0, "percent_covered_display": "100.0", "missing_lines": 0, "excluded_lines": 0, "percent_statements_covered": 100.0, "percent_statements_covered_display": "100.0"}, "missing_lines": [], "excluded_lines": [], "start_line": 411}, "KnowledgeGraph.add_event": {"executed_lines": [423], "summary": {"covered_lines": 1, "num_statements": 1, "percent_covered": 100.0, "percent_covered_display": "100.0", "missing_lines": 0, "excluded_lines": 0, "percent_statements_covered": 100.0, "percent_statements_covered_display": "100.0"}, "missing_lines": [], "excluded_lines": [], "start_line": 421}, "KnowledgeGraph.get_character_relations": {"executed_lines": [433], "summary": {"covered_lines": 1, "num_statements": 1, "percent_covered": 100.0, "percent_covered_display": "100.0", "missing_lines": 0, "excluded_lines": 0, "percent_statements_covered": 100.0, "percent_statements_covered_display": "100.0"}, "missing_lines": [], "excluded_lines": [], "start_line": 431}, "KnowledgeGraph.get_character_events": {"executed_lines": [437], "summary": {"covered_lines": 1, "num_statements": 1, "percent_covered": 100.0, "percent_covered_display": "100.0", "missing_lines": 0, "excluded_lines": 0, "percent_statements_covered": 100.0, "percent_statements_covered_display": "100.0"}, "missing_lines": [], "excluded_lines": [], "start_line": 435}, "KnowledgeGraph.get_relation_chain": {"executed_lines": [442, 443, 445, 446, 448, 449, 451, 454, 456, 458, 459, 460, 461, 462, 463, 465, 466, 468], "summary": {"covered_lines": 18, "num_statements": 20, "percent_covered": 90.0, "percent_covered_display": "90.0", "missing_lines": 2, "excluded_lines": 0, "percent_statements_covered": 90.0, "percent_statements_covered_display": "90.0"}, "missing_lines": [452, 455], "excluded_lines": [], "start_line": 439}, "KnowledgeGraph.to_context_string": {"executed_lines": [472, 474, 476, 477, 478, 479, 480, 481, 484, 485, 486, 487, 488, 489, 492, 493, 494, 495, 496, 499, 502, 503, 504, 506], "summary": {"covered_lines": 24, "num_statements": 24, "percent_covered": 100.0, "percent_covered_display": "100.0", "missing_lines": 0, "excluded_lines": 0, "percent_statements_covered": 100.0, "percent_statements_covered_display": "100.0"}, "missing_lines": [], "excluded_lines": [], "start_line": 470}, "KnowledgeGraph.save": {"executed_lines": [510, 515, 516], "summary": {"covered_lines": 3, "num_statements": 3, "percent_covered": 100.0, "percent_covered_display": "100.0", "missing_lines": 0, "excluded_lines": 0, "percent_statements_covered": 100.0, "percent_statements_covered_display": "100.0"}, "missing_lines": [], "excluded_lines": [], "start_line": 508}, "KnowledgeGraph.load": {"executed_lines": [520, 521, 522, 523, 524, 525, 526, 527], "summary": {"covered_lines": 8, "num_statements": 8, "percent_covered": 100.0, "percent_covered_display": "100.0", "missing_lines": 0, "excluded_lines": 0, "percent_statements_covered": 100.0, "percent_statements_covered_display": "100.0"}, "missing_lines": [], "excluded_lines": [], "start_line": 518}, "TimeAwareMemory.__init__": {"executed_lines": [534, 535, 536], "summary": {"covered_lines": 3, "num_statements": 3, "percent_covered": 100.0, "percent_covered_display": "100.0", "missing_lines": 0, "excluded_lines": 0, "percent_statements_covered": 100.0, "percent_statements_covered_display": "100.0"}, "missing_lines": [], "excluded_lines": [], "start_line": 533}, "TimeAwareMemory.add_memory": {"executed_lines": [541, 552, 555, 556], "summary": {"covered_lines": 4, "num_statements": 4, "percent_covered": 100.0, "percent_covered_display": "100.0", "missing_lines": 0, "excluded_lines": 0, "percent_statements_covered": 100.0, "percent_statements_covered_display": "100.0"}, "missing_lines": [], "excluded_lines": [], "start_line": 538}, "TimeAwareMemory._cleanup": {"executed_lines": [560, 563, 564, 566, 567, 568, 571, 574, 575, 578, 579], "summary": {"covered_lines": 11, "num_statements": 11, "percent_covered": 100.0, "percent_covered_display": "100.0", "missing_lines": 0, "excluded_lines": 0, "percent_statements_covered": 100.0, "percent_statements_covered_display": "100.0"}, "missing_lines": [], "excluded_lines": [], "start_line": 558}, "TimeAwareMemory.query": {"executed_lines": [584, 586, 588, 589, 592, 593, 596, 597, 600, 601, 603, 606, 607], "summary": {"covered_lines": 13, "num_statements": 13, "percent_covered": 100.0, "percent_covered_display": "100.0", "missing_lines": 0, "excluded_lines": 0, "percent_statements_covered": 100.0, "percent_statements_covered_display": "100.0"}, "missing_lines": [], "excluded_lines": [], "start_line": 581}, "TimeAwareMemory.get_recent": {"executed_lines": [611, 612], "summary": {"covered_lines": 2, "num_statements": 2, "percent_covered": 100.0, "percent_covered_display": "100.0", "missing_lines": 0, "excluded_lines": 0, "percent_statements_covered": 100.0, "percent_statements_covered_display": "100.0"}, "missing_lines": [], "excluded_lines": [], "start_line": 609}, "TimeAwareMemory.get_context_string": {"executed_lines": [616, 618, 619, 621, 622, 623, 625], "summary": {"covered_lines": 7, "num_statements": 7, "percent_covered": 100.0, "percent_covered_display": "100.0", "missing_lines": 0, "excluded_lines": 0, "percent_statements_covered": 100.0, "percent_statements_covered_display": "100.0"}, "missing_lines": [], "excluded_lines": [], "start_line": 614}, "TimeAwareMemory.save": {"executed_lines": [629, 630], "summary": {"covered_lines": 2, "num_statements": 2, "percent_covered": 100.0, "percent_covered_display": "100.0", "missing_lines": 0, "excluded_lines": 0, "percent_statements_covered": 100.0, "percent_statements_covered_display": "100.0"}, "missing_lines": [], "excluded_lines": [], "start_line": 627}, "TimeAwareMemory.load": {"executed_lines": [634, 635, 636, 637, 638, 639, 640], "summary": {"covered_lines": 7, "num_statements": 7, "percent_covered": 100.0, "percent_covered_display": "100.0", "missing_lines": 0, "excluded_lines": 0, "percent_statements_covered": 100.0, "percent_statements_covered_display": "100.0"}, "missing_lines": [], "excluded_lines": [], "start_line": 632}, "WritingSkillManager.__init__": {"executed_lines": [647, 648, 649, 650, 651], "summary": {"covered_lines": 5, "num_statements": 5, "percent_covered": 100.0, "percent_covered_display": "100.0", "missing_lines": 0, "excluded_lines": 0, "percent_statements_covered": 100.0, "percent_statements_covered_display": "100.0"}, "missing_lines": [], "excluded_lines": [], "start_line": 646}, "WritingSkillManager.analyze_and_improve": {"executed_lines": [655, 658, 659, 660, 661, 662, 663, 664, 668, 669, 671], "summary": {"covered_lines": 11, "num_statements": 12, "percent_covered": 91.66666666666667, "percent_covered_display": "91.7", "missing_lines": 1, "excluded_lines": 0, "percent_statements_covered": 91.66666666666667, "percent_statements_covered_display": "91.7"}, "missing_lines": [665], "excluded_lines": [], "start_line": 653}, "WritingSkillManager.get_writing_context": {"executed_lines": [675, 678, 681, 682, 683, 686, 687, 688, 690], "summary": {"covered_lines": 9, "num_statements": 9, "percent_covered": 100.0, "percent_covered_display": "100.0", "missing_lines": 0, "excluded_lines": 0, "percent_statements_covered": 100.0, "percent_statements_covered_display": "100.0"}, "missing_lines": [], "excluded_lines": [], "start_line": 673}, "WritingSkillManager.learn_from_chapter": {"executed_lines": [696, 699, 700, 703, 712, 713, 714, 715, 719, 720, 721, 722, 723, 725, 726, 727, 728], "summary": {"covered_lines": 17, "num_statements": 17, "percent_covered": 100.0, "percent_covered_display": "100.0", "missing_lines": 0, "excluded_lines": 0, "percent_statements_covered": 100.0, "percent_statements_covered_display": "100.0"}, "missing_lines": [], "excluded_lines": [], "start_line": 692}, "WritingSkillManager.save_all": {"executed_lines": [732, 733, 735, 736, 739, 740], "summary": {"covered_lines": 6, "num_statements": 6, "percent_covered": 100.0, "percent_covered_display": "100.0", "missing_lines": 0, "excluded_lines": 0, "percent_statements_covered": 100.0, "percent_statements_covered_display": "100.0"}, "missing_lines": [], "excluded_lines": [], "start_line": 730}, "WritingSkillManager.load_all": {"executed_lines": [751, 753, 754, 755, 757, 758, 759, 761, 762, 763, 764, 765, 766, 767, 768, 769, 770, 771, 772], "summary": {"covered_lines": 19, "num_statements": 21, "percent_covered": 90.47619047619048, "percent_covered_display": "90.5", "missing_lines": 2, "excluded_lines": 0, "percent_statements_covered": 90.47619047619048, "percent_statements_covered_display": "90.5"}, "missing_lines": [773, 774], "excluded_lines": [], "start_line": 749}, "": {"executed_lines": [11, 12, 13, 14, 15, 16, 19, 20, 23, 24, 25, 26, 27, 30, 32, 43, 103, 106, 110, 117, 162, 185, 394, 397, 402, 411, 421, 431, 435, 439, 470, 508, 518, 530, 533, 538, 558, 581, 609, 614, 627, 632, 643, 646, 653, 673, 692, 730, 749, 778], "summary": {"covered_lines": 50, "num_statements": 50, "percent_covered": 100.0, "percent_covered_display": "100.0", "missing_lines": 0, "excluded_lines": 0, "percent_statements_covered": 100.0, "percent_statements_covered_display": "100.0"}, "missing_lines": [], "excluded_lines": [], "start_line": 1}}, "classes": {"WritingStyleConfig": {"executed_lines": [34], "summary": {"covered_lines": 1, "num_statements": 1, "percent_covered": 100.0, "percent_covered_display": "100.0", "missing_lines": 0, "excluded_lines": 0, "percent_statements_covered": 100.0, "percent_statements_covered_display": "100.0"}, "missing_lines": [], "excluded_lines": [], "start_line": 20}, "AntiSlopProcessor": {"executed_lines": [107, 108, 112, 115, 119, 127, 130, 131, 132, 133, 136, 137, 138, 139, 142, 143, 144, 145, 148, 149, 150, 154, 157, 160, 164, 165, 168, 169, 171, 174, 175, 176, 177, 180, 183, 188, 190, 391], "summary": {"covered_lines": 38, "num_statements": 43, "percent_covered": 88.37209302325581, "percent_covered_display": "88.4", "missing_lines": 5, "excluded_lines": 0, "percent_statements_covered": 88.37209302325581, "percent_statements_covered_display": "88.4"}, "missing_lines": [151, 155, 158, 178, 181], "excluded_lines": [], "start_line": 103}, "KnowledgeGraph": {"executed_lines": [398, 399, 400, 404, 413, 423, 433, 437, 442, 443, 445, 446, 448, 449, 451, 454, 456, 458, 459, 460, 461, 462, 463, 465, 466, 468, 472, 474, 476, 477, 478, 479, 480, 481, 484, 485, 486, 487, 488, 489, 492, 493, 494, 495, 496, 499, 502, 503, 504, 506, 510, 515, 516, 520, 521, 522, 523, 524, 525, 526, 527], "summary": {"covered_lines": 61, "num_statements": 63, "percent_covered": 96.82539682539682, "percent_covered_display": "96.8", "missing_lines": 2, "excluded_lines": 0, "percent_statements_covered": 96.82539682539682, "percent_statements_covered_display": "96.8"}, "missing_lines": [452, 455], "excluded_lines": [], "start_line": 394}, "TimeAwareMemory": {"executed_lines": [534, 535, 536, 541, 552, 555, 556, 560, 563, 564, 566, 567, 568, 571, 574, 575, 578, 579, 584, 586, 588, 589, 592, 593, 596, 597, 600, 601, 603, 606, 607, 611, 612, 616, 618, 619, 621, 622, 623, 625, 629, 630, 634, 635, 636, 637, 638, 639, 640], "summary": {"covered_lines": 49, "num_statements": 49, "percent_covered": 100.0, "percent_covered_display": "100.0", "missing_lines": 0, "excluded_lines": 0, "percent_statements_covered": 100.0, "percent_statements_covered_display": "100.0"}, "missing_lines": [], "excluded_lines": [], "start_line": 530}, "WritingSkillManager": {"executed_lines": [647, 648, 649, 650, 651, 655, 658, 659, 660, 661, 662, 663, 664, 668, 669, 671, 675, 678, 681, 682, 683, 686, 687, 688, 690, 696, 699, 700, 703, 712, 713, 714, 715, 719, 720, 721, 722, 723, 725, 726, 727, 728, 732, 733, 735, 736, 739, 740, 751, 753, 754, 755, 757, 758, 759, 761, 762, 763, 764, 765, 766, 767, 768, 769, 770, 771, 772], "summary": {"covered_lines": 67, "num_statements": 70, "percent_covered": 95.71428571428571, "percent_covered_display": "95.7", "missing_lines": 3, "excluded_lines": 0, "percent_statements_covered": 95.71428571428571, "percent_statements_covered_display": "95.7"}, "missing_lines": [665, 773, 774], "excluded_lines": [], "start_line": 643}, "": {"executed_lines": [11, 12, 13, 14, 15, 16, 19, 20, 23, 24, 25, 26, 27, 30, 32, 43, 103, 106, 110, 117, 162, 185, 394, 397, 402, 411, 421, 431, 435, 439, 470, 508, 518, 530, 533, 538, 558, 581, 609, 614, 627, 632, 643, 646, 653, 673, 692, 730, 749, 778], "summary": {"covered_lines": 50, "num_statements": 50, "percent_covered": 100.0, "percent_covered_display": "100.0", "missing_lines": 0, "excluded_lines": 0, "percent_statements_covered": 100.0, "percent_statements_covered_display": "100.0"}, "missing_lines": [], "excluded_lines": [], "start_line": 1}}}}, "totals": {"covered_lines": 2958, "num_statements": 3399, "percent_covered": 87.02559576345985, "percent_covered_display": "87.0", "missing_lines": 441, "excluded_lines": 0, "percent_statements_covered": 87.02559576345985, "percent_statements_covered_display": "87.0"}}