{"meta": {"format": 3, "version": "7.14.3", "timestamp": "2026-06-30T00:40:48.424652", "branch_coverage": false, "show_contexts": false}, "files": {"app\\__init__.py": {"executed_lines": [5, 6, 9, 11, 12, 13, 22, 23, 24, 27, 28, 29, 30, 31, 32, 33, 34, 36], "summary": {"covered_lines": 18, "num_statements": 22, "percent_covered": 81.81818181818181, "percent_covered_display": "82", "missing_lines": 4, "excluded_lines": 0, "percent_statements_covered": 81.81818181818181, "percent_statements_covered_display": "82"}, "missing_lines": [14, 15, 16, 18], "excluded_lines": [], "functions": {"_safe_import": {"executed_lines": [11, 12, 13], "summary": {"covered_lines": 3, "num_statements": 7, "percent_covered": 42.857142857142854, "percent_covered_display": "43", "missing_lines": 4, "excluded_lines": 0, "percent_statements_covered": 42.857142857142854, "percent_statements_covered_display": "43"}, "missing_lines": [14, 15, 16, 18], "excluded_lines": [], "start_line": 9}, "": {"executed_lines": [5, 6, 9, 22, 23, 24, 27, 28, 29, 30, 31, 32, 33, 34, 36], "summary": {"covered_lines": 15, "num_statements": 15, "percent_covered": 100.0, "percent_covered_display": "100", "missing_lines": 0, "excluded_lines": 0, "percent_statements_covered": 100.0, "percent_statements_covered_display": "100"}, "missing_lines": [], "excluded_lines": [], "start_line": 1}}, "classes": {"": {"executed_lines": [5, 6, 9, 11, 12, 13, 22, 23, 24, 27, 28, 29, 30, 31, 32, 33, 34, 36], "summary": {"covered_lines": 18, "num_statements": 22, "percent_covered": 81.81818181818181, "percent_covered_display": "82", "missing_lines": 4, "excluded_lines": 0, "percent_statements_covered": 81.81818181818181, "percent_statements_covered_display": "82"}, "missing_lines": [14, 15, 16, 18], "excluded_lines": [], "start_line": 1}}}, "app\\agent_orchestrator.py": {"executed_lines": [5, 6, 7, 8, 9, 11, 14, 17, 18, 19, 20, 21, 23, 25, 26, 28, 30, 31, 35, 57, 67, 72, 75, 76, 85, 86, 104, 105, 117, 120, 121], "summary": {"covered_lines": 31, "num_statements": 74, "percent_covered": 41.891891891891895, "percent_covered_display": "42", "missing_lines": 43, "excluded_lines": 0, "percent_statements_covered": 41.891891891891895, "percent_statements_covered_display": "42"}, "missing_lines": [32, 33, 37, 38, 40, 41, 44, 46, 47, 48, 49, 50, 51, 52, 53, 55, 59, 60, 61, 69, 88, 89, 90, 92, 93, 94, 95, 97, 98, 99, 100, 102, 106, 107, 109, 111, 112, 113, 114, 125, 127, 128, 130], "excluded_lines": [], "functions": {"AgentOrchestrator.__init__": {"executed_lines": [18, 19, 20, 21], "summary": {"covered_lines": 4, "num_statements": 4, "percent_covered": 100.0, "percent_covered_display": "100", "missing_lines": 0, "excluded_lines": 0, "percent_statements_covered": 100.0, "percent_statements_covered_display": "100"}, "missing_lines": [], "excluded_lines": [], "start_line": 17}, "AgentOrchestrator.shutdown": {"executed_lines": [25, 26], "summary": {"covered_lines": 2, "num_statements": 2, "percent_covered": 100.0, "percent_covered_display": "100", "missing_lines": 0, "excluded_lines": 0, "percent_statements_covered": 100.0, "percent_statements_covered_display": "100"}, "missing_lines": [], "excluded_lines": [], "start_line": 23}, "AgentOrchestrator.__del__": {"executed_lines": [30, 31], "summary": {"covered_lines": 2, "num_statements": 4, "percent_covered": 50.0, "percent_covered_display": "50", "missing_lines": 2, "excluded_lines": 0, "percent_statements_covered": 50.0, "percent_statements_covered_display": "50"}, "missing_lines": [32, 33], "excluded_lines": [], "start_line": 28}, "AgentOrchestrator.run_parallel": {"executed_lines": [], "summary": {"covered_lines": 0, "num_statements": 14, "percent_covered": 0.0, "percent_covered_display": "0", "missing_lines": 14, "excluded_lines": 0, "percent_statements_covered": 0.0, "percent_statements_covered_display": "0"}, "missing_lines": [37, 38, 40, 41, 44, 46, 47, 48, 49, 50, 51, 52, 53, 55], "excluded_lines": [], "start_line": 35}, "AgentOrchestrator._execute_task": {"executed_lines": [], "summary": {"covered_lines": 0, "num_statements": 3, "percent_covered": 0.0, "percent_covered_display": "0", "missing_lines": 3, "excluded_lines": 0, "percent_statements_covered": 0.0, "percent_statements_covered_display": "0"}, "missing_lines": [59, 60, 61], "excluded_lines": [], "start_line": 57}, "AgentOrchestrator.get_metrics": {"executed_lines": [], "summary": {"covered_lines": 0, "num_statements": 1, "percent_covered": 0.0, "percent_covered_display": "0", "missing_lines": 1, "excluded_lines": 0, "percent_statements_covered": 0.0, "percent_statements_covered_display": "0"}, "missing_lines": [69], "excluded_lines": [], "start_line": 67}, "ContextOptimizer.optimize": {"executed_lines": [], "summary": {"covered_lines": 0, "num_statements": 12, "percent_covered": 0.0, "percent_covered_display": "0", "missing_lines": 12, "excluded_lines": 0, "percent_statements_covered": 0.0, "percent_statements_covered_display": "0"}, "missing_lines": [88, 89, 90, 92, 93, 94, 95, 97, 98, 99, 100, 102], "excluded_lines": [], "start_line": 86}, "ContextOptimizer._truncate": {"executed_lines": [], "summary": {"covered_lines": 0, "num_statements": 7, "percent_covered": 0.0, "percent_covered_display": "0", "missing_lines": 7, "excluded_lines": 0, "percent_statements_covered": 0.0, "percent_statements_covered_display": "0"}, "missing_lines": [106, 107, 109, 111, 112, 113, 114], "excluded_lines": [], "start_line": 105}, "PromptOptimizer.optimize_prompt": {"executed_lines": [], "summary": {"covered_lines": 0, "num_statements": 4, "percent_covered": 0.0, "percent_covered_display": "0", "missing_lines": 4, "excluded_lines": 0, "percent_statements_covered": 0.0, "percent_statements_covered_display": "0"}, "missing_lines": [125, 127, 128, 130], "excluded_lines": [], "start_line": 121}, "": {"executed_lines": [5, 6, 7, 8, 9, 11, 14, 17, 23, 28, 35, 57, 67, 72, 75, 76, 85, 86, 104, 105, 117, 120, 121], "summary": {"covered_lines": 23, "num_statements": 23, "percent_covered": 100.0, "percent_covered_display": "100", "missing_lines": 0, "excluded_lines": 0, "percent_statements_covered": 100.0, "percent_statements_covered_display": "100"}, "missing_lines": [], "excluded_lines": [], "start_line": 1}}, "classes": {"AgentOrchestrator": {"executed_lines": [18, 19, 20, 21, 25, 26, 30, 31], "summary": {"covered_lines": 8, "num_statements": 28, "percent_covered": 28.571428571428573, "percent_covered_display": "29", "missing_lines": 20, "excluded_lines": 0, "percent_statements_covered": 28.571428571428573, "percent_statements_covered_display": "29"}, "missing_lines": [32, 33, 37, 38, 40, 41, 44, 46, 47, 48, 49, 50, 51, 52, 53, 55, 59, 60, 61, 69], "excluded_lines": [], "start_line": 14}, "ContextOptimizer": {"executed_lines": [], "summary": {"covered_lines": 0, "num_statements": 19, "percent_covered": 0.0, "percent_covered_display": "0", "missing_lines": 19, "excluded_lines": 0, "percent_statements_covered": 0.0, "percent_statements_covered_display": "0"}, "missing_lines": [88, 89, 90, 92, 93, 94, 95, 97, 98, 99, 100, 102, 106, 107, 109, 111, 112, 113, 114], "excluded_lines": [], "start_line": 72}, "PromptOptimizer": {"executed_lines": [], "summary": {"covered_lines": 0, "num_statements": 4, "percent_covered": 0.0, "percent_covered_display": "0", "missing_lines": 4, "excluded_lines": 0, "percent_statements_covered": 0.0, "percent_statements_covered_display": "0"}, "missing_lines": [125, 127, 128, 130], "excluded_lines": [], "start_line": 117}, "": {"executed_lines": [5, 6, 7, 8, 9, 11, 14, 17, 23, 28, 35, 57, 67, 72, 75, 76, 85, 86, 104, 105, 117, 120, 121], "summary": {"covered_lines": 23, "num_statements": 23, "percent_covered": 100.0, "percent_covered_display": "100", "missing_lines": 0, "excluded_lines": 0, "percent_statements_covered": 100.0, "percent_statements_covered_display": "100"}, "missing_lines": [], "excluded_lines": [], "start_line": 1}}}, "app\\ai_client.py": {"executed_lines": [15, 16, 17, 18, 19, 20, 22, 24, 27, 28, 29, 34, 35, 37, 38, 39, 40, 41, 43, 44, 45, 46, 47, 48, 50, 51, 52, 59, 61, 62, 63, 64, 65, 67, 71, 74, 76, 77, 78, 79, 80, 81, 82, 83, 84, 85, 86, 87, 88, 89, 90, 91, 94, 97, 106, 118, 130, 133, 395, 396, 403, 406, 416, 427, 433, 441, 470, 473, 481, 595, 609, 629, 651, 692, 707, 730, 783, 791, 820, 860, 896, 929], "summary": {"covered_lines": 82, "num_statements": 378, "percent_covered": 21.693121693121693, "percent_covered_display": "22", "missing_lines": 296, "excluded_lines": 0, "percent_statements_covered": 21.693121693121693, "percent_statements_covered_display": "22"}, "missing_lines": [30, 31, 98, 99, 100, 101, 102, 103, 104, 107, 108, 109, 110, 111, 112, 113, 114, 115, 116, 119, 120, 398, 399, 400, 428, 429, 430, 431, 435, 436, 437, 438, 439, 442, 443, 444, 446, 448, 450, 459, 460, 461, 462, 468, 471, 474, 475, 476, 477, 478, 479, 483, 484, 486, 487, 488, 489, 492, 493, 496, 498, 499, 502, 503, 515, 516, 517, 518, 519, 520, 521, 523, 524, 526, 527, 529, 530, 533, 535, 536, 539, 540, 549, 550, 551, 553, 555, 556, 557, 558, 561, 562, 568, 569, 570, 572, 574, 575, 576, 577, 578, 579, 580, 583, 584, 585, 586, 587, 589, 590, 591, 593, 598, 599, 601, 602, 604, 605, 607, 610, 611, 615, 616, 617, 618, 619, 620, 621, 622, 623, 624, 625, 626, 627, 630, 631, 636, 637, 638, 639, 640, 641, 642, 643, 644, 645, 646, 647, 648, 649, 652, 653, 654, 657, 658, 659, 660, 661, 663, 664, 665, 666, 669, 670, 671, 672, 673, 674, 675, 678, 679, 682, 685, 686, 687, 688, 690, 693, 694, 695, 699, 700, 701, 702, 703, 704, 705, 710, 711, 712, 714, 722, 723, 724, 725, 726, 727, 728, 733, 734, 737, 738, 740, 748, 749, 750, 752, 754, 755, 757, 760, 761, 762, 764, 765, 766, 767, 770, 771, 774, 776, 777, 778, 779, 781, 786, 787, 793, 796, 797, 800, 801, 804, 805, 808, 809, 812, 813, 816, 829, 830, 833, 834, 836, 844, 845, 847, 848, 849, 851, 853, 854, 856, 869, 870, 873, 874, 876, 884, 885, 887, 889, 890, 892, 905, 906, 909, 910, 912, 919, 920, 922, 923, 925, 936, 937, 938, 940, 941, 942, 943, 946, 947, 948, 949, 950, 951, 952, 955, 956, 959, 962, 963, 964, 965, 967], "excluded_lines": [], "functions": {"TokenStats.record": {"executed_lines": [44, 45, 46, 47, 48], "summary": {"covered_lines": 5, "num_statements": 5, "percent_covered": 100.0, "percent_covered_display": "100", "missing_lines": 0, "excluded_lines": 0, "percent_statements_covered": 100.0, "percent_statements_covered_display": "100"}, "missing_lines": [], "excluded_lines": [], "start_line": 43}, "TokenStats.get_summary": {"executed_lines": [51, 52], "summary": {"covered_lines": 2, "num_statements": 2, "percent_covered": 100.0, "percent_covered_display": "100", "missing_lines": 0, "excluded_lines": 0, "percent_statements_covered": 100.0, "percent_statements_covered_display": "100"}, "missing_lines": [], "excluded_lines": [], "start_line": 50}, "TokenStats.get_display": {"executed_lines": [61, 62, 63, 64, 65, 67], "summary": {"covered_lines": 6, "num_statements": 6, "percent_covered": 100.0, "percent_covered_display": "100", "missing_lines": 0, "excluded_lines": 0, "percent_statements_covered": 100.0, "percent_statements_covered_display": "100"}, "missing_lines": [], "excluded_lines": [], "start_line": 59}, "retry_with_backoff": {"executed_lines": [76, 77, 91], "summary": {"covered_lines": 3, "num_statements": 3, "percent_covered": 100.0, "percent_covered_display": "100", "missing_lines": 0, "excluded_lines": 0, "percent_statements_covered": 100.0, "percent_statements_covered_display": "100"}, "missing_lines": [], "excluded_lines": [], "start_line": 74}, "retry_with_backoff.decorator": {"executed_lines": [78, 90], "summary": {"covered_lines": 2, "num_statements": 2, "percent_covered": 100.0, "percent_covered_display": "100", "missing_lines": 0, "excluded_lines": 0, "percent_statements_covered": 100.0, "percent_statements_covered_display": "100"}, "missing_lines": [], "excluded_lines": [], "start_line": 76}, "retry_with_backoff.decorator.wrapper": {"executed_lines": [79, 80, 81, 82, 83, 84, 85, 86, 87, 88, 89], "summary": {"covered_lines": 11, "num_statements": 11, "percent_covered": 100.0, "percent_covered_display": "100", "missing_lines": 0, "excluded_lines": 0, "percent_statements_covered": 100.0, "percent_statements_covered_display": "100"}, "missing_lines": [], "excluded_lines": [], "start_line": 78}, "AIMetrics.__init__": {"executed_lines": [], "summary": {"covered_lines": 0, "num_statements": 7, "percent_covered": 0.0, "percent_covered_display": "0", "missing_lines": 7, "excluded_lines": 0, "percent_statements_covered": 0.0, "percent_statements_covered_display": "0"}, "missing_lines": [98, 99, 100, 101, 102, 103, 104], "excluded_lines": [], "start_line": 97}, "AIMetrics.record": {"executed_lines": [], "summary": {"covered_lines": 0, "num_statements": 10, "percent_covered": 0.0, "percent_covered_display": "0", "missing_lines": 10, "excluded_lines": 0, "percent_statements_covered": 0.0, "percent_statements_covered_display": "0"}, "missing_lines": [107, 108, 109, 110, 111, 112, 113, 114, 115, 116], "excluded_lines": [], "start_line": 106}, "AIMetrics.get_summary": {"executed_lines": [], "summary": {"covered_lines": 0, "num_statements": 2, "percent_covered": 0.0, "percent_covered_display": "0", "missing_lines": 2, "excluded_lines": 0, "percent_statements_covered": 0.0, "percent_statements_covered_display": "0"}, "missing_lines": [119, 120], "excluded_lines": [], "start_line": 118}, "PromptManager.get_prompt": {"executed_lines": [], "summary": {"covered_lines": 0, "num_statements": 3, "percent_covered": 0.0, "percent_covered_display": "0", "missing_lines": 3, "excluded_lines": 0, "percent_statements_covered": 0.0, "percent_statements_covered_display": "0"}, "missing_lines": [398, 399, 400], "excluded_lines": [], "start_line": 396}, "AIClient.__init__": {"executed_lines": [], "summary": {"covered_lines": 0, "num_statements": 4, "percent_covered": 0.0, "percent_covered_display": "0", "missing_lines": 4, "excluded_lines": 0, "percent_statements_covered": 0.0, "percent_statements_covered_display": "0"}, "missing_lines": [428, 429, 430, 431], "excluded_lines": [], "start_line": 427}, "AIClient._log": {"executed_lines": [], "summary": {"covered_lines": 0, "num_statements": 5, "percent_covered": 0.0, "percent_covered_display": "0", "missing_lines": 5, "excluded_lines": 0, "percent_statements_covered": 0.0, "percent_statements_covered_display": "0"}, "missing_lines": [435, 436, 437, 438, 439], "excluded_lines": [], "start_line": 433}, "AIClient._init_client": {"executed_lines": [], "summary": {"covered_lines": 0, "num_statements": 11, "percent_covered": 0.0, "percent_covered_display": "0", "missing_lines": 11, "excluded_lines": 0, "percent_statements_covered": 0.0, "percent_statements_covered_display": "0"}, "missing_lines": [442, 443, 444, 446, 448, 450, 459, 460, 461, 462, 468], "excluded_lines": [], "start_line": 441}, "AIClient.is_configured": {"executed_lines": [], "summary": {"covered_lines": 0, "num_statements": 1, "percent_covered": 0.0, "percent_covered_display": "0", "missing_lines": 1, "excluded_lines": 0, "percent_statements_covered": 0.0, "percent_statements_covered_display": "0"}, "missing_lines": [471], "excluded_lines": [], "start_line": 470}, "AIClient.get_ollama_models": {"executed_lines": [], "summary": {"covered_lines": 0, "num_statements": 6, "percent_covered": 0.0, "percent_covered_display": "0", "missing_lines": 6, "excluded_lines": 0, "percent_statements_covered": 0.0, "percent_statements_covered_display": "0"}, "missing_lines": [474, 475, 476, 477, 478, 479], "excluded_lines": [], "start_line": 473}, "AIClient.chat": {"executed_lines": [], "summary": {"covered_lines": 0, "num_statements": 61, "percent_covered": 0.0, "percent_covered_display": "0", "missing_lines": 61, "excluded_lines": 0, "percent_statements_covered": 0.0, "percent_statements_covered_display": "0"}, "missing_lines": [483, 484, 486, 487, 488, 489, 492, 493, 496, 498, 499, 502, 503, 515, 516, 517, 518, 519, 520, 521, 523, 524, 526, 527, 529, 530, 533, 535, 536, 539, 540, 549, 550, 551, 553, 555, 556, 557, 558, 561, 562, 568, 569, 570, 572, 574, 575, 576, 577, 578, 579, 580, 583, 584, 585, 586, 587, 589, 590, 591, 593], "excluded_lines": [], "start_line": 481}, "AIClient.chat_stream": {"executed_lines": [], "summary": {"covered_lines": 0, "num_statements": 7, "percent_covered": 0.0, "percent_covered_display": "0", "missing_lines": 7, "excluded_lines": 0, "percent_statements_covered": 0.0, "percent_statements_covered_display": "0"}, "missing_lines": [598, 599, 601, 602, 604, 605, 607], "excluded_lines": [], "start_line": 595}, "AIClient._stream_ollama": {"executed_lines": [], "summary": {"covered_lines": 0, "num_statements": 15, "percent_covered": 0.0, "percent_covered_display": "0", "missing_lines": 15, "excluded_lines": 0, "percent_statements_covered": 0.0, "percent_statements_covered_display": "0"}, "missing_lines": [610, 611, 615, 616, 617, 618, 619, 620, 621, 622, 623, 624, 625, 626, 627], "excluded_lines": [], "start_line": 609}, "AIClient._stream_openai": {"executed_lines": [], "summary": {"covered_lines": 0, "num_statements": 16, "percent_covered": 0.0, "percent_covered_display": "0", "missing_lines": 16, "excluded_lines": 0, "percent_statements_covered": 0.0, "percent_statements_covered_display": "0"}, "missing_lines": [630, 631, 636, 637, 638, 639, 640, 641, 642, 643, 644, 645, 646, 647, 648, 649], "excluded_lines": [], "start_line": 629}, "AIClient._chat_openai": {"executed_lines": [], "summary": {"covered_lines": 0, "num_statements": 27, "percent_covered": 0.0, "percent_covered_display": "0", "missing_lines": 27, "excluded_lines": 0, "percent_statements_covered": 0.0, "percent_statements_covered_display": "0"}, "missing_lines": [652, 653, 654, 657, 658, 659, 660, 661, 663, 664, 665, 666, 669, 670, 671, 672, 673, 674, 675, 678, 679, 682, 685, 686, 687, 688, 690], "excluded_lines": [], "start_line": 651}, "AIClient._chat_ollama": {"executed_lines": [], "summary": {"covered_lines": 0, "num_statements": 10, "percent_covered": 0.0, "percent_covered_display": "0", "missing_lines": 10, "excluded_lines": 0, "percent_statements_covered": 0.0, "percent_statements_covered_display": "0"}, "missing_lines": [693, 694, 695, 699, 700, 701, 702, 703, 704, 705], "excluded_lines": [], "start_line": 692}, "AIClient._chat_claude": {"executed_lines": [], "summary": {"covered_lines": 0, "num_statements": 11, "percent_covered": 0.0, "percent_covered_display": "0", "missing_lines": 11, "excluded_lines": 0, "percent_statements_covered": 0.0, "percent_statements_covered_display": "0"}, "missing_lines": [710, 711, 712, 714, 722, 723, 724, 725, 726, 727, 728], "excluded_lines": [], "start_line": 707}, "AIClient._chat_deepseek": {"executed_lines": [], "summary": {"covered_lines": 0, "num_statements": 27, "percent_covered": 0.0, "percent_covered_display": "0", "missing_lines": 27, "excluded_lines": 0, "percent_statements_covered": 0.0, "percent_statements_covered_display": "0"}, "missing_lines": [733, 734, 737, 738, 740, 748, 749, 750, 752, 754, 755, 757, 760, 761, 762, 764, 765, 766, 767, 770, 771, 774, 776, 777, 778, 779, 781], "excluded_lines": [], "start_line": 730}, "AIClient._log_thinking": {"executed_lines": [], "summary": {"covered_lines": 0, "num_statements": 2, "percent_covered": 0.0, "percent_covered_display": "0", "missing_lines": 2, "excluded_lines": 0, "percent_statements_covered": 0.0, "percent_statements_covered_display": "0"}, "missing_lines": [786, 787], "excluded_lines": [], "start_line": 783}, "AIClient._detect_provider": {"executed_lines": [], "summary": {"covered_lines": 0, "num_statements": 12, "percent_covered": 0.0, "percent_covered_display": "0", "missing_lines": 12, "excluded_lines": 0, "percent_statements_covered": 0.0, "percent_statements_covered_display": "0"}, "missing_lines": [793, 796, 797, 800, 801, 804, 805, 808, 809, 812, 813, 816], "excluded_lines": [], "start_line": 791}, "AIClient._chat_glm": {"executed_lines": [], "summary": {"covered_lines": 0, "num_statements": 14, "percent_covered": 0.0, "percent_covered_display": "0", "missing_lines": 14, "excluded_lines": 0, "percent_statements_covered": 0.0, "percent_statements_covered_display": "0"}, "missing_lines": [829, 830, 833, 834, 836, 844, 845, 847, 848, 849, 851, 853, 854, 856], "excluded_lines": [], "start_line": 820}, "AIClient._chat_qwen": {"executed_lines": [], "summary": {"covered_lines": 0, "num_statements": 11, "percent_covered": 0.0, "percent_covered_display": "0", "missing_lines": 11, "excluded_lines": 0, "percent_statements_covered": 0.0, "percent_statements_covered_display": "0"}, "missing_lines": [869, 870, 873, 874, 876, 884, 885, 887, 889, 890, 892], "excluded_lines": [], "start_line": 860}, "AIClient._chat_kimi": {"executed_lines": [], "summary": {"covered_lines": 0, "num_statements": 10, "percent_covered": 0.0, "percent_covered_display": "0", "missing_lines": 10, "excluded_lines": 0, "percent_statements_covered": 0.0, "percent_statements_covered_display": "0"}, "missing_lines": [905, 906, 909, 910, 912, 919, 920, 922, 923, 925], "excluded_lines": [], "start_line": 896}, "AIClient._parse_thinking_response": {"executed_lines": [], "summary": {"covered_lines": 0, "num_statements": 22, "percent_covered": 0.0, "percent_covered_display": "0", "missing_lines": 22, "excluded_lines": 0, "percent_statements_covered": 0.0, "percent_statements_covered_display": "0"}, "missing_lines": [936, 937, 938, 940, 941, 942, 943, 946, 947, 948, 949, 950, 951, 952, 955, 956, 959, 962, 963, 964, 965, 967], "excluded_lines": [], "start_line": 929}, "": {"executed_lines": [15, 16, 17, 18, 19, 20, 22, 24, 27, 28, 29, 34, 35, 37, 38, 39, 40, 41, 43, 50, 59, 71, 74, 94, 97, 106, 118, 130, 133, 395, 396, 403, 406, 416, 427, 433, 441, 470, 473, 481, 595, 609, 629, 651, 692, 707, 730, 783, 791, 820, 860, 896, 929], "summary": {"covered_lines": 53, "num_statements": 55, "percent_covered": 96.36363636363636, "percent_covered_display": "96", "missing_lines": 2, "excluded_lines": 0, "percent_statements_covered": 96.36363636363636, "percent_statements_covered_display": "96"}, "missing_lines": [30, 31], "excluded_lines": [], "start_line": 1}}, "classes": {"TokenStats": {"executed_lines": [44, 45, 46, 47, 48, 51, 52, 61, 62, 63, 64, 65, 67], "summary": {"covered_lines": 13, "num_statements": 13, "percent_covered": 100.0, "percent_covered_display": "100", "missing_lines": 0, "excluded_lines": 0, "percent_statements_covered": 100.0, "percent_statements_covered_display": "100"}, "missing_lines": [], "excluded_lines": [], "start_line": 35}, "AIMetrics": {"executed_lines": [], "summary": {"covered_lines": 0, "num_statements": 19, "percent_covered": 0.0, "percent_covered_display": "0", "missing_lines": 19, "excluded_lines": 0, "percent_statements_covered": 0.0, "percent_statements_covered_display": "0"}, "missing_lines": [98, 99, 100, 101, 102, 103, 104, 107, 108, 109, 110, 111, 112, 113, 114, 115, 116, 119, 120], "excluded_lines": [], "start_line": 94}, "PromptManager": {"executed_lines": [], "summary": {"covered_lines": 0, "num_statements": 3, "percent_covered": 0.0, "percent_covered_display": "0", "missing_lines": 3, "excluded_lines": 0, "percent_statements_covered": 0.0, "percent_statements_covered_display": "0"}, "missing_lines": [398, 399, 400], "excluded_lines": [], "start_line": 130}, "AIClient": {"executed_lines": [], "summary": {"covered_lines": 0, "num_statements": 272, "percent_covered": 0.0, "percent_covered_display": "0", "missing_lines": 272, "excluded_lines": 0, "percent_statements_covered": 0.0, "percent_statements_covered_display": "0"}, "missing_lines": [428, 429, 430, 431, 435, 436, 437, 438, 439, 442, 443, 444, 446, 448, 450, 459, 460, 461, 462, 468, 471, 474, 475, 476, 477, 478, 479, 483, 484, 486, 487, 488, 489, 492, 493, 496, 498, 499, 502, 503, 515, 516, 517, 518, 519, 520, 521, 523, 524, 526, 527, 529, 530, 533, 535, 536, 539, 540, 549, 550, 551, 553, 555, 556, 557, 558, 561, 562, 568, 569, 570, 572, 574, 575, 576, 577, 578, 579, 580, 583, 584, 585, 586, 587, 589, 590, 591, 593, 598, 599, 601, 602, 604, 605, 607, 610, 611, 615, 616, 617, 618, 619, 620, 621, 622, 623, 624, 625, 626, 627, 630, 631, 636, 637, 638, 639, 640, 641, 642, 643, 644, 645, 646, 647, 648, 649, 652, 653, 654, 657, 658, 659, 660, 661, 663, 664, 665, 666, 669, 670, 671, 672, 673, 674, 675, 678, 679, 682, 685, 686, 687, 688, 690, 693, 694, 695, 699, 700, 701, 702, 703, 704, 705, 710, 711, 712, 714, 722, 723, 724, 725, 726, 727, 728, 733, 734, 737, 738, 740, 748, 749, 750, 752, 754, 755, 757, 760, 761, 762, 764, 765, 766, 767, 770, 771, 774, 776, 777, 778, 779, 781, 786, 787, 793, 796, 797, 800, 801, 804, 805, 808, 809, 812, 813, 816, 829, 830, 833, 834, 836, 844, 845, 847, 848, 849, 851, 853, 854, 856, 869, 870, 873, 874, 876, 884, 885, 887, 889, 890, 892, 905, 906, 909, 910, 912, 919, 920, 922, 923, 925, 936, 937, 938, 940, 941, 942, 943, 946, 947, 948, 949, 950, 951, 952, 955, 956, 959, 962, 963, 964, 965, 967], "excluded_lines": [], "start_line": 403}, "": {"executed_lines": [15, 16, 17, 18, 19, 20, 22, 24, 27, 28, 29, 34, 35, 37, 38, 39, 40, 41, 43, 50, 59, 71, 74, 76, 77, 78, 79, 80, 81, 82, 83, 84, 85, 86, 87, 88, 89, 90, 91, 94, 97, 106, 118, 130, 133, 395, 396, 403, 406, 416, 427, 433, 441, 470, 473, 481, 595, 609, 629, 651, 692, 707, 730, 783, 791, 820, 860, 896, 929], "summary": {"covered_lines": 69, "num_statements": 71, "percent_covered": 97.1830985915493, "percent_covered_display": "97", "missing_lines": 2, "excluded_lines": 0, "percent_statements_covered": 97.1830985915493, "percent_statements_covered_display": "97"}, "missing_lines": [30, 31], "excluded_lines": [], "start_line": 1}}}, "app\\character_manager.py": {"executed_lines": [], "summary": {"covered_lines": 0, "num_statements": 332, "percent_covered": 0.0, "percent_covered_display": "0", "missing_lines": 332, "excluded_lines": 2, "percent_statements_covered": 0.0, "percent_statements_covered_display": "0"}, "missing_lines": [6, 7, 8, 9, 10, 16, 19, 21, 22, 24, 25, 26, 27, 29, 31, 32, 34, 35, 36, 37, 38, 39, 41, 43, 44, 46, 47, 48, 51, 52, 54, 57, 61, 62, 64, 65, 66, 67, 69, 73, 74, 78, 79, 80, 82, 84, 86, 87, 89, 90, 91, 94, 95, 96, 97, 100, 101, 102, 103, 106, 107, 108, 111, 112, 113, 114, 117, 118, 119, 120, 123, 124, 125, 126, 128, 130, 132, 133, 136, 137, 138, 139, 141, 142, 144, 146, 147, 149, 150, 151, 153, 155, 156, 157, 158, 159, 160, 161, 163, 165, 166, 167, 168, 169, 170, 172, 174, 178, 180, 181, 184, 186, 187, 189, 192, 194, 195, 197, 198, 199, 200, 201, 203, 204, 205, 208, 213, 216, 217, 219, 220, 221, 223, 227, 229, 230, 233, 234, 235, 237, 239, 240, 241, 262, 267, 268, 271, 272, 273, 274, 276, 277, 279, 280, 283, 291, 292, 293, 294, 295, 298, 299, 300, 302, 304, 310, 311, 313, 315, 317, 318, 319, 320, 322, 323, 324, 325, 326, 327, 329, 330, 331, 332, 334, 337, 339, 341, 342, 343, 344, 346, 347, 348, 349, 351, 352, 353, 355, 356, 357, 358, 360, 363, 364, 365, 366, 368, 369, 371, 373, 374, 375, 377, 378, 380, 381, 382, 383, 386, 387, 388, 389, 391, 392, 393, 395, 396, 398, 400, 401, 402, 404, 406, 408, 409, 410, 413, 414, 416, 417, 419, 421, 422, 423, 425, 426, 428, 429, 430, 431, 432, 433, 434, 436, 438, 439, 440, 441, 443, 445, 448, 450, 453, 454, 455, 457, 458, 459, 460, 461, 462, 464, 468, 470, 471, 472, 474, 475, 477, 478, 481, 489, 490, 491, 492, 494, 496, 499, 501, 503, 504, 506, 507, 508, 509, 510, 511, 512, 513, 514, 516, 520, 522, 523, 524, 526, 527, 529, 530, 533, 541, 542, 543, 544, 546, 548, 551, 553, 555, 556, 558, 559, 560, 561, 562, 563, 564, 565, 566, 568, 569, 571], "excluded_lines": [12, 13], "functions": {"CharacterManagerMixin._init_character_system": {"executed_lines": [], "summary": {"covered_lines": 0, "num_statements": 6, "percent_covered": 0.0, "percent_covered_display": "0", "missing_lines": 6, "excluded_lines": 0, "percent_statements_covered": 0.0, "percent_statements_covered_display": "0"}, "missing_lines": [21, 22, 24, 25, 26, 27], "excluded_lines": [], "start_line": 19}, "CharacterManagerMixin._update_char_display": {"executed_lines": [], "summary": {"covered_lines": 0, "num_statements": 8, "percent_covered": 0.0, "percent_covered_display": "0", "missing_lines": 8, "excluded_lines": 0, "percent_statements_covered": 0.0, "percent_statements_covered_display": "0"}, "missing_lines": [31, 32, 34, 35, 36, 37, 38, 39], "excluded_lines": [], "start_line": 29}, "CharacterManagerMixin._create_char_card": {"executed_lines": [], "summary": {"covered_lines": 0, "num_statements": 22, "percent_covered": 0.0, "percent_covered_display": "0", "missing_lines": 22, "excluded_lines": 0, "percent_statements_covered": 0.0, "percent_statements_covered_display": "0"}, "missing_lines": [43, 44, 46, 47, 48, 51, 52, 54, 57, 61, 62, 64, 65, 66, 67, 69, 73, 74, 78, 79, 80, 82], "excluded_lines": [], "start_line": 41}, "CharacterManagerMixin._display_char_details": {"executed_lines": [], "summary": {"covered_lines": 0, "num_statements": 29, "percent_covered": 0.0, "percent_covered_display": "0", "missing_lines": 29, "excluded_lines": 0, "percent_statements_covered": 0.0, "percent_statements_covered_display": "0"}, "missing_lines": [86, 87, 89, 90, 91, 94, 95, 96, 97, 100, 101, 102, 103, 106, 107, 108, 111, 112, 113, 114, 117, 118, 119, 120, 123, 124, 125, 126, 128], "excluded_lines": [], "start_line": 84}, "CharacterManagerMixin._gen_char_biography": {"executed_lines": [], "summary": {"covered_lines": 0, "num_statements": 8, "percent_covered": 0.0, "percent_covered_display": "0", "missing_lines": 8, "excluded_lines": 0, "percent_statements_covered": 0.0, "percent_statements_covered_display": "0"}, "missing_lines": [132, 133, 136, 137, 138, 139, 141, 142], "excluded_lines": [], "start_line": 130}, "CharacterManagerMixin._on_char_select": {"executed_lines": [], "summary": {"covered_lines": 0, "num_statements": 13, "percent_covered": 0.0, "percent_covered_display": "0", "missing_lines": 13, "excluded_lines": 0, "percent_statements_covered": 0.0, "percent_statements_covered_display": "0"}, "missing_lines": [146, 147, 149, 150, 151, 153, 155, 156, 157, 158, 159, 160, 161], "excluded_lines": [], "start_line": 144}, "CharacterManagerMixin._create_character_dialog": {"executed_lines": [], "summary": {"covered_lines": 0, "num_statements": 20, "percent_covered": 0.0, "percent_covered_display": "0", "missing_lines": 20, "excluded_lines": 0, "percent_statements_covered": 0.0, "percent_statements_covered_display": "0"}, "missing_lines": [165, 166, 167, 168, 169, 170, 172, 174, 178, 180, 181, 184, 186, 187, 189, 192, 194, 195, 197, 223], "excluded_lines": [], "start_line": 163}, "CharacterManagerMixin._create_character_dialog.create": {"executed_lines": [], "summary": {"covered_lines": 0, "num_statements": 14, "percent_covered": 0.0, "percent_covered_display": "0", "missing_lines": 14, "excluded_lines": 0, "percent_statements_covered": 0.0, "percent_statements_covered_display": "0"}, "missing_lines": [198, 199, 200, 201, 203, 204, 205, 208, 213, 216, 217, 219, 220, 221], "excluded_lines": [], "start_line": 197}, "CharacterManagerMixin._ai_create_character": {"executed_lines": [], "summary": {"covered_lines": 0, "num_statements": 8, "percent_covered": 0.0, "percent_covered_display": "0", "missing_lines": 8, "excluded_lines": 0, "percent_statements_covered": 0.0, "percent_statements_covered_display": "0"}, "missing_lines": [229, 230, 233, 234, 235, 237, 239, 313], "excluded_lines": [], "start_line": 227}, "CharacterManagerMixin._ai_create_character.run": {"executed_lines": [], "summary": {"covered_lines": 0, "num_statements": 26, "percent_covered": 0.0, "percent_covered_display": "0", "missing_lines": 26, "excluded_lines": 0, "percent_statements_covered": 0.0, "percent_statements_covered_display": "0"}, "missing_lines": [240, 241, 262, 267, 268, 271, 272, 273, 274, 276, 277, 279, 280, 283, 291, 292, 293, 294, 295, 298, 299, 300, 302, 304, 310, 311], "excluded_lines": [], "start_line": 239}, "CharacterManagerMixin._show_char_detail": {"executed_lines": [], "summary": {"covered_lines": 0, "num_statements": 39, "percent_covered": 0.0, "percent_covered_display": "0", "missing_lines": 39, "excluded_lines": 0, "percent_statements_covered": 0.0, "percent_statements_covered_display": "0"}, "missing_lines": [317, 318, 319, 320, 322, 323, 324, 325, 326, 327, 329, 330, 331, 332, 334, 337, 339, 341, 342, 343, 344, 346, 347, 348, 349, 351, 352, 353, 355, 356, 357, 358, 360, 363, 364, 365, 366, 368, 369], "excluded_lines": [], "start_line": 315}, "CharacterManagerMixin._rename_character": {"executed_lines": [], "summary": {"covered_lines": 0, "num_statements": 18, "percent_covered": 0.0, "percent_covered_display": "0", "missing_lines": 18, "excluded_lines": 0, "percent_statements_covered": 0.0, "percent_statements_covered_display": "0"}, "missing_lines": [373, 374, 375, 377, 378, 380, 381, 382, 383, 386, 387, 388, 389, 391, 392, 393, 395, 396], "excluded_lines": [], "start_line": 371}, "CharacterManagerMixin._delete_character": {"executed_lines": [], "summary": {"covered_lines": 0, "num_statements": 12, "percent_covered": 0.0, "percent_covered_display": "0", "missing_lines": 12, "excluded_lines": 0, "percent_statements_covered": 0.0, "percent_statements_covered_display": "0"}, "missing_lines": [400, 401, 402, 404, 406, 408, 409, 410, 413, 414, 416, 417], "excluded_lines": [], "start_line": 398}, "CharacterManagerMixin._rest_character": {"executed_lines": [], "summary": {"covered_lines": 0, "num_statements": 12, "percent_covered": 0.0, "percent_covered_display": "0", "missing_lines": 12, "excluded_lines": 0, "percent_statements_covered": 0.0, "percent_statements_covered_display": "0"}, "missing_lines": [421, 422, 423, 425, 426, 428, 429, 430, 431, 432, 433, 434], "excluded_lines": [], "start_line": 419}, "CharacterManagerMixin._edit_character_story": {"executed_lines": [], "summary": {"covered_lines": 0, "num_statements": 13, "percent_covered": 0.0, "percent_covered_display": "0", "missing_lines": 13, "excluded_lines": 0, "percent_statements_covered": 0.0, "percent_statements_covered_display": "0"}, "missing_lines": [438, 439, 440, 441, 443, 445, 448, 450, 453, 454, 455, 457, 464], "excluded_lines": [], "start_line": 436}, "CharacterManagerMixin._edit_character_story.save_story": {"executed_lines": [], "summary": {"covered_lines": 0, "num_statements": 5, "percent_covered": 0.0, "percent_covered_display": "0", "missing_lines": 5, "excluded_lines": 0, "percent_statements_covered": 0.0, "percent_statements_covered_display": "0"}, "missing_lines": [458, 459, 460, 461, 462], "excluded_lines": [], "start_line": 457}, "CharacterManagerMixin._equip_weapon": {"executed_lines": [], "summary": {"covered_lines": 0, "num_statements": 20, "percent_covered": 0.0, "percent_covered_display": "0", "missing_lines": 20, "excluded_lines": 0, "percent_statements_covered": 0.0, "percent_statements_covered_display": "0"}, "missing_lines": [470, 471, 472, 474, 475, 477, 478, 481, 489, 490, 491, 492, 494, 496, 499, 501, 503, 504, 506, 516], "excluded_lines": [], "start_line": 468}, "CharacterManagerMixin._equip_weapon.equip": {"executed_lines": [], "summary": {"covered_lines": 0, "num_statements": 8, "percent_covered": 0.0, "percent_covered_display": "0", "missing_lines": 8, "excluded_lines": 0, "percent_statements_covered": 0.0, "percent_statements_covered_display": "0"}, "missing_lines": [507, 508, 509, 510, 511, 512, 513, 514], "excluded_lines": [], "start_line": 506}, "CharacterManagerMixin._learn_skill": {"executed_lines": [], "summary": {"covered_lines": 0, "num_statements": 20, "percent_covered": 0.0, "percent_covered_display": "0", "missing_lines": 20, "excluded_lines": 0, "percent_statements_covered": 0.0, "percent_statements_covered_display": "0"}, "missing_lines": [522, 523, 524, 526, 527, 529, 530, 533, 541, 542, 543, 544, 546, 548, 551, 553, 555, 556, 558, 571], "excluded_lines": [], "start_line": 520}, "CharacterManagerMixin._learn_skill.learn": {"executed_lines": [], "summary": {"covered_lines": 0, "num_statements": 10, "percent_covered": 0.0, "percent_covered_display": "0", "missing_lines": 10, "excluded_lines": 0, "percent_statements_covered": 0.0, "percent_statements_covered_display": "0"}, "missing_lines": [559, 560, 561, 562, 563, 564, 565, 566, 568, 569], "excluded_lines": [], "start_line": 558}, "": {"executed_lines": [], "summary": {"covered_lines": 0, "num_statements": 21, "percent_covered": 0.0, "percent_covered_display": "0", "missing_lines": 21, "excluded_lines": 2, "percent_statements_covered": 0.0, "percent_statements_covered_display": "0"}, "missing_lines": [6, 7, 8, 9, 10, 16, 19, 29, 41, 84, 130, 144, 163, 227, 315, 371, 398, 419, 436, 468, 520], "excluded_lines": [12, 13], "start_line": 1}}, "classes": {"CharacterManagerMixin": {"executed_lines": [], "summary": {"covered_lines": 0, "num_statements": 311, "percent_covered": 0.0, "percent_covered_display": "0", "missing_lines": 311, "excluded_lines": 0, "percent_statements_covered": 0.0, "percent_statements_covered_display": "0"}, "missing_lines": [21, 22, 24, 25, 26, 27, 31, 32, 34, 35, 36, 37, 38, 39, 43, 44, 46, 47, 48, 51, 52, 54, 57, 61, 62, 64, 65, 66, 67, 69, 73, 74, 78, 79, 80, 82, 86, 87, 89, 90, 91, 94, 95, 96, 97, 100, 101, 102, 103, 106, 107, 108, 111, 112, 113, 114, 117, 118, 119, 120, 123, 124, 125, 126, 128, 132, 133, 136, 137, 138, 139, 141, 142, 146, 147, 149, 150, 151, 153, 155, 156, 157, 158, 159, 160, 161, 165, 166, 167, 168, 169, 170, 172, 174, 178, 180, 181, 184, 186, 187, 189, 192, 194, 195, 197, 198, 199, 200, 201, 203, 204, 205, 208, 213, 216, 217, 219, 220, 221, 223, 229, 230, 233, 234, 235, 237, 239, 240, 241, 262, 267, 268, 271, 272, 273, 274, 276, 277, 279, 280, 283, 291, 292, 293, 294, 295, 298, 299, 300, 302, 304, 310, 311, 313, 317, 318, 319, 320, 322, 323, 324, 325, 326, 327, 329, 330, 331, 332, 334, 337, 339, 341, 342, 343, 344, 346, 347, 348, 349, 351, 352, 353, 355, 356, 357, 358, 360, 363, 364, 365, 366, 368, 369, 373, 374, 375, 377, 378, 380, 381, 382, 383, 386, 387, 388, 389, 391, 392, 393, 395, 396, 400, 401, 402, 404, 406, 408, 409, 410, 413, 414, 416, 417, 421, 422, 423, 425, 426, 428, 429, 430, 431, 432, 433, 434, 438, 439, 440, 441, 443, 445, 448, 450, 453, 454, 455, 457, 458, 459, 460, 461, 462, 464, 470, 471, 472, 474, 475, 477, 478, 481, 489, 490, 491, 492, 494, 496, 499, 501, 503, 504, 506, 507, 508, 509, 510, 511, 512, 513, 514, 516, 522, 523, 524, 526, 527, 529, 530, 533, 541, 542, 543, 544, 546, 548, 551, 553, 555, 556, 558, 559, 560, 561, 562, 563, 564, 565, 566, 568, 569, 571], "excluded_lines": [], "start_line": 16}, "": {"executed_lines": [], "summary": {"covered_lines": 0, "num_statements": 21, "percent_covered": 0.0, "percent_covered_display": "0", "missing_lines": 21, "excluded_lines": 2, "percent_statements_covered": 0.0, "percent_statements_covered_display": "0"}, "missing_lines": [6, 7, 8, 9, 10, 16, 19, 29, 41, 84, 130, 144, 163, 227, 315, 371, 398, 419, 436, 468, 520], "excluded_lines": [12, 13], "start_line": 1}}}, "app\\config.py": {"executed_lines": [5, 6, 9, 12, 13, 14, 15, 16, 17, 18, 20, 21, 22, 23, 24, 46, 47, 48, 50, 51, 53, 54, 55], "summary": {"covered_lines": 23, "num_statements": 23, "percent_covered": 100.0, "percent_covered_display": "100", "missing_lines": 0, "excluded_lines": 0, "percent_statements_covered": 100.0, "percent_statements_covered_display": "100"}, "missing_lines": [], "excluded_lines": [], "functions": {"AppConfig.__init__": {"executed_lines": [13, 14, 15, 16, 17, 18], "summary": {"covered_lines": 6, "num_statements": 6, "percent_covered": 100.0, "percent_covered_display": "100", "missing_lines": 0, "excluded_lines": 0, "percent_statements_covered": 100.0, "percent_statements_covered_display": "100"}, "missing_lines": [], "excluded_lines": [], "start_line": 12}, "AppConfig._load": {"executed_lines": [21, 22, 23, 24], "summary": {"covered_lines": 4, "num_statements": 4, "percent_covered": 100.0, "percent_covered_display": "100", "missing_lines": 0, "excluded_lines": 0, "percent_statements_covered": 100.0, "percent_statements_covered_display": "100"}, "missing_lines": [], "excluded_lines": [], "start_line": 20}, "AppConfig.save": {"executed_lines": [47, 48], "summary": {"covered_lines": 2, "num_statements": 2, "percent_covered": 100.0, "percent_covered_display": "100", "missing_lines": 0, "excluded_lines": 0, "percent_statements_covered": 100.0, "percent_statements_covered_display": "100"}, "missing_lines": [], "excluded_lines": [], "start_line": 46}, "AppConfig.get": {"executed_lines": [51], "summary": {"covered_lines": 1, "num_statements": 1, "percent_covered": 100.0, "percent_covered_display": "100", "missing_lines": 0, "excluded_lines": 0, "percent_statements_covered": 100.0, "percent_statements_covered_display": "100"}, "missing_lines": [], "excluded_lines": [], "start_line": 50}, "AppConfig.set": {"executed_lines": [54, 55], "summary": {"covered_lines": 2, "num_statements": 2, "percent_covered": 100.0, "percent_covered_display": "100", "missing_lines": 0, "excluded_lines": 0, "percent_statements_covered": 100.0, "percent_statements_covered_display": "100"}, "missing_lines": [], "excluded_lines": [], "start_line": 53}, "": {"executed_lines": [5, 6, 9, 12, 20, 46, 50, 53], "summary": {"covered_lines": 8, "num_statements": 8, "percent_covered": 100.0, "percent_covered_display": "100", "missing_lines": 0, "excluded_lines": 0, "percent_statements_covered": 100.0, "percent_statements_covered_display": "100"}, "missing_lines": [], "excluded_lines": [], "start_line": 1}}, "classes": {"AppConfig": {"executed_lines": [13, 14, 15, 16, 17, 18, 21, 22, 23, 24, 47, 48, 51, 54, 55], "summary": {"covered_lines": 15, "num_statements": 15, "percent_covered": 100.0, "percent_covered_display": "100", "missing_lines": 0, "excluded_lines": 0, "percent_statements_covered": 100.0, "percent_statements_covered_display": "100"}, "missing_lines": [], "excluded_lines": [], "start_line": 9}, "": {"executed_lines": [5, 6, 9, 12, 20, 46, 50, 53], "summary": {"covered_lines": 8, "num_statements": 8, "percent_covered": 100.0, "percent_covered_display": "100", "missing_lines": 0, "excluded_lines": 0, "percent_statements_covered": 100.0, "percent_statements_covered_display": "100"}, "missing_lines": [], "excluded_lines": [], "start_line": 1}}}, "app\\design_tokens.py": {"executed_lines": [8, 12, 44, 54, 63, 77, 88, 99, 109, 116], "summary": {"covered_lines": 10, "num_statements": 10, "percent_covered": 100.0, "percent_covered_display": "100", "missing_lines": 0, "excluded_lines": 0, "percent_statements_covered": 100.0, "percent_statements_covered_display": "100"}, "missing_lines": [], "excluded_lines": [], "functions": {"": {"executed_lines": [8, 12, 44, 54, 63, 77, 88, 99, 109, 116], "summary": {"covered_lines": 10, "num_statements": 10, "percent_covered": 100.0, "percent_covered_display": "100", "missing_lines": 0, "excluded_lines": 0, "percent_statements_covered": 100.0, "percent_statements_covered_display": "100"}, "missing_lines": [], "excluded_lines": [], "start_line": 1}}, "classes": {"DesignTokens": {"executed_lines": [], "summary": {"covered_lines": 0, "num_statements": 0, "percent_covered": 100.0, "percent_covered_display": "100", "missing_lines": 0, "excluded_lines": 0, "percent_statements_covered": 100.0, "percent_statements_covered_display": "100"}, "missing_lines": [], "excluded_lines": [], "start_line": 8}, "": {"executed_lines": [8, 12, 44, 54, 63, 77, 88, 99, 109, 116], "summary": {"covered_lines": 10, "num_statements": 10, "percent_covered": 100.0, "percent_covered_display": "100", "missing_lines": 0, "excluded_lines": 0, "percent_statements_covered": 100.0, "percent_statements_covered_display": "100"}, "missing_lines": [], "excluded_lines": [], "start_line": 1}}}, "app\\diagnostic_logger.py": {"executed_lines": [6, 7, 8, 9, 10, 11, 12, 13, 14, 17, 18, 21, 29, 30, 32, 33, 34, 35, 36, 37, 38, 41, 48, 49, 51, 53, 54, 57, 68, 70, 81, 82, 84, 93, 95, 97, 104, 107, 109, 112, 113, 114, 118, 120, 121, 123, 124, 125, 127, 128, 132, 133, 139, 174, 187, 193, 198, 203, 207, 216, 279, 283, 286, 287, 288, 289, 294], "summary": {"covered_lines": 67, "num_statements": 179, "percent_covered": 37.43016759776536, "percent_covered_display": "37", "missing_lines": 112, "excluded_lines": 0, "percent_statements_covered": 37.43016759776536, "percent_statements_covered_display": "37"}, "missing_lines": [58, 59, 60, 61, 62, 63, 64, 65, 66, 98, 105, 110, 115, 116, 122, 126, 129, 130, 131, 135, 144, 145, 146, 148, 157, 163, 176, 177, 178, 179, 180, 181, 182, 184, 185, 189, 195, 200, 205, 210, 218, 220, 221, 222, 223, 224, 225, 226, 228, 229, 230, 231, 232, 233, 234, 236, 237, 239, 240, 241, 242, 243, 245, 246, 247, 249, 250, 251, 252, 253, 254, 255, 256, 257, 258, 259, 260, 261, 262, 263, 264, 265, 266, 267, 268, 269, 270, 271, 273, 274, 275, 277, 280, 296, 297, 298, 299, 300, 303, 304, 305, 307, 308, 309, 310, 312, 319, 320, 321, 322, 329, 330], "excluded_lines": [], "functions": {"DiagnosticLogger.__init__": {"executed_lines": [33, 34, 35, 36, 37, 38, 41], "summary": {"covered_lines": 7, "num_statements": 7, "percent_covered": 100.0, "percent_covered_display": "100", "missing_lines": 0, "excluded_lines": 0, "percent_statements_covered": 100.0, "percent_statements_covered_display": "100"}, "missing_lines": [], "excluded_lines": [], "start_line": 32}, "DiagnosticLogger._generate_session_id": {"executed_lines": [49], "summary": {"covered_lines": 1, "num_statements": 1, "percent_covered": 100.0, "percent_covered_display": "100", "missing_lines": 0, "excluded_lines": 0, "percent_statements_covered": 100.0, "percent_statements_covered_display": "100"}, "missing_lines": [], "excluded_lines": [], "start_line": 48}, "DiagnosticLogger._get_log_file": {"executed_lines": [53, 54, 57, 68], "summary": {"covered_lines": 4, "num_statements": 13, "percent_covered": 30.76923076923077, "percent_covered_display": "31", "missing_lines": 9, "excluded_lines": 0, "percent_statements_covered": 30.76923076923077, "percent_statements_covered_display": "31"}, "missing_lines": [58, 59, 60, 61, 62, 63, 64, 65, 66], "excluded_lines": [], "start_line": 51}, "DiagnosticLogger.log": {"executed_lines": [81, 82, 84, 93, 95, 97, 104, 107, 109, 112, 113, 114], "summary": {"covered_lines": 12, "num_statements": 17, "percent_covered": 70.58823529411765, "percent_covered_display": "71", "missing_lines": 5, "excluded_lines": 0, "percent_statements_covered": 70.58823529411765, "percent_statements_covered_display": "71"}, "missing_lines": [98, 105, 110, 115, 116], "excluded_lines": [], "start_line": 70}, "DiagnosticLogger._truncate_data": {"executed_lines": [120, 121, 123, 124, 125, 127, 128, 132, 133], "summary": {"covered_lines": 9, "num_statements": 15, "percent_covered": 60.0, "percent_covered_display": "60", "missing_lines": 6, "excluded_lines": 0, "percent_statements_covered": 60.0, "percent_statements_covered_display": "60"}, "missing_lines": [122, 126, 129, 130, 131, 135], "excluded_lines": [], "start_line": 118}, "DiagnosticLogger.api_call": {"executed_lines": [], "summary": {"covered_lines": 0, "num_statements": 6, "percent_covered": 0.0, "percent_covered_display": "0", "missing_lines": 6, "excluded_lines": 0, "percent_statements_covered": 0.0, "percent_statements_covered_display": "0"}, "missing_lines": [144, 145, 146, 148, 157, 163], "excluded_lines": [], "start_line": 139}, "DiagnosticLogger.func_entry": {"executed_lines": [], "summary": {"covered_lines": 0, "num_statements": 9, "percent_covered": 0.0, "percent_covered_display": "0", "missing_lines": 9, "excluded_lines": 0, "percent_statements_covered": 0.0, "percent_statements_covered_display": "0"}, "missing_lines": [176, 177, 178, 179, 180, 181, 182, 184, 185], "excluded_lines": [], "start_line": 174}, "DiagnosticLogger.func_exit": {"executed_lines": [], "summary": {"covered_lines": 0, "num_statements": 1, "percent_covered": 0.0, "percent_covered_display": "0", "missing_lines": 1, "excluded_lines": 0, "percent_statements_covered": 0.0, "percent_statements_covered_display": "0"}, "missing_lines": [189], "excluded_lines": [], "start_line": 187}, "DiagnosticLogger.chapter_event": {"executed_lines": [], "summary": {"covered_lines": 0, "num_statements": 1, "percent_covered": 0.0, "percent_covered_display": "0", "missing_lines": 1, "excluded_lines": 0, "percent_statements_covered": 0.0, "percent_statements_covered_display": "0"}, "missing_lines": [195], "excluded_lines": [], "start_line": 193}, "DiagnosticLogger.character_event": {"executed_lines": [], "summary": {"covered_lines": 0, "num_statements": 1, "percent_covered": 0.0, "percent_covered_display": "0", "missing_lines": 1, "excluded_lines": 0, "percent_statements_covered": 0.0, "percent_statements_covered_display": "0"}, "missing_lines": [200], "excluded_lines": [], "start_line": 198}, "DiagnosticLogger.memory_event": {"executed_lines": [], "summary": {"covered_lines": 0, "num_statements": 1, "percent_covered": 0.0, "percent_covered_display": "0", "missing_lines": 1, "excluded_lines": 0, "percent_statements_covered": 0.0, "percent_statements_covered_display": "0"}, "missing_lines": [205], "excluded_lines": [], "start_line": 203}, "DiagnosticLogger.generation_event": {"executed_lines": [], "summary": {"covered_lines": 0, "num_statements": 1, "percent_covered": 0.0, "percent_covered_display": "0", "missing_lines": 1, "excluded_lines": 0, "percent_statements_covered": 0.0, "percent_statements_covered_display": "0"}, "missing_lines": [210], "excluded_lines": [], "start_line": 207}, "DiagnosticLogger.export_recent": {"executed_lines": [], "summary": {"covered_lines": 0, "num_statements": 52, "percent_covered": 0.0, "percent_covered_display": "0", "missing_lines": 52, "excluded_lines": 0, "percent_statements_covered": 0.0, "percent_statements_covered_display": "0"}, "missing_lines": [218, 220, 221, 222, 223, 224, 225, 226, 228, 229, 230, 231, 232, 233, 234, 236, 237, 239, 240, 241, 242, 243, 245, 246, 247, 249, 250, 251, 252, 253, 254, 255, 256, 257, 258, 259, 260, 261, 262, 263, 264, 265, 266, 267, 268, 269, 270, 271, 273, 274, 275, 277], "excluded_lines": [], "start_line": 216}, "DiagnosticLogger.get_log_dir": {"executed_lines": [], "summary": {"covered_lines": 0, "num_statements": 1, "percent_covered": 0.0, "percent_covered_display": "0", "missing_lines": 1, "excluded_lines": 0, "percent_statements_covered": 0.0, "percent_statements_covered_display": "0"}, "missing_lines": [280], "excluded_lines": [], "start_line": 279}, "get_logger": {"executed_lines": [286, 287, 288, 289], "summary": {"covered_lines": 4, "num_statements": 4, "percent_covered": 100.0, "percent_covered_display": "100", "missing_lines": 0, "excluded_lines": 0, "percent_statements_covered": 100.0, "percent_statements_covered_display": "100"}, "missing_lines": [], "excluded_lines": [], "start_line": 283}, "trace_api": {"executed_lines": [], "summary": {"covered_lines": 0, "num_statements": 4, "percent_covered": 0.0, "percent_covered_display": "0", "missing_lines": 4, "excluded_lines": 0, "percent_statements_covered": 0.0, "percent_statements_covered_display": "0"}, "missing_lines": [296, 297, 298, 330], "excluded_lines": [], "start_line": 294}, "trace_api.wrapper": {"executed_lines": [], "summary": {"covered_lines": 0, "num_statements": 15, "percent_covered": 0.0, "percent_covered_display": "0", "missing_lines": 15, "excluded_lines": 0, "percent_statements_covered": 0.0, "percent_statements_covered_display": "0"}, "missing_lines": [299, 300, 303, 304, 305, 307, 308, 309, 310, 312, 319, 320, 321, 322, 329], "excluded_lines": [], "start_line": 298}, "": {"executed_lines": [6, 7, 8, 9, 10, 11, 12, 13, 14, 17, 18, 21, 29, 30, 32, 48, 51, 70, 118, 139, 174, 187, 193, 198, 203, 207, 216, 279, 283, 294], "summary": {"covered_lines": 30, "num_statements": 30, "percent_covered": 100.0, "percent_covered_display": "100", "missing_lines": 0, "excluded_lines": 0, "percent_statements_covered": 100.0, "percent_statements_covered_display": "100"}, "missing_lines": [], "excluded_lines": [], "start_line": 1}}, "classes": {"DiagnosticLogger": {"executed_lines": [33, 34, 35, 36, 37, 38, 41, 49, 53, 54, 57, 68, 81, 82, 84, 93, 95, 97, 104, 107, 109, 112, 113, 114, 120, 121, 123, 124, 125, 127, 128, 132, 133], "summary": {"covered_lines": 33, "num_statements": 126, "percent_covered": 26.19047619047619, "percent_covered_display": "26", "missing_lines": 93, "excluded_lines": 0, "percent_statements_covered": 26.19047619047619, "percent_statements_covered_display": "26"}, "missing_lines": [58, 59, 60, 61, 62, 63, 64, 65, 66, 98, 105, 110, 115, 116, 122, 126, 129, 130, 131, 135, 144, 145, 146, 148, 157, 163, 176, 177, 178, 179, 180, 181, 182, 184, 185, 189, 195, 200, 205, 210, 218, 220, 221, 222, 223, 224, 225, 226, 228, 229, 230, 231, 232, 233, 234, 236, 237, 239, 240, 241, 242, 243, 245, 246, 247, 249, 250, 251, 252, 253, 254, 255, 256, 257, 258, 259, 260, 261, 262, 263, 264, 265, 266, 267, 268, 269, 270, 271, 273, 274, 275, 277, 280], "excluded_lines": [], "start_line": 21}, "": {"executed_lines": [6, 7, 8, 9, 10, 11, 12, 13, 14, 17, 18, 21, 29, 30, 32, 48, 51, 70, 118, 139, 174, 187, 193, 198, 203, 207, 216, 279, 283, 286, 287, 288, 289, 294], "summary": {"covered_lines": 34, "num_statements": 53, "percent_covered": 64.15094339622641, "percent_covered_display": "64", "missing_lines": 19, "excluded_lines": 0, "percent_statements_covered": 64.15094339622641, "percent_statements_covered_display": "64"}, "missing_lines": [296, 297, 298, 299, 300, 303, 304, 305, 307, 308, 309, 310, 312, 319, 320, 321, 322, 329, 330], "excluded_lines": [], "start_line": 1}}}, "app\\fullscreen_writer.py": {"executed_lines": [5, 6, 7, 8, 9, 11, 12, 17, 18, 19, 22, 25, 58, 248, 277, 284, 300, 313, 346, 354, 360, 381, 386, 391, 396, 402, 418, 422, 426, 434, 438, 442, 446, 534, 557, 563, 570, 591, 664, 711, 721, 745, 802, 816, 830, 836, 841], "summary": {"covered_lines": 47, "num_statements": 463, "percent_covered": 10.151187904967603, "percent_covered_display": "10", "missing_lines": 416, "excluded_lines": 0, "percent_statements_covered": 10.151187904967603, "percent_statements_covered_display": "10"}, "missing_lines": [13, 14, 15, 27, 28, 29, 30, 31, 32, 35, 36, 37, 38, 39, 40, 43, 44, 47, 48, 49, 50, 52, 53, 56, 60, 63, 64, 65, 68, 69, 71, 74, 79, 80, 82, 85, 94, 95, 101, 102, 105, 106, 112, 114, 117, 122, 123, 126, 127, 130, 134, 135, 138, 139, 141, 148, 149, 154, 157, 158, 164, 165, 168, 184, 187, 201, 204, 205, 208, 214, 220, 225, 226, 227, 228, 229, 230, 231, 232, 233, 234, 236, 239, 240, 242, 244, 246, 250, 251, 252, 253, 256, 257, 258, 259, 262, 263, 264, 265, 266, 269, 270, 273, 274, 275, 279, 280, 282, 286, 287, 289, 290, 292, 293, 296, 297, 298, 302, 304, 305, 306, 309, 310, 311, 315, 316, 318, 319, 320, 322, 323, 324, 325, 327, 328, 329, 336, 337, 340, 341, 342, 344, 348, 350, 351, 352, 356, 357, 358, 362, 364, 367, 368, 371, 372, 374, 375, 376, 377, 378, 379, 383, 384, 388, 389, 393, 394, 398, 399, 400, 404, 406, 407, 408, 409, 410, 411, 412, 413, 414, 416, 420, 424, 428, 429, 430, 432, 436, 440, 444, 448, 449, 452, 453, 454, 456, 457, 459, 460, 461, 462, 463, 465, 466, 467, 468, 469, 470, 471, 473, 474, 477, 505, 508, 509, 510, 513, 515, 516, 517, 525, 526, 528, 529, 530, 532, 536, 537, 538, 540, 543, 545, 546, 548, 551, 554, 555, 559, 560, 561, 565, 566, 573, 574, 575, 576, 577, 578, 579, 581, 583, 584, 585, 586, 589, 593, 596, 598, 601, 602, 603, 604, 606, 607, 608, 609, 611, 612, 613, 614, 617, 618, 619, 620, 623, 624, 625, 626, 629, 630, 631, 632, 635, 636, 637, 638, 641, 642, 643, 644, 647, 648, 649, 650, 653, 654, 655, 656, 659, 660, 661, 662, 666, 668, 670, 672, 673, 674, 676, 677, 680, 681, 682, 684, 686, 687, 688, 689, 690, 691, 692, 694, 695, 696, 698, 699, 700, 703, 705, 706, 709, 713, 715, 716, 719, 723, 728, 729, 730, 731, 732, 733, 734, 735, 736, 737, 738, 740, 741, 742, 743, 747, 748, 749, 750, 751, 753, 754, 755, 757, 758, 759, 761, 762, 763, 764, 765, 766, 767, 769, 770, 771, 773, 774, 775, 776, 777, 778, 779, 781, 782, 784, 785, 786, 787, 788, 790, 791, 792, 793, 794, 796, 797, 798, 800, 804, 805, 806, 807, 808, 809, 810, 811, 812, 813, 814, 818, 819, 820, 821, 832, 833, 834, 838, 839, 843], "excluded_lines": [], "functions": {"FullscreenWriter.__init__": {"executed_lines": [], "summary": {"covered_lines": 0, "num_statements": 21, "percent_covered": 0.0, "percent_covered_display": "0", "missing_lines": 21, "excluded_lines": 0, "percent_statements_covered": 0.0, "percent_statements_covered_display": "0"}, "missing_lines": [27, 28, 29, 30, 31, 32, 35, 36, 37, 38, 39, 40, 43, 44, 47, 48, 49, 50, 52, 53, 56], "excluded_lines": [], "start_line": 25}, "FullscreenWriter._create_widgets": {"executed_lines": [], "summary": {"covered_lines": 0, "num_statements": 63, "percent_covered": 0.0, "percent_covered_display": "0", "missing_lines": 63, "excluded_lines": 0, "percent_statements_covered": 0.0, "percent_statements_covered_display": "0"}, "missing_lines": [60, 63, 64, 65, 68, 69, 71, 74, 79, 80, 82, 85, 94, 95, 101, 102, 105, 106, 112, 114, 117, 122, 123, 126, 127, 130, 134, 135, 138, 139, 141, 148, 149, 154, 157, 158, 164, 165, 168, 184, 187, 201, 204, 205, 208, 214, 220, 225, 226, 227, 228, 229, 230, 231, 232, 233, 234, 236, 239, 240, 242, 244, 246], "excluded_lines": [], "start_line": 58}, "FullscreenWriter._bind_events": {"executed_lines": [], "summary": {"covered_lines": 0, "num_statements": 18, "percent_covered": 0.0, "percent_covered_display": "0", "missing_lines": 18, "excluded_lines": 0, "percent_statements_covered": 0.0, "percent_statements_covered_display": "0"}, "missing_lines": [250, 251, 252, 253, 256, 257, 258, 259, 262, 263, 264, 265, 266, 269, 270, 273, 274, 275], "excluded_lines": [], "start_line": 248}, "FullscreenWriter._show_context_menu": {"executed_lines": [], "summary": {"covered_lines": 0, "num_statements": 3, "percent_covered": 0.0, "percent_covered_display": "0", "missing_lines": 3, "excluded_lines": 0, "percent_statements_covered": 0.0, "percent_statements_covered_display": "0"}, "missing_lines": [279, 280, 282], "excluded_lines": [], "start_line": 277}, "FullscreenWriter._on_key_release": {"executed_lines": [], "summary": {"covered_lines": 0, "num_statements": 9, "percent_covered": 0.0, "percent_covered_display": "0", "missing_lines": 9, "excluded_lines": 0, "percent_statements_covered": 0.0, "percent_statements_covered_display": "0"}, "missing_lines": [286, 287, 289, 290, 292, 293, 296, 297, 298], "excluded_lines": [], "start_line": 284}, "FullscreenWriter._on_tab": {"executed_lines": [], "summary": {"covered_lines": 0, "num_statements": 7, "percent_covered": 0.0, "percent_covered_display": "0", "missing_lines": 7, "excluded_lines": 0, "percent_statements_covered": 0.0, "percent_statements_covered_display": "0"}, "missing_lines": [302, 304, 305, 306, 309, 310, 311], "excluded_lines": [], "start_line": 300}, "FullscreenWriter._trigger_ai_suggestion": {"executed_lines": [], "summary": {"covered_lines": 0, "num_statements": 11, "percent_covered": 0.0, "percent_covered_display": "0", "missing_lines": 11, "excluded_lines": 0, "percent_statements_covered": 0.0, "percent_statements_covered_display": "0"}, "missing_lines": [315, 316, 318, 319, 320, 322, 323, 324, 325, 327, 344], "excluded_lines": [], "start_line": 313}, "FullscreenWriter._trigger_ai_suggestion.generate": {"executed_lines": [], "summary": {"covered_lines": 0, "num_statements": 7, "percent_covered": 0.0, "percent_covered_display": "0", "missing_lines": 7, "excluded_lines": 0, "percent_statements_covered": 0.0, "percent_statements_covered_display": "0"}, "missing_lines": [328, 329, 336, 337, 340, 341, 342], "excluded_lines": [], "start_line": 327}, "FullscreenWriter._show_suggestion": {"executed_lines": [], "summary": {"covered_lines": 0, "num_statements": 4, "percent_covered": 0.0, "percent_covered_display": "0", "missing_lines": 4, "excluded_lines": 0, "percent_statements_covered": 0.0, "percent_statements_covered_display": "0"}, "missing_lines": [348, 350, 351, 352], "excluded_lines": [], "start_line": 346}, "FullscreenWriter._clear_suggestion": {"executed_lines": [], "summary": {"covered_lines": 0, "num_statements": 3, "percent_covered": 0.0, "percent_covered_display": "0", "missing_lines": 3, "excluded_lines": 0, "percent_statements_covered": 0.0, "percent_statements_covered_display": "0"}, "missing_lines": [356, 357, 358], "excluded_lines": [], "start_line": 354}, "FullscreenWriter._center_current_line": {"executed_lines": [], "summary": {"covered_lines": 0, "num_statements": 12, "percent_covered": 0.0, "percent_covered_display": "0", "missing_lines": 12, "excluded_lines": 0, "percent_statements_covered": 0.0, "percent_statements_covered_display": "0"}, "missing_lines": [362, 364, 367, 368, 371, 372, 374, 375, 376, 377, 378, 379], "excluded_lines": [], "start_line": 360}, "FullscreenWriter._change_font_size": {"executed_lines": [], "summary": {"covered_lines": 0, "num_statements": 2, "percent_covered": 0.0, "percent_covered_display": "0", "missing_lines": 2, "excluded_lines": 0, "percent_statements_covered": 0.0, "percent_statements_covered_display": "0"}, "missing_lines": [383, 384], "excluded_lines": [], "start_line": 381}, "FullscreenWriter._toggle_ai": {"executed_lines": [], "summary": {"covered_lines": 0, "num_statements": 2, "percent_covered": 0.0, "percent_covered_display": "0", "missing_lines": 2, "excluded_lines": 0, "percent_statements_covered": 0.0, "percent_statements_covered_display": "0"}, "missing_lines": [388, 389], "excluded_lines": [], "start_line": 386}, "FullscreenWriter._toggle_typewriter": {"executed_lines": [], "summary": {"covered_lines": 0, "num_statements": 2, "percent_covered": 0.0, "percent_covered_display": "0", "missing_lines": 2, "excluded_lines": 0, "percent_statements_covered": 0.0, "percent_statements_covered_display": "0"}, "missing_lines": [393, 394], "excluded_lines": [], "start_line": 391}, "FullscreenWriter._update_status": {"executed_lines": [], "summary": {"covered_lines": 0, "num_statements": 3, "percent_covered": 0.0, "percent_covered_display": "0", "missing_lines": 3, "excluded_lines": 0, "percent_statements_covered": 0.0, "percent_statements_covered_display": "0"}, "missing_lines": [398, 399, 400], "excluded_lines": [], "start_line": 396}, "FullscreenWriter._update_paper_position": {"executed_lines": [], "summary": {"covered_lines": 0, "num_statements": 11, "percent_covered": 0.0, "percent_covered_display": "0", "missing_lines": 11, "excluded_lines": 0, "percent_statements_covered": 0.0, "percent_statements_covered_display": "0"}, "missing_lines": [404, 406, 407, 408, 409, 410, 411, 412, 413, 414, 416], "excluded_lines": [], "start_line": 402}, "FullscreenWriter._ai_expand": {"executed_lines": [], "summary": {"covered_lines": 0, "num_statements": 1, "percent_covered": 0.0, "percent_covered_display": "0", "missing_lines": 1, "excluded_lines": 0, "percent_statements_covered": 0.0, "percent_statements_covered_display": "0"}, "missing_lines": [420], "excluded_lines": [], "start_line": 418}, "FullscreenWriter._ai_compress": {"executed_lines": [], "summary": {"covered_lines": 0, "num_statements": 1, "percent_covered": 0.0, "percent_covered_display": "0", "missing_lines": 1, "excluded_lines": 0, "percent_statements_covered": 0.0, "percent_statements_covered_display": "0"}, "missing_lines": [424], "excluded_lines": [], "start_line": 422}, "FullscreenWriter._ai_continue": {"executed_lines": [], "summary": {"covered_lines": 0, "num_statements": 4, "percent_covered": 0.0, "percent_covered_display": "0", "missing_lines": 4, "excluded_lines": 0, "percent_statements_covered": 0.0, "percent_statements_covered_display": "0"}, "missing_lines": [428, 429, 430, 432], "excluded_lines": [], "start_line": 426}, "FullscreenWriter._ai_polish": {"executed_lines": [], "summary": {"covered_lines": 0, "num_statements": 1, "percent_covered": 0.0, "percent_covered_display": "0", "missing_lines": 1, "excluded_lines": 0, "percent_statements_covered": 0.0, "percent_statements_covered_display": "0"}, "missing_lines": [436], "excluded_lines": [], "start_line": 434}, "FullscreenWriter._ai_rewrite": {"executed_lines": [], "summary": {"covered_lines": 0, "num_statements": 1, "percent_covered": 0.0, "percent_covered_display": "0", "missing_lines": 1, "excluded_lines": 0, "percent_statements_covered": 0.0, "percent_statements_covered_display": "0"}, "missing_lines": [440], "excluded_lines": [], "start_line": 438}, "FullscreenWriter._ai_dialogue": {"executed_lines": [], "summary": {"covered_lines": 0, "num_statements": 1, "percent_covered": 0.0, "percent_covered_display": "0", "missing_lines": 1, "excluded_lines": 0, "percent_statements_covered": 0.0, "percent_statements_covered_display": "0"}, "missing_lines": [444], "excluded_lines": [], "start_line": 442}, "FullscreenWriter._ai_transform": {"executed_lines": [], "summary": {"covered_lines": 0, "num_statements": 29, "percent_covered": 0.0, "percent_covered_display": "0", "missing_lines": 29, "excluded_lines": 0, "percent_statements_covered": 0.0, "percent_statements_covered_display": "0"}, "missing_lines": [448, 449, 452, 453, 454, 456, 457, 459, 460, 461, 462, 463, 465, 466, 467, 468, 469, 470, 471, 473, 474, 477, 505, 508, 509, 510, 513, 515, 532], "excluded_lines": [], "start_line": 446}, "FullscreenWriter._ai_transform.generate": {"executed_lines": [], "summary": {"covered_lines": 0, "num_statements": 7, "percent_covered": 0.0, "percent_covered_display": "0", "missing_lines": 7, "excluded_lines": 0, "percent_statements_covered": 0.0, "percent_statements_covered_display": "0"}, "missing_lines": [516, 517, 525, 526, 528, 529, 530], "excluded_lines": [], "start_line": 515}, "FullscreenWriter._replace_selection": {"executed_lines": [], "summary": {"covered_lines": 0, "num_statements": 11, "percent_covered": 0.0, "percent_covered_display": "0", "missing_lines": 11, "excluded_lines": 0, "percent_statements_covered": 0.0, "percent_statements_covered_display": "0"}, "missing_lines": [536, 537, 538, 540, 543, 545, 546, 548, 551, 554, 555], "excluded_lines": [], "start_line": 534}, "FullscreenWriter._show_ai_status": {"executed_lines": [], "summary": {"covered_lines": 0, "num_statements": 3, "percent_covered": 0.0, "percent_covered_display": "0", "missing_lines": 3, "excluded_lines": 0, "percent_statements_covered": 0.0, "percent_statements_covered_display": "0"}, "missing_lines": [559, 560, 561], "excluded_lines": [], "start_line": 557}, "FullscreenWriter._hide_ai_status": {"executed_lines": [], "summary": {"covered_lines": 0, "num_statements": 2, "percent_covered": 0.0, "percent_covered_display": "0", "missing_lines": 2, "excluded_lines": 0, "percent_statements_covered": 0.0, "percent_statements_covered_display": "0"}, "missing_lines": [565, 566], "excluded_lines": [], "start_line": 563}, "FullscreenWriter._setup_markdown_highlighting": {"executed_lines": [], "summary": {"covered_lines": 0, "num_statements": 13, "percent_covered": 0.0, "percent_covered_display": "0", "missing_lines": 13, "excluded_lines": 0, "percent_statements_covered": 0.0, "percent_statements_covered_display": "0"}, "missing_lines": [573, 574, 575, 576, 577, 578, 579, 581, 583, 584, 585, 586, 589], "excluded_lines": [], "start_line": 570}, "FullscreenWriter._update_markdown_highlighting": {"executed_lines": [], "summary": {"covered_lines": 0, "num_statements": 47, "percent_covered": 0.0, "percent_covered_display": "0", "missing_lines": 47, "excluded_lines": 0, "percent_statements_covered": 0.0, "percent_statements_covered_display": "0"}, "missing_lines": [593, 596, 598, 601, 602, 603, 604, 606, 607, 608, 609, 611, 612, 613, 614, 617, 618, 619, 620, 623, 624, 625, 626, 629, 630, 631, 632, 635, 636, 637, 638, 641, 642, 643, 644, 647, 648, 649, 650, 653, 654, 655, 656, 659, 660, 661, 662], "excluded_lines": [], "start_line": 591}, "FullscreenWriter._insert_markdown": {"executed_lines": [], "summary": {"covered_lines": 0, "num_statements": 29, "percent_covered": 0.0, "percent_covered_display": "0", "missing_lines": 29, "excluded_lines": 0, "percent_statements_covered": 0.0, "percent_statements_covered_display": "0"}, "missing_lines": [666, 668, 670, 672, 673, 674, 676, 677, 680, 681, 682, 684, 686, 687, 688, 689, 690, 691, 692, 694, 695, 696, 698, 699, 700, 703, 705, 706, 709], "excluded_lines": [], "start_line": 664}, "FullscreenWriter._toggle_preview": {"executed_lines": [], "summary": {"covered_lines": 0, "num_statements": 4, "percent_covered": 0.0, "percent_covered_display": "0", "missing_lines": 4, "excluded_lines": 0, "percent_statements_covered": 0.0, "percent_statements_covered_display": "0"}, "missing_lines": [713, 715, 716, 719], "excluded_lines": [], "start_line": 711}, "FullscreenWriter._update_preview": {"executed_lines": [], "summary": {"covered_lines": 0, "num_statements": 16, "percent_covered": 0.0, "percent_covered_display": "0", "missing_lines": 16, "excluded_lines": 0, "percent_statements_covered": 0.0, "percent_statements_covered_display": "0"}, "missing_lines": [723, 728, 729, 730, 731, 732, 733, 734, 735, 736, 737, 738, 740, 741, 742, 743], "excluded_lines": [], "start_line": 721}, "FullscreenWriter._show_writer_settings": {"executed_lines": [], "summary": {"covered_lines": 0, "num_statements": 32, "percent_covered": 0.0, "percent_covered_display": "0", "missing_lines": 32, "excluded_lines": 0, "percent_statements_covered": 0.0, "percent_statements_covered_display": "0"}, "missing_lines": [747, 748, 749, 750, 751, 753, 754, 755, 757, 758, 759, 761, 762, 763, 764, 765, 766, 767, 769, 770, 771, 773, 774, 775, 776, 777, 778, 779, 781, 782, 784, 800], "excluded_lines": [], "start_line": 745}, "FullscreenWriter._show_writer_settings.apply": {"executed_lines": [], "summary": {"covered_lines": 0, "num_statements": 12, "percent_covered": 0.0, "percent_covered_display": "0", "missing_lines": 12, "excluded_lines": 0, "percent_statements_covered": 0.0, "percent_statements_covered_display": "0"}, "missing_lines": [785, 786, 787, 788, 790, 791, 792, 793, 794, 796, 797, 798], "excluded_lines": [], "start_line": 784}, "FullscreenWriter._load_writer_settings": {"executed_lines": [], "summary": {"covered_lines": 0, "num_statements": 11, "percent_covered": 0.0, "percent_covered_display": "0", "missing_lines": 11, "excluded_lines": 0, "percent_statements_covered": 0.0, "percent_statements_covered_display": "0"}, "missing_lines": [804, 805, 806, 807, 808, 809, 810, 811, 812, 813, 814], "excluded_lines": [], "start_line": 802}, "FullscreenWriter._save_writer_settings": {"executed_lines": [], "summary": {"covered_lines": 0, "num_statements": 4, "percent_covered": 0.0, "percent_covered_display": "0", "missing_lines": 4, "excluded_lines": 0, "percent_statements_covered": 0.0, "percent_statements_covered_display": "0"}, "missing_lines": [818, 819, 820, 821], "excluded_lines": [], "start_line": 816}, "FullscreenWriter._save": {"executed_lines": [], "summary": {"covered_lines": 0, "num_statements": 3, "percent_covered": 0.0, "percent_covered_display": "0", "missing_lines": 3, "excluded_lines": 0, "percent_statements_covered": 0.0, "percent_statements_covered_display": "0"}, "missing_lines": [832, 833, 834], "excluded_lines": [], "start_line": 830}, "FullscreenWriter._exit_fullscreen": {"executed_lines": [], "summary": {"covered_lines": 0, "num_statements": 2, "percent_covered": 0.0, "percent_covered_display": "0", "missing_lines": 2, "excluded_lines": 0, "percent_statements_covered": 0.0, "percent_statements_covered_display": "0"}, "missing_lines": [838, 839], "excluded_lines": [], "start_line": 836}, "FullscreenWriter.get_content": {"executed_lines": [], "summary": {"covered_lines": 0, "num_statements": 1, "percent_covered": 0.0, "percent_covered_display": "0", "missing_lines": 1, "excluded_lines": 0, "percent_statements_covered": 0.0, "percent_statements_covered_display": "0"}, "missing_lines": [843], "excluded_lines": [], "start_line": 841}, "": {"executed_lines": [5, 6, 7, 8, 9, 11, 12, 17, 18, 19, 22, 25, 58, 248, 277, 284, 300, 313, 346, 354, 360, 381, 386, 391, 396, 402, 418, 422, 426, 434, 438, 442, 446, 534, 557, 563, 570, 591, 664, 711, 721, 745, 802, 816, 830, 836, 841], "summary": {"covered_lines": 47, "num_statements": 50, "percent_covered": 94.0, "percent_covered_display": "94", "missing_lines": 3, "excluded_lines": 0, "percent_statements_covered": 94.0, "percent_statements_covered_display": "94"}, "missing_lines": [13, 14, 15], "excluded_lines": [], "start_line": 1}}, "classes": {"FullscreenWriter": {"executed_lines": [], "summary": {"covered_lines": 0, "num_statements": 413, "percent_covered": 0.0, "percent_covered_display": "0", "missing_lines": 413, "excluded_lines": 0, "percent_statements_covered": 0.0, "percent_statements_covered_display": "0"}, "missing_lines": [27, 28, 29, 30, 31, 32, 35, 36, 37, 38, 39, 40, 43, 44, 47, 48, 49, 50, 52, 53, 56, 60, 63, 64, 65, 68, 69, 71, 74, 79, 80, 82, 85, 94, 95, 101, 102, 105, 106, 112, 114, 117, 122, 123, 126, 127, 130, 134, 135, 138, 139, 141, 148, 149, 154, 157, 158, 164, 165, 168, 184, 187, 201, 204, 205, 208, 214, 220, 225, 226, 227, 228, 229, 230, 231, 232, 233, 234, 236, 239, 240, 242, 244, 246, 250, 251, 252, 253, 256, 257, 258, 259, 262, 263, 264, 265, 266, 269, 270, 273, 274, 275, 279, 280, 282, 286, 287, 289, 290, 292, 293, 296, 297, 298, 302, 304, 305, 306, 309, 310, 311, 315, 316, 318, 319, 320, 322, 323, 324, 325, 327, 328, 329, 336, 337, 340, 341, 342, 344, 348, 350, 351, 352, 356, 357, 358, 362, 364, 367, 368, 371, 372, 374, 375, 376, 377, 378, 379, 383, 384, 388, 389, 393, 394, 398, 399, 400, 404, 406, 407, 408, 409, 410, 411, 412, 413, 414, 416, 420, 424, 428, 429, 430, 432, 436, 440, 444, 448, 449, 452, 453, 454, 456, 457, 459, 460, 461, 462, 463, 465, 466, 467, 468, 469, 470, 471, 473, 474, 477, 505, 508, 509, 510, 513, 515, 516, 517, 525, 526, 528, 529, 530, 532, 536, 537, 538, 540, 543, 545, 546, 548, 551, 554, 555, 559, 560, 561, 565, 566, 573, 574, 575, 576, 577, 578, 579, 581, 583, 584, 585, 586, 589, 593, 596, 598, 601, 602, 603, 604, 606, 607, 608, 609, 611, 612, 613, 614, 617, 618, 619, 620, 623, 624, 625, 626, 629, 630, 631, 632, 635, 636, 637, 638, 641, 642, 643, 644, 647, 648, 649, 650, 653, 654, 655, 656, 659, 660, 661, 662, 666, 668, 670, 672, 673, 674, 676, 677, 680, 681, 682, 684, 686, 687, 688, 689, 690, 691, 692, 694, 695, 696, 698, 699, 700, 703, 705, 706, 709, 713, 715, 716, 719, 723, 728, 729, 730, 731, 732, 733, 734, 735, 736, 737, 738, 740, 741, 742, 743, 747, 748, 749, 750, 751, 753, 754, 755, 757, 758, 759, 761, 762, 763, 764, 765, 766, 767, 769, 770, 771, 773, 774, 775, 776, 777, 778, 779, 781, 782, 784, 785, 786, 787, 788, 790, 791, 792, 793, 794, 796, 797, 798, 800, 804, 805, 806, 807, 808, 809, 810, 811, 812, 813, 814, 818, 819, 820, 821, 832, 833, 834, 838, 839, 843], "excluded_lines": [], "start_line": 22}, "": {"executed_lines": [5, 6, 7, 8, 9, 11, 12, 17, 18, 19, 22, 25, 58, 248, 277, 284, 300, 313, 346, 354, 360, 381, 386, 391, 396, 402, 418, 422, 426, 434, 438, 442, 446, 534, 557, 563, 570, 591, 664, 711, 721, 745, 802, 816, 830, 836, 841], "summary": {"covered_lines": 47, "num_statements": 50, "percent_covered": 94.0, "percent_covered_display": "94", "missing_lines": 3, "excluded_lines": 0, "percent_statements_covered": 94.0, "percent_statements_covered_display": "94"}, "missing_lines": [13, 14, 15], "excluded_lines": [], "start_line": 1}}}, "app\\image_generator.py": {"executed_lines": [5, 6, 7, 9, 10, 15, 17, 20, 23, 24, 26, 27, 28, 30, 32, 34, 36, 38, 40, 116, 141], "summary": {"covered_lines": 21, "num_statements": 66, "percent_covered": 31.818181818181817, "percent_covered_display": "32", "missing_lines": 45, "excluded_lines": 0, "percent_statements_covered": 31.818181818181817, "percent_statements_covered_display": "32"}, "missing_lines": [11, 12, 13, 35, 37, 42, 43, 44, 47, 90, 91, 92, 95, 96, 97, 98, 99, 100, 101, 102, 103, 104, 109, 111, 112, 113, 114, 118, 119, 120, 122, 131, 133, 134, 135, 136, 137, 138, 139, 143, 144, 145, 146, 147, 148], "excluded_lines": [], "functions": {"ImageGenerator.__init__": {"executed_lines": [24], "summary": {"covered_lines": 1, "num_statements": 1, "percent_covered": 100.0, "percent_covered_display": "100", "missing_lines": 0, "excluded_lines": 0, "percent_statements_covered": 100.0, "percent_statements_covered_display": "100"}, "missing_lines": [], "excluded_lines": [], "start_line": 23}, "ImageGenerator.is_configured": {"executed_lines": [27, 28], "summary": {"covered_lines": 2, "num_statements": 2, "percent_covered": 100.0, "percent_covered_display": "100", "missing_lines": 0, "excluded_lines": 0, "percent_statements_covered": 100.0, "percent_statements_covered_display": "100"}, "missing_lines": [], "excluded_lines": [], "start_line": 26}, "ImageGenerator.generate": {"executed_lines": [32, 34, 36, 38], "summary": {"covered_lines": 4, "num_statements": 6, "percent_covered": 66.66666666666667, "percent_covered_display": "67", "missing_lines": 2, "excluded_lines": 0, "percent_statements_covered": 66.66666666666667, "percent_statements_covered_display": "67"}, "missing_lines": [35, 37], "excluded_lines": [], "start_line": 30}, "ImageGenerator._generate_comfyui": {"executed_lines": [], "summary": {"covered_lines": 0, "num_statements": 22, "percent_covered": 0.0, "percent_covered_display": "0", "missing_lines": 22, "excluded_lines": 0, "percent_statements_covered": 0.0, "percent_statements_covered_display": "0"}, "missing_lines": [42, 43, 44, 47, 90, 91, 92, 95, 96, 97, 98, 99, 100, 101, 102, 103, 104, 109, 111, 112, 113, 114], "excluded_lines": [], "start_line": 40}, "ImageGenerator._generate_sdapi": {"executed_lines": [], "summary": {"covered_lines": 0, "num_statements": 12, "percent_covered": 0.0, "percent_covered_display": "0", "missing_lines": 12, "excluded_lines": 0, "percent_statements_covered": 0.0, "percent_statements_covered_display": "0"}, "missing_lines": [118, 119, 120, 122, 131, 133, 134, 135, 136, 137, 138, 139], "excluded_lines": [], "start_line": 116}, "ImageGenerator.save_image": {"executed_lines": [], "summary": {"covered_lines": 0, "num_statements": 6, "percent_covered": 0.0, "percent_covered_display": "0", "missing_lines": 6, "excluded_lines": 0, "percent_statements_covered": 0.0, "percent_statements_covered_display": "0"}, "missing_lines": [143, 144, 145, 146, 147, 148], "excluded_lines": [], "start_line": 141}, "": {"executed_lines": [5, 6, 7, 9, 10, 15, 17, 20, 23, 26, 30, 40, 116, 141], "summary": {"covered_lines": 14, "num_statements": 17, "percent_covered": 82.3529411764706, "percent_covered_display": "82", "missing_lines": 3, "excluded_lines": 0, "percent_statements_covered": 82.3529411764706, "percent_statements_covered_display": "82"}, "missing_lines": [11, 12, 13], "excluded_lines": [], "start_line": 1}}, "classes": {"ImageGenerator": {"executed_lines": [24, 27, 28, 32, 34, 36, 38], "summary": {"covered_lines": 7, "num_statements": 49, "percent_covered": 14.285714285714286, "percent_covered_display": "14", "missing_lines": 42, "excluded_lines": 0, "percent_statements_covered": 14.285714285714286, "percent_statements_covered_display": "14"}, "missing_lines": [35, 37, 42, 43, 44, 47, 90, 91, 92, 95, 96, 97, 98, 99, 100, 101, 102, 103, 104, 109, 111, 112, 113, 114, 118, 119, 120, 122, 131, 133, 134, 135, 136, 137, 138, 139, 143, 144, 145, 146, 147, 148], "excluded_lines": [], "start_line": 20}, "": {"executed_lines": [5, 6, 7, 9, 10, 15, 17, 20, 23, 26, 30, 40, 116, 141], "summary": {"covered_lines": 14, "num_statements": 17, "percent_covered": 82.3529411764706, "percent_covered_display": "82", "missing_lines": 3, "excluded_lines": 0, "percent_statements_covered": 82.3529411764706, "percent_statements_covered_display": "82"}, "missing_lines": [11, 12, 13], "excluded_lines": [], "start_line": 1}}}, "app\\memory_manager.py": {"executed_lines": [5, 6, 7, 8, 9, 10, 12, 13, 19, 37, 39, 40, 41, 42, 45, 47, 48, 
[...]
summary": {"covered_lines": 2, "num_statements": 2, "percent_covered": 100.0, "percent_covered_display": "100", "missing_lines": 0, "excluded_lines": 0, "percent_statements_covered": 100.0, "percent_statements_covered_display": "100"}, "missing_lines": [], "excluded_lines": [], "start_line": 110}, "AntiSlopProcessor.check_text": {"executed_lines": [], "summary": {"covered_lines": 0, "num_statements": 23, "percent_covered": 0.0, "percent_covered_display": "0", "missing_lines": 23, "excluded_lines": 0, "percent_statements_covered": 0.0, "percent_statements_covered_display": "0"}, "missing_lines": [119, 127, 130, 131, 132, 133, 136, 137, 138, 139, 142, 143, 144, 145, 148, 149, 150, 151, 154, 155, 157, 158, 160], "excluded_lines": [], "start_line": 117}, "AntiSlopProcessor.fix_text": {"executed_lines": [], "summary": {"covered_lines": 0, "num_statements": 13, "percent_covered": 0.0, "percent_covered_display": "0", "missing_lines": 13, "excluded_lines": 0, "percent_statements_covered": 0.0, "percent_statements_covered_display": "0"}, "missing_lines": [164, 165, 168, 169, 171, 174, 175, 176, 177, 178, 180, 181, 183], "excluded_lines": [], "start_line": 162}, "AntiSlopProcessor.get_writing_tips": {"executed_lines": [], "summary": {"covered_lines": 0, "num_statements": 3, "percent_covered": 0.0, "percent_covered_display": "0", "missing_lines": 3, "excluded_lines": 0, "percent_statements_covered": 0.0, "percent_statements_covered_display": "0"}, "missing_lines": [188, 190, 391], "excluded_lines": [], "start_line": 185}, "KnowledgeGraph.__init__": {"executed_lines": [398, 399, 400], "summary": {"covered_lines": 3, "num_statements": 3, "percent_covered": 100.0, "percent_covered_display": "100", "missing_lines": 0, "excluded_lines": 0, "percent_statements_covered": 100.0, "percent_statements_covered_display": "100"}, "missing_lines": [], "excluded_lines": [], "start_line": 397}, "KnowledgeGraph.add_entity": {"executed_lines": [], "summary": {"covered_lines": 0, "num_statements": 1, "percent_covered": 0.0, "percent_covered_display": "0", "missing_lines": 1, "excluded_lines": 0, "percent_statements_covered": 0.0, "percent_statements_covered_display": "0"}, "missing_lines": [404], "excluded_lines": [], "start_line": 402}, "KnowledgeGraph.add_relation": {"executed_lines": [], "summary": {"covered_lines": 0, "num_statements": 1, "percent_covered": 0.0, "percent_covered_display": "0", "missing_lines": 1, "excluded_lines": 0, "percent_statements_covered": 0.0, "percent_statements_covered_display": "0"}, "missing_lines": [413], "excluded_lines": [], "start_line": 411}, "KnowledgeGraph.add_event": {"executed_lines": [], "summary": {"covered_lines": 0, "num_statements": 1, "percent_covered": 0.0, "percent_covered_display": "0", "missing_lines": 1, "excluded_lines": 0, "percent_statements_covered": 0.0, "percent_statements_covered_display": "0"}, "missing_lines": [423], "excluded_lines": [], "start_line": 421}, "KnowledgeGraph.get_character_relations": {"executed_lines": [], "summary": {"covered_lines": 0, "num_statements": 1, "percent_covered": 0.0, "percent_covered_display": "0", "missing_lines": 1, "excluded_lines": 0, "percent_statements_covered": 0.0, "percent_statements_covered_display": "0"}, "missing_lines": [433], "excluded_lines": [], "start_line": 431}, "KnowledgeGraph.get_character_events": {"executed_lines": [], "summary": {"covered_lines": 0, "num_statements": 1, "percent_covered": 0.0, "percent_covered_display": "0", "missing_lines": 1, "excluded_lines": 0, "percent_statements_covered": 0.0, "percent_statements_covered_display": "0"}, "missing_lines": [437], "excluded_lines": [], "start_line": 435}, "KnowledgeGraph.get_relation_chain": {"executed_lines": [], "summary": {"covered_lines": 0, "num_statements": 20, "percent_covered": 0.0, "percent_covered_display": "0", "missing_lines": 20, "excluded_lines": 0, "percent_statements_covered": 0.0, "percent_statements_covered_display": "0"}, "missing_lines": [442, 443, 445, 446, 448, 449, 451, 452, 454, 455, 456, 458, 459, 460, 461, 462, 463, 465, 466, 468], "excluded_lines": [], "start_line": 439}, "KnowledgeGraph.to_context_string": {"executed_lines": [], "summary": {"covered_lines": 0, "num_statements": 24, "percent_covered": 0.0, "percent_covered_display": "0", "missing_lines": 24, "excluded_lines": 0, "percent_statements_covered": 0.0, "percent_statements_covered_display": "0"}, "missing_lines": [472, 474, 476, 477, 478, 479, 480, 481, 484, 485, 486, 487, 488, 489, 492, 493, 494, 495, 496, 499, 502, 503, 504, 506], "excluded_lines": [], "start_line": 470}, "KnowledgeGraph.save": {"executed_lines": [], "summary": {"covered_lines": 0, "num_statements": 3, "percent_covered": 0.0, "percent_covered_display": "0", "missing_lines": 3, "excluded_lines": 0, "percent_statements_covered": 0.0, "percent_statements_covered_display": "0"}, "missing_lines": [510, 515, 516], "excluded_lines": [], "start_line": 508}, "KnowledgeGraph.load": {"executed_lines": [], "summary": {"covered_lines": 0, "num_statements": 8, "percent_covered": 0.0, "percent_covered_display": "0", "missing_lines": 8, "excluded_lines": 0, "percent_statements_covered": 0.0, "percent_statements_covered_display": "0"}, "missing_lines": [520, 521, 522, 523, 524, 525, 526, 527], "excluded_lines": [], "start_line": 518}, "TimeAwareMemory.__init__": {"executed_lines": [534, 535, 536], "summary": {"covered_lines": 3, "num_statements": 3, "percent_covered": 100.0, "percent_covered_display": "100", "missing_lines": 0, "excluded_lines": 0, "percent_statements_covered": 100.0, "percent_statements_covered_display": "100"}, "missing_lines": [], "excluded_lines": [], "start_line": 533}, "TimeAwareMemory.add_memory": {"executed_lines": [], "summary": {"covered_lines": 0, "num_statements": 4, "percent_covered": 0.0, "percent_covered_display": "0", "missing_lines": 4, "excluded_lines": 0, "percent_statements_covered": 0.0, "percent_statements_covered_display": "0"}, "missing_lines": [541, 552, 555, 556], "excluded_lines": [], "start_line": 538}, "TimeAwareMemory._cleanup": {"executed_lines": [], "summary": {"covered_lines": 0, "num_statements": 11, "percent_covered": 0.0, "percent_covered_display": "0", "missing_lines": 11, "excluded_lines": 0, "percent_statements_covered": 0.0, "percent_statements_covered_display": "0"}, "missing_lines": [560, 563, 564, 566, 567, 568, 571, 574, 575, 578, 579], "excluded_lines": [], "start_line": 558}, "TimeAwareMemory.query": {"executed_lines": [], "summary": {"covered_lines": 0, "num_statements": 13, "percent_covered": 0.0, "percent_covered_display": "0", "missing_lines": 13, "excluded_lines": 0, "percent_statements_covered": 0.0, "percent_statements_covered_display": "0"}, "missing_lines": [584, 586, 588, 589, 592, 593, 596, 597, 600, 601, 603, 606, 607], "excluded_lines": [], "start_line": 581}, "TimeAwareMemory.get_recent": {"executed_lines": [], "summary": {"covered_lines": 0, "num_statements": 2, "percent_covered": 0.0, "percent_covered_display": "0", "missing_lines": 2, "excluded_lines": 0, "percent_statements_covered": 0.0, "percent_statements_covered_display": "0"}, "missing_lines": [611, 612], "excluded_lines": [], "start_line": 609}, "TimeAwareMemory.get_context_string": {"executed_lines": [], "summary": {"covered_lines": 0, "num_statements": 7, "percent_covered": 0.0, "percent_covered_display": "0", "missing_lines": 7, "excluded_lines": 0, "percent_statements_covered": 0.0, "percent_statements_covered_display": "0"}, "missing_lines": [616, 618, 619, 621, 622, 623, 625], "excluded_lines": [], "start_line": 614}, "TimeAwareMemory.save": {"executed_lines": [], "summary": {"covered_lines": 0, "num_statements": 2, "percent_covered": 0.0, "percent_covered_display": "0", "missing_lines": 2, "excluded_lines": 0, "percent_statements_covered": 0.0, "percent_statements_covered_display": "0"}, "missing_lines": [629, 630], "excluded_lines": [], "start_line": 627}, "TimeAwareMemory.load": {"executed_lines": [], "summary": {"covered_lines": 0, "num_statements": 7, "percent_covered": 0.0, "percent_covered_display": "0", "missing_lines": 7, "excluded_lines": 0, "percent_statements_covered": 0.0, "percent_statements_covered_display": "0"}, "missing_lines": [634, 635, 636, 637, 638, 639, 640], "excluded_lines": [], "start_line": 632}, "WritingSkillManager.__init__": {"executed_lines": [647, 648, 649, 650, 651], "summary": {"covered_lines": 5, "num_statements": 5, "percent_covered": 100.0, "percent_covered_display": "100", "missing_lines": 0, "excluded_lines": 0, "percent_statements_covered": 100.0, "percent_statements_covered_display": "100"}, "missing_lines": [], "excluded_lines": [], "start_line": 646}, "WritingSkillManager.analyze_and_improve": {"executed_lines": [], "summary": {"covered_lines": 0, "num_statements": 12, "percent_covered": 0.0, "percent_covered_display": "0", "missing_lines": 12, "excluded_lines": 0, "percent_statements_covered": 0.0, "percent_statements_covered_display": "0"}, "missing_lines": [655, 658, 659, 660, 661, 662, 663, 664, 665, 668, 669, 671], "excluded_lines": [], "start_line": 653}, "WritingSkillManager.get_writing_context": {"executed_lines": [], "summary": {"covered_lines": 0, "num_statements": 9, "percent_covered": 0.0, "percent_covered_display": "0", "missing_lines": 9, "excluded_lines": 0, "percent_statements_covered": 0.0, "percent_statements_covered_display": "0"}, "missing_lines": [675, 678, 681, 682, 683, 686, 687, 688, 690], "excluded_lines": [], "start_line": 673}, "WritingSkillManager.learn_from_chapter": {"executed_lines": [], "summary": {"covered_lines": 0, "num_statements": 17, "percent_covered": 0.0, "percent_covered_display": "0", "missing_lines": 17, "excluded_lines": 0, "percent_statements_covered": 0.0, "percent_statements_covered_display": "0"}, "missing_lines": [696, 699, 700, 703, 712, 713, 714, 715, 719, 720, 721, 722, 723, 725, 726, 727, 728], "excluded_lines": [], "start_line": 692}, "WritingSkillManager.save_all": {"executed_lines": [], "summary": {"covered_lines": 0, "num_statements": 6, "percent_covered": 0.0, "percent_covered_display": "0", "missing_lines": 6, "excluded_lines": 0, "percent_statements_covered": 0.0, "percent_statements_covered_display": "0"}, "missing_lines": [732, 733, 735, 736, 739, 740], "excluded_lines": [], "start_line": 730}, "WritingSkillManager.load_all": {"executed_lines": [], "summary": {"covered_lines": 0, "num_statements": 21, "percent_covered": 0.0, "percent_covered_display": "0", "missing_lines": 21, "excluded_lines": 0, "percent_statements_covered": 0.0, "percent_statements_covered_display": "0"}, "missing_lines": [751, 753, 754, 755, 757, 758, 759, 761, 762, 763, 764, 765, 766, 767, 768, 769, 770, 771, 772, 773, 774], "excluded_lines": [], "start_line": 749}, "": {"executed_lines": [11, 12, 13, 14, 15, 16, 19, 20, 23, 24, 25, 26, 27, 30, 32, 43, 103, 106, 110, 117, 162, 185, 394, 397, 402, 411, 421, 431, 435, 439, 470, 508, 518, 530, 533, 538, 558, 581, 609, 614, 627, 632, 643, 646, 653, 673, 692, 730, 749, 778], "summary": {"covered_lines": 50, "num_statements": 50, "percent_covered": 100.0, "percent_covered_display": "100", "missing_lines": 0, "excluded_lines": 0, "percent_statements_covered": 100.0, "percent_statements_covered_display": "100"}, "missing_lines": [], "excluded_lines": [], "start_line": 1}}, "classes": {"WritingStyleConfig": {"executed_lines": [34], "summary": {"covered_lines": 1, "num_statements": 1, "percent_covered": 100.0, "percent_covered_display": "100", "missing_lines": 0, "excluded_lines": 0, "percent_statements_covered": 100.0, "percent_statements_covered_display": "100"}, "missing_lines": [], "excluded_lines": [], "start_line": 20}, "AntiSlopProcessor": {"executed_lines": [107, 108, 112, 115], "summary": {"covered_lines": 4, "num_statements": 43, "percent_covered": 9.30232558139535, "percent_covered_display": "9", "missing_lines": 39, "excluded_lines": 0, "percent_statements_covered": 9.30232558139535, "percent_statements_covered_display": "9"}, "missing_lines": [119, 127, 130, 131, 132, 133, 136, 137, 138, 139, 142, 143, 144, 145, 148, 149, 150, 151, 154, 155, 157, 158, 160, 164, 165, 168, 169, 171, 174, 175, 176, 177, 178, 180, 181, 183, 188, 190, 391], "excluded_lines": [], "start_line": 103}, "KnowledgeGraph": {"executed_lines": [398, 399, 400], "summary": {"covered_lines": 3, "num_statements": 63, "percent_covered": 4.761904761904762, "percent_covered_display": "5", "missing_lines": 60, "excluded_lines": 0, "percent_statements_covered": 4.761904761904762, "percent_statements_covered_display": "5"}, "missing_lines": [404, 413, 423, 433, 437, 442, 443, 445, 446, 448, 449, 451, 452, 454, 455, 456, 458, 459, 460, 461, 462, 463, 465, 466, 468, 472, 474, 476, 477, 478, 479, 480, 481, 484, 485, 486, 487, 488, 489, 492, 493, 494, 495, 496, 499, 502, 503, 504, 506, 510, 515, 516, 520, 521, 522, 523, 524, 525, 526, 527], "excluded_lines": [], "start_line": 394}, "TimeAwareMemory": {"executed_lines": [534, 535, 536], "summary": {"covered_lines": 3, "num_statements": 49, "percent_covered": 6.122448979591836, "percent_covered_display": "6", "missing_lines": 46, "excluded_lines": 0, "percent_statements_covered": 6.122448979591836, "percent_statements_covered_display": "6"}, "missing_lines": [541, 552, 555, 556, 560, 563, 564, 566, 567, 568, 571, 574, 575, 578, 579, 584, 586, 588, 589, 592, 593, 596, 597, 600, 601, 603, 606, 607, 611, 612, 616, 618, 619, 621, 622, 623, 625, 629, 630, 634, 635, 636, 637, 638, 639, 640], "excluded_lines": [], "start_line": 530}, "WritingSkillManager": {"executed_lines": [647, 648, 649, 650, 651], "summary": {"covered_lines": 5, "num_statements": 70, "percent_covered": 7.142857142857143, "percent_covered_display": "7", "missing_lines": 65, "excluded_lines": 0, "percent_statements_covered": 7.142857142857143, "percent_statements_covered_display": "7"}, "missing_lines": [655, 658, 659, 660, 661, 662, 663, 664, 665, 668, 669, 671, 675, 678, 681, 682, 683, 686, 687, 688, 690, 696, 699, 700, 703, 712, 713, 714, 715, 719, 720, 721, 722, 723, 725, 726, 727, 728, 732, 733, 735, 736, 739, 740, 751, 753, 754, 755, 757, 758, 759, 761, 762, 763, 764, 765, 766, 767, 768, 769, 770, 771, 772, 773, 774], "excluded_lines": [], "start_line": 643}, "": {"executed_lines": [11, 12, 13, 14, 15, 16, 19, 20, 23, 24, 25, 26, 27, 30, 32, 43, 103, 106, 110, 117, 162, 185, 394, 397, 402, 411, 421, 431, 435, 439, 470, 508, 518, 530, 533, 538, 558, 581, 609, 614, 627, 632, 643, 646, 653, 673, 692, 730, 749, 778], "summary": {"covered_lines": 50, "num_statements": 50, "percent_covered": 100.0, "percent_covered_display": "100", "missing_lines": 0, "excluded_lines": 0, "percent_statements_covered": 100.0, "percent_statements_covered_display": "100"}, "missing_lines": [], "excluded_lines": [], "start_line": 1}}}, "app\\writing_skills_panel.py": {"executed_lines": [], "summary": {"covered_lines": 0, "num_statements": 101, "percent_covered": 0.0, "percent_covered_display": "0", "missing_lines": 101, "excluded_lines": 2, "percent_statements_covered": 0.0, "percent_statements_covered_display": "0"}, "missing_lines": [5, 6, 7, 13, 16, 18, 19, 22, 23, 26, 30, 31, 34, 42, 43, 44, 45, 47, 50, 53, 54, 55, 57, 61, 62, 64, 68, 72, 77, 78, 80, 83, 86, 87, 89, 91, 93, 97, 99, 100, 102, 104, 105, 106, 108, 109, 110, 112, 113, 114, 115, 117, 120, 121, 122, 123, 124, 127, 130, 131, 132, 133, 135, 137, 139, 140, 141, 143, 146, 147, 150, 151, 152, 153, 154, 156, 157, 159, 161, 162, 163, 165, 168, 169, 172, 173, 175, 176, 178, 180, 181, 182, 184, 187, 188, 189, 190, 191, 198, 199, 203], "excluded_lines": [9, 10], "functions": {"WritingSkillsPanelMixin._create_writing_skills_panel": {"executed_lines": [], "summary": {"covered_lines": 0, "num_statements": 32, "percent_covered": 0.0, "percent_covered_display": "0", "missing_lines": 32, "excluded_lines": 0, "percent_statements_covered": 0.0, "percent_statements_covered_display": "0"}, "missing_lines": [18, 19, 22, 23, 26, 30, 31, 34, 42, 43, 44, 45, 47, 50, 53, 54, 55, 57, 61, 62, 64, 68, 72, 77, 78, 80, 83, 86, 87, 89, 91, 93], "excluded_lines": [], "start_line": 16}, "WritingSkillsPanelMixin._on_style_change": {"executed_lines": [], "summary": {"covered_lines": 0, "num_statements": 2, "percent_covered": 0.0, "percent_covered_display": "0", "missing_lines": 2, "excluded_lines": 0, "percent_statements_covered": 0.0, "percent_statements_covered_display": "0"}, "missing_lines": [99, 100], "excluded_lines": [], "start_line": 97}, "WritingSkillsPanelMixin._analyze_current_chapter": {"executed_lines": [], "summary": {"covered_lines": 0, "num_statements": 22, "percent_covered": 0.0, "percent_covered_display": "0", "missing_lines": 22, "excluded_lines": 0, "percent_statements_covered": 0.0, "percent_statements_covered_display": "0"}, "missing_lines": [104, 105, 106, 108, 109, 110, 112, 113, 114, 115, 117, 120, 121, 122, 123, 124, 127, 130, 131, 132, 133, 135], "excluded_lines": [], "start_line": 102}, "WritingSkillsPanelMixin._apply_writing_style": {"executed_lines": [], "summary": {"covered_lines": 0, "num_statements": 13, "percent_covered": 0.0, "percent_covered_display": "0", "missing_lines": 13, "excluded_lines": 0, "percent_statements_covered": 0.0, "percent_statements_covered_display": "0"}, "missing_lines": [139, 140, 141, 143, 146, 147, 150, 151, 152, 153, 154, 156, 157], "excluded_lines": [], "start_line": 137}, "WritingSkillsPanelMixin._save_writing_config": {"executed_lines": [], "summary": {"covered_lines": 0, "num_statements": 10, "percent_covered": 0.0, "percent_covered_display": "0", "missing_lines": 10, "excluded_lines": 0, "percent_statements_covered": 0.0, "percent_statements_covered_display": "0"}, "missing_lines": [161, 162, 163, 165, 168, 169, 172, 173, 175, 176], "excluded_lines": [], "start_line": 159}, "WritingSkillsPanelMixin._update_knowledge_graph": {"executed_lines": [], "summary": {"covered_lines": 0, "num_statements": 12, "percent_covered": 0.0, "percent_covered_display": "0", "missing_lines": 12, "excluded_lines": 0, "percent_statements_covered": 0.0, "percent_statements_covered_display": "0"}, "missing_lines": [180, 181, 182, 184, 187, 188, 189, 190, 191, 198, 199, 203], "excluded_lines": [], "start_line": 178}, "": {"executed_lines": [], "summary": {"covered_lines": 0, "num_statements": 10, "percent_covered": 0.0, "percent_covered_display": "0", "missing_lines": 10, "excluded_lines": 2, "percent_statements_covered": 0.0, "percent_statements_covered_display": "0"}, "missing_lines": [5, 6, 7, 13, 16, 97, 102, 137, 159, 178], "excluded_lines": [9, 10], "start_line": 1}}, "classes": {"WritingSkillsPanelMixin": {"executed_lines": [], "summary": {"covered_lines": 0, "num_statements": 91, "percent_covered": 0.0, "percent_covered_display": "0", "missing_lines": 91, "excluded_lines": 0, "percent_statements_covered": 0.0, "percent_statements_covered_display": "0"}, "missing_lines": [18, 19, 22, 23, 26, 30, 31, 34, 42, 43, 44, 45, 47, 50, 53, 54, 55, 57, 61, 62, 64, 68, 72, 77, 78, 80, 83, 86, 87, 89, 91, 93, 99, 100, 104, 105, 106, 108, 109, 110, 112, 113, 114, 115, 117, 120, 121, 122, 123, 124, 127, 130, 131, 132, 133, 135, 139, 140, 141, 143, 146, 147, 150, 151, 152, 153, 154, 156, 157, 161, 162, 163, 165, 168, 169, 172, 173, 175, 176, 180, 181, 182, 184, 187, 188, 189, 190, 191, 198, 199, 203], "excluded_lines": [], "start_line": 13}, "": {"executed_lines": [], "summary": {"covered_lines": 0, "num_statements": 10, "percent_covered": 0.0, "percent_covered_display": "0", "missing_lines": 10, "excluded_lines": 2, "percent_statements_covered": 0.0, "percent_statements_covered_display": "0"}, "missing_lines": [5, 6, 7, 13, 16, 97, 102, 137, 159, 178], "excluded_lines": [9, 10], "start_line": 1}}}}, "totals": {"covered_lines": 1059, "num_statements": 5929, "percent_covered": 17.86135941980098, "percent_covered_display": "18", "missing_lines": 4870, "excluded_lines": 13, "percent_statements_covered": 17.86135941980098, "percent_statements_covered_display": "18"}}